<?xml version="1.0" encoding="utf-8"?>
<TestRun id="9d8e3a11-a16d-4298-8d8d-52cf7b18de3d" name="@MANLIKEGANGA 2026-04-16 17:44:31" xmlns="http://microsoft.com/schemas/VisualStudio/TeamTest/2010">
  <Times creation="2026-04-16T17:44:31.6753420+03:00" queuing="2026-04-16T17:44:31.6753420+03:00" start="2026-04-16T17:44:26.1933650+03:00" finish="2026-04-16T17:46:44.4612849+03:00" />
  <TestSettings name="default" id="3e5a4d92-41e0-4d78-824d-b7fc29583278">
    <Deployment runDeploymentRoot="_MANLIKEGANGA_2026-04-16_17_44_31" />
  </TestSettings>
  <Results>
    <UnitTestResult executionId="dcd1a82d-70cb-4c95-9c08-4ceb5dc05194" testId="a625f868-de46-9853-7b6c-c01f4aa7a459" testName="WoodenHousesAPI.Tests.Integration.SecurityTests.ContactSubmit_WithInjectionInName_Returns400NotServerError(maliciousInput: &quot;\&quot; OR \&quot;1\&quot;=\&quot;1&quot;)" computerName="MANLIKEGANGA" duration="00:00:00.0083346" startTime="2026-04-16T17:46:43.6123586+03:00" endTime="2026-04-16T17:46:43.6123588+03:00" testType="13cdc9d9-ddb5-4fa4-a97d-d965ccfc6d4b" outcome="Passed" testListId="8c84fa94-04c1-424b-9868-57a2d4851a1d" relativeResultsDirectory="dcd1a82d-70cb-4c95-9c08-4ceb5dc05194" />
    <UnitTestResult executionId="286e7707-7993-47fe-8afc-c02265a11aca" testId="234a4865-a890-ffe5-3177-cb831de1d315" testName="WoodenHousesAPI.Tests.Integration.PublicEndpointsTests.GetProjects_FilterFeatured_OnlyReturnsFeaturedProjects" computerName="MANLIKEGANGA" duration="00:00:00.0166565" startTime="2026-04-16T17:44:47.0062823+03:00" endTime="2026-04-16T17:44:47.0062825+03:00" testType="13cdc9d9-ddb5-4fa4-a97d-d965ccfc6d4b" outcome="Passed" testListId="8c84fa94-04c1-424b-9868-57a2d4851a1d" relativeResultsDirectory="286e7707-7993-47fe-8afc-c02265a11aca" />
    <UnitTestResult executionId="83defad9-7c45-40a0-b9b4-87d2f4ba1e2a" testId="e5d4afd8-63f0-871e-d602-2d89babc1fcf" testName="WoodenHousesAPI.Tests.Unit.FileServiceTests.Upload_ValidJpeg_ReturnsPublicUrl" computerName="MANLIKEGANGA" duration="00:00:00.2267038" startTime="2026-04-16T17:44:31.5460755+03:00" endTime="2026-04-16T17:44:31.5460756+03:00" testType="13cdc9d9-ddb5-4fa4-a97d-d965ccfc6d4b" outcome="Passed" testListId="8c84fa94-04c1-424b-9868-57a2d4851a1d" relativeResultsDirectory="83defad9-7c45-40a0-b9b4-87d2f4ba1e2a" />
    <UnitTestResult executionId="4c142ce6-f971-4833-84ec-bbd1c3d8e8cf" testId="e746bf44-f03f-7be1-86b3-c62835181bc8" testName="WoodenHousesAPI.Tests.Integration.PublicEndpointsTests.GetProjects_ReturnsPublishedProjects" computerName="MANLIKEGANGA" duration="00:00:00.0367437" startTime="2026-04-16T17:44:46.9888720+03:00" endTime="2026-04-16T17:44:46.9888721+03:00" testType="13cdc9d9-ddb5-4fa4-a97d-d965ccfc6d4b" outcome="Passed" testListId="8c84fa94-04c1-424b-9868-57a2d4851a1d" relativeResultsDirectory="4c142ce6-f971-4833-84ec-bbd1c3d8e8cf" />
    <UnitTestResult executionId="df9865af-9b4e-4eed-b2be-b1e66dc3f59f" testId="9f095217-3c76-0521-19df-0ac5f105dd2f" testName="WoodenHousesAPI.Tests.Integration.SecurityTests.Preflight_FromAllowedOrigin_Returns200WithCorsHeaders" computerName="MANLIKEGANGA" duration="00:00:00.0086627" startTime="2026-04-16T17:46:43.6790778+03:00" endTime="2026-04-16T17:46:43.6790779+03:00" testType="13cdc9d9-ddb5-4fa4-a97d-d965ccfc6d4b" outcome="Passed" testListId="8c84fa94-04c1-424b-9868-57a2d4851a1d" relativeResultsDirectory="df9865af-9b4e-4eed-b2be-b1e66dc3f59f" />
    <UnitTestResult executionId="f115d3b9-cb84-4add-b3e9-adab31c43b54" testId="55c3c840-c0a6-9c1b-6ec4-4cf58380612b" testName="WoodenHousesAPI.Tests.Unit.FileServiceTests.Upload_AllAllowedExtensions_Succeed(filename: &quot;photo.jpeg&quot;)" computerName="MANLIKEGANGA" duration="00:00:00.0269684" startTime="2026-04-16T17:44:31.1938498+03:00" endTime="2026-04-16T17:44:31.1938499+03:00" testType="13cdc9d9-ddb5-4fa4-a97d-d965ccfc6d4b" outcome="Passed" testListId="8c84fa94-04c1-424b-9868-57a2d4851a1d" relativeResultsDirectory="f115d3b9-cb84-4add-b3e9-adab31c43b54" />
    <UnitTestResult executionId="7a2c865e-9df7-4e70-a41d-c1e2fc37f177" testId="71c9ede7-390f-e406-ef68-0bba55eef17c" testName="WoodenHousesAPI.Tests.Unit.FileServiceTests.Upload_DisallowedExtension_Throws(filename: &quot;config.env&quot;)" computerName="MANLIKEGANGA" duration="00:00:00.0041357" startTime="2026-04-16T17:44:31.5745292+03:00" endTime="2026-04-16T17:44:31.5745293+03:00" testType="13cdc9d9-ddb5-4fa4-a97d-d965ccfc6d4b" outcome="Passed" testListId="8c84fa94-04c1-424b-9868-57a2d4851a1d" relativeResultsDirectory="7a2c865e-9df7-4e70-a41d-c1e2fc37f177" />
    <UnitTestResult executionId="e627d3a3-fbc6-469b-a5fb-c8506d06ecf3" testId="ed7ab9d8-1cec-d312-5c34-9c50a01717d5" testName="WoodenHousesAPI.Tests.Integration.QuotesControllerTests.CreateQuote_QuoteNumbersAreSequentialAndUnique" computerName="MANLIKEGANGA" duration="00:00:00.0253205" startTime="2026-04-16T17:46:43.5123606+03:00" endTime="2026-04-16T17:46:43.5123607+03:00" testType="13cdc9d9-ddb5-4fa4-a97d-d965ccfc6d4b" outcome="Passed" testListId="8c84fa94-04c1-424b-9868-57a2d4851a1d" relativeResultsDirectory="e627d3a3-fbc6-469b-a5fb-c8506d06ecf3" />
    <UnitTestResult executionId="88687197-51c4-4ba3-ae55-ea9bf1ff0e6d" testId="9c0bc727-ad16-04fe-cd1a-5f95230d8223" testName="WoodenHousesAPI.Tests.Integration.PublicEndpointsTests.GetProjectBySlug_ExistingSlug_Returns200" computerName="MANLIKEGANGA" duration="00:00:00.0202147" startTime="2026-04-16T17:44:47.0978076+03:00" endTime="2026-04-16T17:44:47.0978079+03:00" testType="13cdc9d9-ddb5-4fa4-a97d-d965ccfc6d4b" outcome="Passed" testListId="8c84fa94-04c1-424b-9868-57a2d4851a1d" relativeResultsDirectory="88687197-51c4-4ba3-ae55-ea9bf1ff0e6d" />
    <UnitTestResult executionId="e55a8720-d66a-44c7-b07b-fe9d5b1464ea" testId="f118dcb1-96b9-6cba-08ae-ecb4edbe30f8" testName="WoodenHousesAPI.Tests.Unit.FileServiceTests.Upload_FileTooLarge_Throws" computerName="MANLIKEGANGA" duration="00:00:00.0597090" startTime="2026-04-16T17:44:31.3073162+03:00" endTime="2026-04-16T17:44:31.3073164+03:00" testType="13cdc9d9-ddb5-4fa4-a97d-d965ccfc6d4b" outcome="Passed" testListId="8c84fa94-04c1-424b-9868-57a2d4851a1d" relativeResultsDirectory="e55a8720-d66a-44c7-b07b-fe9d5b1464ea" />
    <UnitTestResult executionId="0379d3ea-57c6-4fa1-b7d9-9cb2e8340b06" testId="0d325393-ed3a-b647-0c89-c534e7fc2dfe" testName="WoodenHousesAPI.Tests.Integration.ContactsControllerTests.PatchContact_UpdateStatus_Persists" computerName="MANLIKEGANGA" duration="00:00:00.0801096" startTime="2026-04-16T17:44:46.8484078+03:00" endTime="2026-04-16T17:44:46.8484081+03:00" testType="13cdc9d9-ddb5-4fa4-a97d-d965ccfc6d4b" outcome="Passed" testListId="8c84fa94-04c1-424b-9868-57a2d4851a1d" relativeResultsDirectory="0379d3ea-57c6-4fa1-b7d9-9cb2e8340b06" />
    <UnitTestResult executionId="48669160-ea71-4ff8-946c-515c3c222837" testId="abecd66e-88e7-fbed-0117-528578b0b013" testName="WoodenHousesAPI.Tests.Integration.ContactsControllerTests.SubmitContact_MissingRequiredName_Returns400" computerName="MANLIKEGANGA" duration="00:00:00.0083052" startTime="2026-04-16T17:44:46.7068803+03:00" endTime="2026-04-16T17:44:46.7068804+03:00" testType="13cdc9d9-ddb5-4fa4-a97d-d965ccfc6d4b" outcome="Passed" testListId="8c84fa94-04c1-424b-9868-57a2d4851a1d" relativeResultsDirectory="48669160-ea71-4ff8-946c-515c3c222837" />
    <UnitTestResult executionId="45597f62-3d25-45f1-9094-2ce7a4f943b6" testId="4ba0a067-eccd-5094-1924-ee6d0d1b1185" testName="WoodenHousesAPI.Tests.Integration.SecurityTests.EveryResponse_DoesNotLeakServerInfo(dangerousHeader: &quot;X-Powered-By&quot;)" computerName="MANLIKEGANGA" duration="00:00:00.0089463" startTime="2026-04-16T17:46:43.6510582+03:00" endTime="2026-04-16T17:46:43.6510583+03:00" testType="13cdc9d9-ddb5-4fa4-a97d-d965ccfc6d4b" outcome="Passed" testListId="8c84fa94-04c1-424b-9868-57a2d4851a1d" relativeResultsDirectory="45597f62-3d25-45f1-9094-2ce7a4f943b6" />
    <UnitTestResult executionId="29ce2abb-50c8-4bab-9df3-076b521017ae" testId="329b412c-5b7d-b06b-6aa2-d6fa2aabd734" testName="WoodenHousesAPI.Tests.Integration.ContactsControllerTests.GetContacts_Authenticated_ReturnsPagedList" computerName="MANLIKEGANGA" duration="00:00:00.0417272" startTime="2026-04-16T17:44:46.6205329+03:00" endTime="2026-04-16T17:44:46.6205331+03:00" testType="13cdc9d9-ddb5-4fa4-a97d-d965ccfc6d4b" outcome="Passed" testListId="8c84fa94-04c1-424b-9868-57a2d4851a1d" relativeResultsDirectory="29ce2abb-50c8-4bab-9df3-076b521017ae" />
    <UnitTestResult executionId="7c3b263f-c894-471f-9390-1c756e0f2676" testId="f66e4e4a-74a2-0a40-9a41-7cf696e8ab01" testName="WoodenHousesAPI.Tests.Integration.AuthControllerTests.Login_InvalidEmailFormat_Returns400" computerName="MANLIKEGANGA" duration="00:00:00.0279423" startTime="2026-04-16T17:44:45.8526018+03:00" endTime="2026-04-16T17:44:45.8526021+03:00" testType="13cdc9d9-ddb5-4fa4-a97d-d965ccfc6d4b" outcome="Passed" testListId="8c84fa94-04c1-424b-9868-57a2d4851a1d" relativeResultsDirectory="7c3b263f-c894-471f-9390-1c756e0f2676" />
    <UnitTestResult executionId="512e1430-9517-4273-b243-432261ace02b" testId="7e0ff517-805d-5678-a7f8-a8206ed426cc" testName="WoodenHousesAPI.Tests.Integration.PublicEndpointsTests.HealthCheck_Returns200" computerName="MANLIKEGANGA" duration="00:00:00.0165329" startTime="2026-04-16T17:44:47.0495103+03:00" endTime="2026-04-16T17:44:47.0495107+03:00" testType="13cdc9d9-ddb5-4fa4-a97d-d965ccfc6d4b" outcome="Passed" testListId="8c84fa94-04c1-424b-9868-57a2d4851a1d" relativeResultsDirectory="512e1430-9517-4273-b243-432261ace02b" />
    <UnitTestResult executionId="1018b672-8afc-447a-b355-dfbdef763ab0" testId="306f9419-1a62-6508-feab-2545c3425b84" testName="WoodenHousesAPI.Tests.Integration.AuthControllerTests.Me_WithNoSession_Returns401" computerName="MANLIKEGANGA" duration="00:00:00.0138636" startTime="2026-04-16T17:44:45.8237204+03:00" endTime="2026-04-16T17:44:45.8237205+03:00" testType="13cdc9d9-ddb5-4fa4-a97d-d965ccfc6d4b" outcome="Passed" testListId="8c84fa94-04c1-424b-9868-57a2d4851a1d" relativeResultsDirectory="1018b672-8afc-447a-b355-dfbdef763ab0" />
    <UnitTestResult executionId="8aac1521-27de-4492-a314-608b819691bc" testId="c27abb53-9bed-9b3a-ba80-07f76dbbdd8e" testName="WoodenHousesAPI.Tests.Unit.FileServiceTests.Delete_NullOrEmptyPath_DoesNotThrow" computerName="MANLIKEGANGA" duration="00:00:00.0173057" startTime="2026-04-16T17:44:31.6286926+03:00" endTime="2026-04-16T17:44:31.6286927+03:00" testType="13cdc9d9-ddb5-4fa4-a97d-d965ccfc6d4b" outcome="Passed" testListId="8c84fa94-04c1-424b-9868-57a2d4851a1d" relativeResultsDirectory="8aac1521-27de-4492-a314-608b819691bc" />
    <UnitTestResult executionId="92fedf8c-8193-4da2-b6e5-5f0da1547305" testId="02b4a2a0-2c58-50f1-3fa6-ecb780f5c28c" testName="WoodenHousesAPI.Tests.Integration.PublicEndpointsTests.AdminRoutes_WithoutAuth_Return401(method: &quot;GET&quot;, path: &quot;/api/admin/contacts&quot;)" computerName="MANLIKEGANGA" duration="00:00:00.0025136" startTime="2026-04-16T17:44:46.9072100+03:00" endTime="2026-04-16T17:44:46.9072100+03:00" testType="13cdc9d9-ddb5-4fa4-a97d-d965ccfc6d4b" outcome="Passed" testListId="8c84fa94-04c1-424b-9868-57a2d4851a1d" relativeResultsDirectory="92fedf8c-8193-4da2-b6e5-5f0da1547305" />
    <UnitTestResult executionId="2d1ec758-2153-48a2-9330-ec897e98c5c7" testId="0bfd1e1a-3ca2-ee71-db65-1385306e55c1" testName="WoodenHousesAPI.Tests.Integration.PublicEndpointsTests.AdminRoutes_WithoutAuth_Return401(method: &quot;GET&quot;, path: &quot;/api/admin/projects&quot;)" computerName="MANLIKEGANGA" duration="00:00:00.0036110" startTime="2026-04-16T17:44:46.9007999+03:00" endTime="2026-04-16T17:44:46.9008000+03:00" testType="13cdc9d9-ddb5-4fa4-a97d-d965ccfc6d4b" outcome="Passed" testListId="8c84fa94-04c1-424b-9868-57a2d4851a1d" relativeResultsDirectory="2d1ec758-2153-48a2-9330-ec897e98c5c7" />
    <UnitTestResult executionId="3bf56f6e-f877-4e81-9633-abe7dfb162ae" testId="cf6dc5c7-3f45-e8df-1766-2f01dda6b5b7" testName="WoodenHousesAPI.Tests.Integration.ContactsControllerTests.GetContacts_Unauthenticated_Returns401" computerName="MANLIKEGANGA" duration="00:00:00.0042051" startTime="2026-04-16T17:44:46.7687748+03:00" endTime="2026-04-16T17:44:46.7687750+03:00" testType="13cdc9d9-ddb5-4fa4-a97d-d965ccfc6d4b" outcome="Passed" testListId="8c84fa94-04c1-424b-9868-57a2d4851a1d" relativeResultsDirectory="3bf56f6e-f877-4e81-9633-abe7dfb162ae" />
    <UnitTestResult executionId="25222f59-b16f-4ab5-aafc-f570fd0eb568" testId="d1d3285e-8cbd-7dff-5dbe-f38616de116a" testName="WoodenHousesAPI.Tests.Integration.SecurityTests.EveryResponse_HasRequiredSecurityHeader(header: &quot;X-Frame-Options&quot;, expectedValue: &quot;DENY&quot;)" computerName="MANLIKEGANGA" duration="00:00:00.0033597" startTime="2026-04-16T17:46:43.6629130+03:00" endTime="2026-04-16T17:46:43.6629132+03:00" testType="13cdc9d9-ddb5-4fa4-a97d-d965ccfc6d4b" outcome="Passed" testListId="8c84fa94-04c1-424b-9868-57a2d4851a1d" relativeResultsDirectory="25222f59-b16f-4ab5-aafc-f570fd0eb568" />
    <UnitTestResult executionId="e3f6bc92-49a8-4999-9bff-0e22cc5ad489" testId="24684fb2-9566-efcd-f805-d54b061a33a0" testName="WoodenHousesAPI.Tests.Unit.AuthServiceTests.Login_TokenContainsCorrectClaims" computerName="MANLIKEGANGA" duration="00:00:00.0406058" startTime="2026-04-16T17:44:33.9244945+03:00" endTime="2026-04-16T17:44:33.9244946+03:00" testType="13cdc9d9-ddb5-4fa4-a97d-d965ccfc6d4b" outcome="Passed" testListId="8c84fa94-04c1-424b-9868-57a2d4851a1d" relativeResultsDirectory="e3f6bc92-49a8-4999-9bff-0e22cc5ad489" />
    <UnitTestResult executionId="4d6c26b5-da29-4a32-98ff-746350ebb876" testId="8175f086-32ca-935f-3add-b73f874acb77" testName="WoodenHousesAPI.Tests.Integration.SecurityTests.AdminEndpoint_WithTamperedToken_Returns401" computerName="MANLIKEGANGA" duration="00:00:00.0094185" startTime="2026-04-16T17:46:43.6893426+03:00" endTime="2026-04-16T17:46:43.6893427+03:00" testType="13cdc9d9-ddb5-4fa4-a97d-d965ccfc6d4b" outcome="Passed" testListId="8c84fa94-04c1-424b-9868-57a2d4851a1d" relativeResultsDirectory="4d6c26b5-da29-4a32-98ff-746350ebb876" />
    <UnitTestResult executionId="7e679af2-2176-47ad-91d1-5f44ed47bf60" testId="4862de2b-093c-b5a9-2716-6b8cff78a29a" testName="WoodenHousesAPI.Tests.Unit.FileServiceTests.Delete_PathTraversalAttempt_DoesNothing(maliciousPath: &quot;/uploads/../../../etc/shadow&quot;)" computerName="MANLIKEGANGA" duration="00:00:00.0404835" startTime="2026-04-16T17:44:31.2420321+03:00" endTime="2026-04-16T17:44:31.2420322+03:00" testType="13cdc9d9-ddb5-4fa4-a97d-d965ccfc6d4b" outcome="Passed" testListId="8c84fa94-04c1-424b-9868-57a2d4851a1d" relativeResultsDirectory="7e679af2-2176-47ad-91d1-5f44ed47bf60" />
    <UnitTestResult executionId="a3100671-5733-4033-af4d-67d2ea0f2e88" testId="b385caad-d0c7-b7ab-43c4-341b8b5f9842" testName="WoodenHousesAPI.Tests.Integration.ContactsControllerTests.GetContacts_FilterByStatus_ReturnsOnlyMatchingRecords" computerName="MANLIKEGANGA" duration="00:00:00.2062369" startTime="2026-04-16T17:44:46.5776721+03:00" endTime="2026-04-16T17:44:46.5776723+03:00" testType="13cdc9d9-ddb5-4fa4-a97d-d965ccfc6d4b" outcome="Passed" testListId="8c84fa94-04c1-424b-9868-57a2d4851a1d" relativeResultsDirectory="a3100671-5733-4033-af4d-67d2ea0f2e88" />
    <UnitTestResult executionId="61ee6462-29a2-4d00-9eac-97abb5ce976f" testId="9a7e5a17-7e61-ca7a-9f37-9bf9770323d2" testName="WoodenHousesAPI.Tests.Integration.AuthControllerTests.Login_MissingPassword_Returns400" computerName="MANLIKEGANGA" duration="00:00:00.0063503" startTime="2026-04-16T17:44:45.9180421+03:00" endTime="2026-04-16T17:44:45.9180423+03:00" testType="13cdc9d9-ddb5-4fa4-a97d-d965ccfc6d4b" outcome="Passed" testListId="8c84fa94-04c1-424b-9868-57a2d4851a1d" relativeResultsDirectory="61ee6462-29a2-4d00-9eac-97abb5ce976f" />
    <UnitTestResult executionId="3b71bbea-c211-48f2-bcbb-c269cfb32f58" testId="f1c83168-62b9-ae7c-602f-57f6bb98afb5" testName="WoodenHousesAPI.Tests.Unit.FileServiceTests.Upload_DisallowedExtension_Throws(filename: &quot;shell.sh&quot;)" computerName="MANLIKEGANGA" duration="00:00:00.0037337" startTime="2026-04-16T17:44:31.5782421+03:00" endTime="2026-04-16T17:44:31.5782422+03:00" testType="13cdc9d9-ddb5-4fa4-a97d-d965ccfc6d4b" outcome="Passed" testListId="8c84fa94-04c1-424b-9868-57a2d4851a1d" relativeResultsDirectory="3b71bbea-c211-48f2-bcbb-c269cfb32f58" />
    <UnitTestResult executionId="3bd88073-948d-4ff8-b1c1-79e19037d86d" testId="c8c1d9a9-3c8f-37e6-eed0-4a3eedf6b51d" testName="WoodenHousesAPI.Tests.Integration.SecurityTests.EveryResponse_HasRequiredSecurityHeader(header: &quot;X-XSS-Protection&quot;, expectedValue: &quot;1; mode=block&quot;)" computerName="MANLIKEGANGA" duration="00:00:00.0025226" startTime="2026-04-16T17:46:43.6660480+03:00" endTime="2026-04-16T17:46:43.6660482+03:00" testType="13cdc9d9-ddb5-4fa4-a97d-d965ccfc6d4b" outcome="Passed" testListId="8c84fa94-04c1-424b-9868-57a2d4851a1d" relativeResultsDirectory="3bd88073-948d-4ff8-b1c1-79e19037d86d" />
    <UnitTestResult executionId="528eee01-9f61-4a5e-9a91-8a166f6d7293" testId="dfbe0067-6a58-c11c-ad4b-9c3b8a49b0b6" testName="WoodenHousesAPI.Tests.Unit.AuthServiceTests.Login_WithWrongPassword_ReturnsNull" computerName="MANLIKEGANGA" duration="00:00:00.0971007" startTime="2026-04-16T17:44:33.8230288+03:00" endTime="2026-04-16T17:44:33.8230289+03:00" testType="13cdc9d9-ddb5-4fa4-a97d-d965ccfc6d4b" outcome="Passed" testListId="8c84fa94-04c1-424b-9868-57a2d4851a1d" relativeResultsDirectory="528eee01-9f61-4a5e-9a91-8a166f6d7293" />
    <UnitTestResult executionId="acc9352f-8819-4735-a61b-be08102ed134" testId="5623bdec-ee8b-a623-cb50-122bc72f4f18" testName="WoodenHousesAPI.Tests.Integration.AuthControllerTests.Login_WrongPassword_Returns401" computerName="MANLIKEGANGA" duration="00:00:00.0095609" startTime="2026-04-16T17:44:45.8792021+03:00" endTime="2026-04-16T17:44:45.8792023+03:00" testType="13cdc9d9-ddb5-4fa4-a97d-d965ccfc6d4b" outcome="Passed" testListId="8c84fa94-04c1-424b-9868-57a2d4851a1d" relativeResultsDirectory="acc9352f-8819-4735-a61b-be08102ed134" />
    <UnitTestResult executionId="5e9e6e41-92d1-4d86-8eeb-7a0e27ea0888" testId="08cc06fb-d023-7d80-ec9b-c4994b50906c" testName="WoodenHousesAPI.Tests.Unit.FileServiceTests.Upload_AllAllowedExtensions_Succeed(filename: &quot;image.jpg&quot;)" computerName="MANLIKEGANGA" duration="00:00:00.0054484" startTime="2026-04-16T17:44:31.1961616+03:00" endTime="2026-04-16T17:44:31.1961617+03:00" testType="13cdc9d9-ddb5-4fa4-a97d-d965ccfc6d4b" outcome="Passed" testListId="8c84fa94-04c1-424b-9868-57a2d4851a1d" relativeResultsDirectory="5e9e6e41-92d1-4d86-8eeb-7a0e27ea0888" />
    <UnitTestResult executionId="2cd87d18-f19a-48db-aa8a-c3373d420476" testId="ca938910-4bd2-78a2-e76a-294316301487" testName="WoodenHousesAPI.Tests.Integration.ContactsControllerTests.SubmitContact_NewsletterOptIn_AlsoCreatesSubscriber" computerName="MANLIKEGANGA" duration="00:00:00.0549501" startTime="2026-04-16T17:44:46.7626661+03:00" endTime="2026-04-16T17:44:46.7627040+03:00" testType="13cdc9d9-ddb5-4fa4-a97d-d965ccfc6d4b" outcome="Passed" testListId="8c84fa94-04c1-424b-9868-57a2d4851a1d" relativeResultsDirectory="2cd87d18-f19a-48db-aa8a-c3373d420476" />
    <UnitTestResult executionId="0b62293f-9de3-4eb9-b213-edb9e65fd424" testId="2a0ce76c-7531-ab2e-23b2-7532a9659548" testName="WoodenHousesAPI.Tests.Integration.PublicEndpointsTests.AdminRoutes_WithoutAuth_Return401(method: &quot;GET&quot;, path: &quot;/api/admin/newsletter&quot;)" computerName="MANLIKEGANGA" duration="00:00:00.0046425" startTime="2026-04-16T17:44:46.8967654+03:00" endTime="2026-04-16T17:44:46.8967656+03:00" testType="13cdc9d9-ddb5-4fa4-a97d-d965ccfc6d4b" outcome="Passed" testListId="8c84fa94-04c1-424b-9868-57a2d4851a1d" relativeResultsDirectory="0b62293f-9de3-4eb9-b213-edb9e65fd424" />
    <UnitTestResult executionId="e86a106e-2687-4434-b0e2-b94d9a3efeb3" testId="9c63e70b-2cd2-71cc-b02b-2ceb5e0ca5a6" testName="WoodenHousesAPI.Tests.Unit.FileServiceTests.Delete_NonExistentFile_DoesNotThrow" computerName="MANLIKEGANGA" duration="00:00:00.0020550" startTime="2026-04-16T17:44:31.6535816+03:00" endTime="2026-04-16T17:44:31.6535817+03:00" testType="13cdc9d9-ddb5-4fa4-a97d-d965ccfc6d4b" outcome="Passed" testListId="8c84fa94-04c1-424b-9868-57a2d4851a1d" relativeResultsDirectory="e86a106e-2687-4434-b0e2-b94d9a3efeb3" />
    <UnitTestResult executionId="2068b683-5c30-4132-84f1-6989248210b9" testId="73743d59-95bd-19fb-1580-f5d01abb6803" testName="WoodenHousesAPI.Tests.Unit.FileServiceTests.Upload_AllAllowedExtensions_Succeed(filename: &quot;picture.png&quot;)" computerName="MANLIKEGANGA" duration="00:00:00.0173385" startTime="2026-04-16T17:44:31.1729222+03:00" endTime="2026-04-16T17:44:31.1729222+03:00" testType="13cdc9d9-ddb5-4fa4-a97d-d965ccfc6d4b" outcome="Passed" testListId="8c84fa94-04c1-424b-9868-57a2d4851a1d" relativeResultsDirectory="2068b683-5c30-4132-84f1-6989248210b9" />
    <UnitTestResult executionId="a279a98f-d8dd-452f-9f49-0bbe672f5fbb" testId="a22f38aa-8367-a09f-cc0f-d3b8ecb32fee" testName="WoodenHousesAPI.Tests.Integration.PublicEndpointsTests.Unsubscribe_ExistingSubscriber_Returns200" computerName="MANLIKEGANGA" duration="00:00:00.0432628" startTime="2026-04-16T17:44:46.9513909+03:00" endTime="2026-04-16T17:44:46.9513911+03:00" testType="13cdc9d9-ddb5-4fa4-a97d-d965ccfc6d4b" outcome="Passed" testListId="8c84fa94-04c1-424b-9868-57a2d4851a1d" relativeResultsDirectory="a279a98f-d8dd-452f-9f49-0bbe672f5fbb" />
    <UnitTestResult executionId="e1ec9306-9d97-41f4-8448-dd6a863bec83" testId="58e22484-e5eb-a30a-46ef-d819ec9a6e0f" testName="WoodenHousesAPI.Tests.Integration.QuotesControllerTests.CreateQuote_ValidPayload_Returns201WithQuoteNumber" computerName="MANLIKEGANGA" duration="00:00:00.0179474" startTime="2026-04-16T17:46:43.5312562+03:00" endTime="2026-04-16T17:46:43.5312563+03:00" testType="13cdc9d9-ddb5-4fa4-a97d-d965ccfc6d4b" outcome="Passed" testListId="8c84fa94-04c1-424b-9868-57a2d4851a1d" relativeResultsDirectory="e1ec9306-9d97-41f4-8448-dd6a863bec83" />
    <UnitTestResult executionId="2d56ee64-117a-4779-9d29-ded3e1ae4011" testId="ca1805b5-37cc-1731-3237-f3be40dc8157" testName="WoodenHousesAPI.Tests.Unit.FileServiceTests.Upload_CreatesFileOnDisk" computerName="MANLIKEGANGA" duration="00:00:00.0048995" startTime="2026-04-16T17:44:31.5920085+03:00" endTime="2026-04-16T17:44:31.5920086+03:00" testType="13cdc9d9-ddb5-4fa4-a97d-d965ccfc6d4b" outcome="Passed" testListId="8c84fa94-04c1-424b-9868-57a2d4851a1d" relativeResultsDirectory="2d56ee64-117a-4779-9d29-ded3e1ae4011" />
    <UnitTestResult executionId="9c2f3777-4b61-4871-a0f3-79027a022fae" testId="16aa84bc-7303-05f4-c7eb-3ffa494c9292" testName="WoodenHousesAPI.Tests.Integration.PublicEndpointsTests.GetServices_ReturnsPublishedServices" computerName="MANLIKEGANGA" duration="00:00:00.0262978" startTime="2026-04-16T17:44:47.0767028+03:00" endTime="2026-04-16T17:44:47.0767030+03:00" testType="13cdc9d9-ddb5-4fa4-a97d-d965ccfc6d4b" outcome="Passed" testListId="8c84fa94-04c1-424b-9868-57a2d4851a1d" relativeResultsDirectory="9c2f3777-4b61-4871-a0f3-79027a022fae" />
    <UnitTestResult executionId="644a65a7-bb5e-4462-ae9c-f04207fcf4dd" testId="5769aa6a-fe89-f6ae-a6d7-1ed8f51d9151" testName="WoodenHousesAPI.Tests.Integration.SecurityTests.ContactSubmit_WithInjectionInName_Returns400NotServerError(maliciousInput: &quot;&lt;script&gt;alert(1)&lt;/script&gt;&quot;)" computerName="MANLIKEGANGA" duration="00:00:00.0063946" startTime="2026-04-16T17:46:43.6270132+03:00" endTime="2026-04-16T17:46:43.6270134+03:00" testType="13cdc9d9-ddb5-4fa4-a97d-d965ccfc6d4b" outcome="Passed" testListId="8c84fa94-04c1-424b-9868-57a2d4851a1d" relativeResultsDirectory="644a65a7-bb5e-4462-ae9c-f04207fcf4dd" />
    <UnitTestResult executionId="01148f24-81b4-4788-8319-e89df8ff7f42" testId="2d05f677-c0ff-662d-f6ef-cfb3f6dfed84" testName="WoodenHousesAPI.Tests.Unit.FileServiceTests.Upload_AllAllowedExtensions_Succeed(filename: &quot;hero.webp&quot;)" computerName="MANLIKEGANGA" duration="00:00:00.0185018" startTime="2026-04-16T17:44:31.1639643+03:00" endTime="2026-04-16T17:44:31.1639644+03:00" testType="13cdc9d9-ddb5-4fa4-a97d-d965ccfc6d4b" outcome="Passed" testListId="8c84fa94-04c1-424b-9868-57a2d4851a1d" relativeResultsDirectory="01148f24-81b4-4788-8319-e89df8ff7f42" />
    <UnitTestResult executionId="d081ca13-c050-48f8-aa3c-9ff45a959609" testId="53c3cc59-06ee-1511-66dd-52fc2269736f" testName="WoodenHousesAPI.Tests.Unit.AuthServiceTests.Login_WithValidCredentials_ReturnsToken" computerName="MANLIKEGANGA" duration="00:00:03.5408212" startTime="2026-04-16T17:44:33.7251785+03:00" endTime="2026-04-16T17:44:33.7251786+03:00" testType="13cdc9d9-ddb5-4fa4-a97d-d965ccfc6d4b" outcome="Passed" testListId="8c84fa94-04c1-424b-9868-57a2d4851a1d" relativeResultsDirectory="d081ca13-c050-48f8-aa3c-9ff45a959609" />
    <UnitTestResult executionId="4b945859-2161-4c76-aa1e-acfcab9ad8a7" testId="95d425c5-6735-3199-4502-14fb7be03fc2" testName="WoodenHousesAPI.Tests.Integration.QuotesControllerTests.SendQuote_ChangesStatusToSent" computerName="MANLIKEGANGA" duration="00:02:00.2787005" startTime="2026-04-16T17:46:43.3455971+03:00" endTime="2026-04-16T17:46:43.3455973+03:00" testType="13cdc9d9-ddb5-4fa4-a97d-d965ccfc6d4b" outcome="Failed" testListId="8c84fa94-04c1-424b-9868-57a2d4851a1d" relativeResultsDirectory="4b945859-2161-4c76-aa1e-acfcab9ad8a7">
      <Output>
        <ErrorInfo>
          <Message>System.Threading.Tasks.TaskCanceledException : The operation was canceled.
---- System.Net.Http.HttpRequestException : Error while copying content to a stream.
-------- System.IO.IOException : 
------------ System.IO.IOException : The client aborted the request.</Message>
          <StackTrace>   at System.Net.Http.HttpClient.HandleFailure(Exception e, Boolean telemetryStarted, HttpResponseMessage response, CancellationTokenSource cts, CancellationToken cancellationToken, CancellationTokenSource pendingRequestsCts)
   at System.Net.Http.HttpClient.&lt;SendAsync&gt;g__Core|83_0(HttpRequestMessage request, HttpCompletionOption completionOption, CancellationTokenSource cts, Boolean disposeCts, CancellationTokenSource pendingRequestsCts, CancellationToken originalCancellationToken)
   at WoodenHousesAPI.Tests.Integration.QuotesControllerTests.SendQuote_ChangesStatusToSent() in /mnt/c/Users/ADMIN/wooden-houses-kenya/backend/WoodenHousesAPI.Tests/Integration/QuotesControllerTests.cs:line 132
--- End of stack trace from previous location ---
----- Inner Stack Trace -----
   at System.Net.Http.HttpContent.LoadIntoBufferAsyncCore(Task serializeToStreamTask, MemoryStream tempBuffer)
   at System.Net.Http.HttpClient.&lt;SendAsync&gt;g__Core|83_0(HttpRequestMessage request, HttpCompletionOption completionOption, CancellationTokenSource cts, Boolean disposeCts, CancellationTokenSource pendingRequestsCts, CancellationToken originalCancellationToken)
----- Inner Stack Trace -----
   at Microsoft.AspNetCore.TestHost.ResponseBodyReaderStream.CheckAborted()
   at Microsoft.AspNetCore.TestHost.ResponseBodyReaderStream.ReadAsync(Memory`1 buffer, CancellationToken cancellationToken)
   at System.IO.Stream.&lt;CopyToAsync&gt;g__Core|27_0(Stream source, Stream destination, Int32 bufferSize, CancellationToken cancellationToken)
   at System.Net.Http.HttpContent.LoadIntoBufferAsyncCore(Task serializeToStreamTask, MemoryStream tempBuffer)
----- Inner Stack Trace -----
</StackTrace>
        </ErrorInfo>
      </Output>
    </UnitTestResult>
    <UnitTestResult executionId="0da197c4-dd60-4906-a15a-6c3d9281af0e" testId="f967e081-83a4-4e9c-c448-35d999b97892" testName="WoodenHousesAPI.Tests.Unit.AuthServiceTests.Login_WithNonExistentEmail_ReturnsNull" computerName="MANLIKEGANGA" duration="00:00:00.0269850" startTime="2026-04-16T17:44:33.8502822+03:00" endTime="2026-04-16T17:44:33.8502822+03:00" testType="13cdc9d9-ddb5-4fa4-a97d-d965ccfc6d4b" outcome="Passed" testListId="8c84fa94-04c1-424b-9868-57a2d4851a1d" relativeResultsDirectory="0da197c4-dd60-4906-a15a-6c3d9281af0e" />
    <UnitTestResult executionId="30f8e7f9-9541-4bd9-867a-d6437883682b" testId="3ca4bc64-511e-c71b-aae2-3a4e3a3265f9" testName="WoodenHousesAPI.Tests.Unit.FileServiceTests.Upload_DisallowedExtension_Throws(filename: &quot;data.json&quot;)" computerName="MANLIKEGANGA" duration="00:00:00.0035661" startTime="2026-04-16T17:44:31.5784293+03:00" endTime="2026-04-16T17:44:31.5784293+03:00" testType="13cdc9d9-ddb5-4fa4-a97d-d965ccfc6d4b" outcome="Passed" testListId="8c84fa94-04c1-424b-9868-57a2d4851a1d" relativeResultsDirectory="30f8e7f9-9541-4bd9-867a-d6437883682b" />
    <UnitTestResult executionId="8994a38b-3f6f-43d1-9594-5693947e238d" testId="1e248c0d-ee55-ae39-7e4e-a6f7423b232a" testName="WoodenHousesAPI.Tests.Integration.AuthControllerTests.Login_ErrorMessageDoesNotRevealWhichFieldWasWrong" computerName="MANLIKEGANGA" duration="00:00:00.0397661" startTime="2026-04-16T17:44:45.8091398+03:00" endTime="2026-04-16T17:44:45.8091400+03:00" testType="13cdc9d9-ddb5-4fa4-a97d-d965ccfc6d4b" outcome="Passed" testListId="8c84fa94-04c1-424b-9868-57a2d4851a1d" relativeResultsDirectory="8994a38b-3f6f-43d1-9594-5693947e238d" />
    <UnitTestResult executionId="5e46614a-20ee-4c95-abe8-c033827f3f18" testId="98b21c66-d39b-cec4-657c-5609e509d675" testName="WoodenHousesAPI.Tests.Integration.PublicEndpointsTests.Subscribe_DuplicateActiveEmail_Returns200WithAlreadySubscribed" computerName="MANLIKEGANGA" duration="00:00:00.0090237" startTime="2026-04-16T17:44:47.0319963+03:00" endTime="2026-04-16T17:44:47.0319965+03:00" testType="13cdc9d9-ddb5-4fa4-a97d-d965ccfc6d4b" outcome="Passed" testListId="8c84fa94-04c1-424b-9868-57a2d4851a1d" relativeResultsDirectory="5e46614a-20ee-4c95-abe8-c033827f3f18" />
    <UnitTestResult executionId="68371115-fe3c-479a-9f00-c682bc317359" testId="2e9f50b9-f608-79fb-ba8c-931b68075c75" testName="WoodenHousesAPI.Tests.Unit.FileServiceTests.Delete_PathTraversalAttempt_DoesNothing(maliciousPath: &quot;/../../../etc/passwd&quot;)" computerName="MANLIKEGANGA" duration="00:00:00.0015516" startTime="2026-04-16T17:44:31.2421645+03:00" endTime="2026-04-16T17:44:31.2421645+03:00" testType="13cdc9d9-ddb5-4fa4-a97d-d965ccfc6d4b" outcome="Passed" testListId="8c84fa94-04c1-424b-9868-57a2d4851a1d" relativeResultsDirectory="68371115-fe3c-479a-9f00-c682bc317359" />
    <UnitTestResult executionId="2fc81fe1-9487-43c8-8d30-1b218298bbbc" testId="f7937d7c-755f-0da3-ddfe-77d38f6b252c" testName="WoodenHousesAPI.Tests.Integration.ContactsControllerTests.SubmitContact_InvalidEmail_Returns400" computerName="MANLIKEGANGA" duration="00:00:00.0614400" startTime="2026-04-16T17:44:46.6979725+03:00" endTime="2026-04-16T17:44:46.6979727+03:00" testType="13cdc9d9-ddb5-4fa4-a97d-d965ccfc6d4b" outcome="Passed" testListId="8c84fa94-04c1-424b-9868-57a2d4851a1d" relativeResultsDirectory="2fc81fe1-9487-43c8-8d30-1b218298bbbc" />
    <UnitTestResult executionId="9d00d245-cf2c-4e7e-ba2c-7d698b333de4" testId="1615d772-6979-f62c-6209-551559202035" testName="WoodenHousesAPI.Tests.Integration.ContactsControllerTests.GetContactById_NonExistentId_Returns404" computerName="MANLIKEGANGA" duration="00:00:00.3162334" startTime="2026-04-16T17:44:46.3704226+03:00" endTime="2026-04-16T17:44:46.3704227+03:00" testType="13cdc9d9-ddb5-4fa4-a97d-d965ccfc6d4b" outcome="Passed" testListId="8c84fa94-04c1-424b-9868-57a2d4851a1d" relativeResultsDirectory="9d00d245-cf2c-4e7e-ba2c-7d698b333de4" />
    <UnitTestResult executionId="54615136-fec8-4aa2-a27d-f18e32a57f60" testId="aad2b201-1a5b-df30-b58b-b4b88724e215" testName="WoodenHousesAPI.Tests.Integration.PublicEndpointsTests.AdminRoutes_WithoutAuth_Return401(method: &quot;GET&quot;, path: &quot;/api/admin/quotes&quot;)" computerName="MANLIKEGANGA" duration="00:00:00.0026741" startTime="2026-04-16T17:44:46.9040121+03:00" endTime="2026-04-16T17:44:46.9040122+03:00" testType="13cdc9d9-ddb5-4fa4-a97d-d965ccfc6d4b" outcome="Passed" testListId="8c84fa94-04c1-424b-9868-57a2d4851a1d" relativeResultsDirectory="54615136-fec8-4aa2-a27d-f18e32a57f60" />
    <UnitTestResult executionId="0def45ac-b184-4b02-8a94-b6d11eb6c528" testId="38fe20e1-f1d9-b04b-489a-0d9379609a87" testName="WoodenHousesAPI.Tests.Unit.FileServiceTests.Upload_DisallowedExtension_Throws(filename: &quot;virus.exe&quot;)" computerName="MANLIKEGANGA" duration="00:00:00.0051656" startTime="2026-04-16T17:44:31.5780607+03:00" endTime="2026-04-16T17:44:31.5780608+03:00" testType="13cdc9d9-ddb5-4fa4-a97d-d965ccfc6d4b" outcome="Passed" testListId="8c84fa94-04c1-424b-9868-57a2d4851a1d" relativeResultsDirectory="0def45ac-b184-4b02-8a94-b6d11eb6c528" />
    <UnitTestResult executionId="24c0f572-0a4b-4490-9c0b-0059c90407fc" testId="028c0118-f9d1-a5fe-8f74-037b33fbaf23" testName="WoodenHousesAPI.Tests.Unit.FileServiceTests.Upload_GeneratesUniqueFilenames" computerName="MANLIKEGANGA" duration="00:00:00.0159303" startTime="2026-04-16T17:44:31.5869058+03:00" endTime="2026-04-16T17:44:31.5869063+03:00" testType="13cdc9d9-ddb5-4fa4-a97d-d965ccfc6d4b" outcome="Passed" testListId="8c84fa94-04c1-424b-9868-57a2d4851a1d" relativeResultsDirectory="24c0f572-0a4b-4490-9c0b-0059c90407fc" />
    <UnitTestResult executionId="26d6cfaa-a5ba-4a02-83ce-7bf6539187f7" testId="01d85432-1c1f-2585-4b74-80e5af352315" testName="WoodenHousesAPI.Tests.Integration.QuotesControllerTests.UpdateQuote_ChangesStatusAndPricing_Persists" computerName="MANLIKEGANGA" duration="00:00:00.0790545" startTime="2026-04-16T17:46:43.4862824+03:00" endTime="2026-04-16T17:46:43.4862826+03:00" testType="13cdc9d9-ddb5-4fa4-a97d-d965ccfc6d4b" outcome="Passed" testListId="8c84fa94-04c1-424b-9868-57a2d4851a1d" relativeResultsDirectory="26d6cfaa-a5ba-4a02-83ce-7bf6539187f7" />
    <UnitTestResult executionId="e1b0c3f8-96dc-4728-81e3-a0ca1c3675e9" testId="7bc01e6c-a122-0fab-bc67-d3bcbbd08f7c" testName="WoodenHousesAPI.Tests.Unit.AuthServiceTests.Login_IsCaseInsensitiveOnEmail" computerName="MANLIKEGANGA" duration="00:00:00.0132957" startTime="2026-04-16T17:44:33.8830131+03:00" endTime="2026-04-16T17:44:33.8830132+03:00" testType="13cdc9d9-ddb5-4fa4-a97d-d965ccfc6d4b" outcome="Passed" testListId="8c84fa94-04c1-424b-9868-57a2d4851a1d" relativeResultsDirectory="e1b0c3f8-96dc-4728-81e3-a0ca1c3675e9" />
    <UnitTestResult executionId="a3e17f43-ff0e-49ff-9188-05b3ae8e55b5" testId="56a5b9cc-5e7e-a9e6-f597-bc391125f7c4" testName="WoodenHousesAPI.Tests.Integration.QuotesControllerTests.GetQuotes_Authenticated_ReturnsPaginatedList" computerName="MANLIKEGANGA" duration="00:00:00.0647609" startTime="2026-04-16T17:46:43.4013405+03:00" endTime="2026-04-16T17:46:43.4013406+03:00" testType="13cdc9d9-ddb5-4fa4-a97d-d965ccfc6d4b" outcome="Passed" testListId="8c84fa94-04c1-424b-9868-57a2d4851a1d" relativeResultsDirectory="a3e17f43-ff0e-49ff-9188-05b3ae8e55b5" />
    <UnitTestResult executionId="8435f597-37f7-4ae2-af5f-a2b5943551fe" testId="9d93271b-91e2-02e8-4b29-f4b20520494d" testName="WoodenHousesAPI.Tests.Integration.PublicEndpointsTests.Subscribe_InvalidEmail_Returns400" computerName="MANLIKEGANGA" duration="00:00:00.0055966" startTime="2026-04-16T17:44:47.1354271+03:00" endTime="2026-04-16T17:44:47.1354273+03:00" testType="13cdc9d9-ddb5-4fa4-a97d-d965ccfc6d4b" outcome="Passed" testListId="8c84fa94-04c1-424b-9868-57a2d4851a1d" relativeResultsDirectory="8435f597-37f7-4ae2-af5f-a2b5943551fe" />
    <UnitTestResult executionId="fb04b721-f402-4e4e-adbc-08ab83d311dd" testId="b8ea6cb3-b632-f099-6f03-f582f65241da" testName="WoodenHousesAPI.Tests.Integration.PublicEndpointsTests.Subscribe_NewEmail_Returns200" computerName="MANLIKEGANGA" duration="00:00:00.0151580" startTime="2026-04-16T17:44:47.0221150+03:00" endTime="2026-04-16T17:44:47.0221152+03:00" testType="13cdc9d9-ddb5-4fa4-a97d-d965ccfc6d4b" outcome="Passed" testListId="8c84fa94-04c1-424b-9868-57a2d4851a1d" relativeResultsDirectory="fb04b721-f402-4e4e-adbc-08ab83d311dd" />
    <UnitTestResult executionId="af65dd64-aa44-49e7-b827-fd096e5a34ba" testId="4bd4228d-0c47-d28f-5222-594302007aa9" testName="WoodenHousesAPI.Tests.Unit.FileServiceTests.Upload_DisallowedExtension_Throws(filename: &quot;script.php&quot;)" computerName="MANLIKEGANGA" duration="00:00:00.0037130" startTime="2026-04-16T17:44:31.5783488+03:00" endTime="2026-04-16T17:44:31.5783489+03:00" testType="13cdc9d9-ddb5-4fa4-a97d-d965ccfc6d4b" outcome="Passed" testListId="8c84fa94-04c1-424b-9868-57a2d4851a1d" relativeResultsDirectory="af65dd64-aa44-49e7-b827-fd096e5a34ba" />
    <UnitTestResult executionId="32f4d9bf-f61a-4e93-8876-0079656ffd9f" testId="0ece3a07-7d5e-02f6-2f63-6d7995dc7e4a" testName="WoodenHousesAPI.Tests.Integration.QuotesControllerTests.DeleteQuote_ExistingQuote_Returns204" computerName="MANLIKEGANGA" duration="00:00:00.0707026" startTime="2026-04-16T17:46:43.6028929+03:00" endTime="2026-04-16T17:46:43.6028930+03:00" testType="13cdc9d9-ddb5-4fa4-a97d-d965ccfc6d4b" outcome="Passed" testListId="8c84fa94-04c1-424b-9868-57a2d4851a1d" relativeResultsDirectory="32f4d9bf-f61a-4e93-8876-0079656ffd9f" />
    <UnitTestResult executionId="f167e1a3-e00d-49ce-a560-3eb53f476de5" testId="bfbd39ad-0721-7631-39cd-7bd8a7548d00" testName="WoodenHousesAPI.Tests.Integration.SecurityTests.EveryResponse_HasRequiredSecurityHeader(header: &quot;X-Content-Type-Options&quot;, expectedValue: &quot;nosniff&quot;)" computerName="MANLIKEGANGA" duration="00:00:00.0026909" startTime="2026-04-16T17:46:43.6694907+03:00" endTime="2026-04-16T17:46:43.6694908+03:00" testType="13cdc9d9-ddb5-4fa4-a97d-d965ccfc6d4b" outcome="Passed" testListId="8c84fa94-04c1-424b-9868-57a2d4851a1d" relativeResultsDirectory="f167e1a3-e00d-49ce-a560-3eb53f476de5" />
    <UnitTestResult executionId="6ca1729b-5db0-4339-86f4-1fd12b62af2c" testId="115f3691-0b76-7d84-86ba-690a197f556d" testName="WoodenHousesAPI.Tests.Integration.PublicEndpointsTests.Unsubscribe_UnknownEmail_Returns404" computerName="MANLIKEGANGA" duration="00:00:00.0083496" startTime="2026-04-16T17:44:47.1070321+03:00" endTime="2026-04-16T17:44:47.1070323+03:00" testType="13cdc9d9-ddb5-4fa4-a97d-d965ccfc6d4b" outcome="Passed" testListId="8c84fa94-04c1-424b-9868-57a2d4851a1d" relativeResultsDirectory="6ca1729b-5db0-4339-86f4-1fd12b62af2c" />
    <UnitTestResult executionId="cab3bd3e-37b6-463b-bfeb-70476ea7518c" testId="d322d014-662b-95dd-770e-4328ad6d2f1a" testName="WoodenHousesAPI.Tests.Integration.AuthControllerTests.Logout_ClearsAuthCookie" computerName="MANLIKEGANGA" duration="00:00:00.0208964" startTime="2026-04-16T17:44:45.9030481+03:00" endTime="2026-04-16T17:44:45.9030482+03:00" testType="13cdc9d9-ddb5-4fa4-a97d-d965ccfc6d4b" outcome="Passed" testListId="8c84fa94-04c1-424b-9868-57a2d4851a1d" relativeResultsDirectory="cab3bd3e-37b6-463b-bfeb-70476ea7518c" />
    <UnitTestResult executionId="a7d39a60-dc95-4053-bfe4-136e1aaa8a18" testId="ae24d217-2949-e327-aa32-2bd2cea09b7a" testName="WoodenHousesAPI.Tests.Integration.PublicEndpointsTests.GetProjectBySlug_NonExistentSlug_Returns404" computerName="MANLIKEGANGA" duration="00:00:00.0211490" startTime="2026-04-16T17:44:47.1307019+03:00" endTime="2026-04-16T17:44:47.1307021+03:00" testType="13cdc9d9-ddb5-4fa4-a97d-d965ccfc6d4b" outcome="Passed" testListId="8c84fa94-04c1-424b-9868-57a2d4851a1d" relativeResultsDirectory="a7d39a60-dc95-4053-bfe4-136e1aaa8a18" />
    <UnitTestResult executionId="f4912acb-ad83-44f1-8286-3c397a169816" testId="5e5baab9-9ae5-9bdb-534b-c065656f58af" testName="WoodenHousesAPI.Tests.Integration.ContactsControllerTests.SubmitContact_ValidPayload_Returns200AndSavesToDb" computerName="MANLIKEGANGA" duration="00:00:00.1321737" startTime="2026-04-16T17:44:46.0519785+03:00" endTime="2026-04-16T17:44:46.0519787+03:00" testType="13cdc9d9-ddb5-4fa4-a97d-d965ccfc6d4b" outcome="Passed" testListId="8c84fa94-04c1-424b-9868-57a2d4851a1d" relativeResultsDirectory="f4912acb-ad83-44f1-8286-3c397a169816" />
    <UnitTestResult executionId="4059c58b-65f7-45b9-80f1-9028c6d016cb" testId="3f9a9625-9ee3-2273-af7e-6e6f2e46da17" testName="WoodenHousesAPI.Tests.Integration.SecurityTests.EveryResponse_DoesNotLeakServerInfo(dangerousHeader: &quot;Server&quot;)" computerName="MANLIKEGANGA" duration="00:00:00.0063426" startTime="2026-04-16T17:46:43.6424680+03:00" endTime="2026-04-16T17:46:43.6424681+03:00" testType="13cdc9d9-ddb5-4fa4-a97d-d965ccfc6d4b" outcome="Passed" testListId="8c84fa94-04c1-424b-9868-57a2d4851a1d" relativeResultsDirectory="4059c58b-65f7-45b9-80f1-9028c6d016cb" />
    <UnitTestResult executionId="afe9bb0b-9fa8-4e66-8208-4a54ac5acc83" testId="08855bc1-f69b-1d31-0a4b-315beddd8146" testName="WoodenHousesAPI.Tests.Integration.AuthControllerTests.Login_UnknownEmail_Returns401" computerName="MANLIKEGANGA" duration="00:00:00.0084604" startTime="2026-04-16T17:44:45.9106977+03:00" endTime="2026-04-16T17:44:45.9106978+03:00" testType="13cdc9d9-ddb5-4fa4-a97d-d965ccfc6d4b" outcome="Passed" testListId="8c84fa94-04c1-424b-9868-57a2d4851a1d" relativeResultsDirectory="afe9bb0b-9fa8-4e66-8208-4a54ac5acc83" />
    <UnitTestResult executionId="5351af81-b751-4574-9d89-8f9ba260212f" testId="e5a4f51e-e4ba-c905-45c0-f860b6ad0e0d" testName="WoodenHousesAPI.Tests.Unit.FileServiceTests.Upload_AllAllowedExtensions_Succeed(filename: &quot;banner.gif&quot;)" computerName="MANLIKEGANGA" duration="00:00:00.8872989" startTime="2026-04-16T17:44:31.1223786+03:00" endTime="2026-04-16T17:44:31.1224222+03:00" testType="13cdc9d9-ddb5-4fa4-a97d-d965ccfc6d4b" outcome="Passed" testListId="8c84fa94-04c1-424b-9868-57a2d4851a1d" relativeResultsDirectory="5351af81-b751-4574-9d89-8f9ba260212f" />
    <UnitTestResult executionId="c91b3ee0-06eb-40fe-b635-c22ca6497dc8" testId="b2d27145-e24c-6798-67ef-c88c641792b7" testName="WoodenHousesAPI.Tests.Integration.AuthControllerTests.Login_ValidCredentials_Returns200AndSetsAuthCookie" computerName="MANLIKEGANGA" duration="00:00:00.0152529" startTime="2026-04-16T17:44:45.8687031+03:00" endTime="2026-04-16T17:44:45.8687033+03:00" testType="13cdc9d9-ddb5-4fa4-a97d-d965ccfc6d4b" outcome="Passed" testListId="8c84fa94-04c1-424b-9868-57a2d4851a1d" relativeResultsDirectory="c91b3ee0-06eb-40fe-b635-c22ca6497dc8" />
    <UnitTestResult executionId="731c1175-aa17-477a-a7db-aa340355640e" testId="020ecd9b-a163-d81f-5325-4b610c3775cd" testName="WoodenHousesAPI.Tests.Integration.ContactsControllerTests.GetContactById_ExistingContact_Returns200" computerName="MANLIKEGANGA" duration="00:00:00.0407960" startTime="2026-04-16T17:44:46.8905110+03:00" endTime="2026-04-16T17:44:46.8905112+03:00" testType="13cdc9d9-ddb5-4fa4-a97d-d965ccfc6d4b" outcome="Passed" testListId="8c84fa94-04c1-424b-9868-57a2d4851a1d" relativeResultsDirectory="731c1175-aa17-477a-a7db-aa340355640e" />
    <UnitTestResult executionId="044ee555-8941-4de9-9d8c-ae18fa2face1" testId="273db48f-d53b-37d1-aa69-219e78422105" testName="WoodenHousesAPI.Tests.Integration.SecurityTests.ContactSubmit_WithInjectionInName_Returns400NotServerError(maliciousInput: &quot;'; DROP TABLE contacts; --&quot;)" computerName="MANLIKEGANGA" duration="00:00:00.0067729" startTime="2026-04-16T17:46:43.6198890+03:00" endTime="2026-04-16T17:46:43.6198892+03:00" testType="13cdc9d9-ddb5-4fa4-a97d-d965ccfc6d4b" outcome="Passed" testListId="8c84fa94-04c1-424b-9868-57a2d4851a1d" relativeResultsDirectory="044ee555-8941-4de9-9d8c-ae18fa2face1" />
    <UnitTestResult executionId="8f63c508-21d5-43f4-b388-69c1b1a5e50c" testId="bc278dc9-a6c1-7b99-694e-80c99445a1d4" testName="WoodenHousesAPI.Tests.Integration.SecurityTests.EveryResponse_HasRequiredSecurityHeader(header: &quot;Referrer-Policy&quot;, expectedValue: &quot;strict-origin-when-cross-origin&quot;)" computerName="MANLIKEGANGA" duration="00:00:00.0064900" startTime="2026-04-16T17:46:43.6589796+03:00" endTime="2026-04-16T17:46:43.6589798+03:00" testType="13cdc9d9-ddb5-4fa4-a97d-d965ccfc6d4b" outcome="Passed" testListId="8c84fa94-04c1-424b-9868-57a2d4851a1d" relativeResultsDirectory="8f63c508-21d5-43f4-b388-69c1b1a5e50c" />
    <UnitTestResult executionId="72428a0f-1b1d-4c96-a2da-73f45bd13161" testId="1bd7f63b-45a1-7bd4-c7c1-0e77b7be8264" testName="WoodenHousesAPI.Tests.Unit.AuthServiceTests.Login_TwoCallsProduceDifferentTokens" computerName="MANLIKEGANGA" duration="00:00:00.0189884" startTime="2026-04-16T17:44:33.8695714+03:00" endTime="2026-04-16T17:44:33.8695715+03:00" testType="13cdc9d9-ddb5-4fa4-a97d-d965ccfc6d4b" outcome="Passed" testListId="8c84fa94-04c1-424b-9868-57a2d4851a1d" relativeResultsDirectory="72428a0f-1b1d-4c96-a2da-73f45bd13161" />
    <UnitTestResult executionId="74a9c090-7cd5-42fd-b19f-3cb84aa4903d" testId="353e17c6-d643-64a0-c68c-b3bb1265df97" testName="WoodenHousesAPI.Tests.Integration.QuotesControllerTests.CreateQuote_Unauthenticated_Returns401" computerName="MANLIKEGANGA" duration="00:00:00.0042961" startTime="2026-04-16T17:46:43.4090066+03:00" endTime="2026-04-16T17:46:43.4090068+03:00" testType="13cdc9d9-ddb5-4fa4-a97d-d965ccfc6d4b" outcome="Passed" testListId="8c84fa94-04c1-424b-9868-57a2d4851a1d" relativeResultsDirectory="74a9c090-7cd5-42fd-b19f-3cb84aa4903d" />
    <UnitTestResult executionId="e2076f27-744e-47a7-8219-c6b874523997" testId="eb8e63a1-e7c0-3f3f-2983-4df0a28929eb" testName="WoodenHousesAPI.Tests.Unit.FileServiceTests.Delete_ExistingFile_RemovesFromDisk" computerName="MANLIKEGANGA" duration="00:00:00.0133057" startTime="2026-04-16T17:44:31.6103669+03:00" endTime="2026-04-16T17:44:31.6103670+03:00" testType="13cdc9d9-ddb5-4fa4-a97d-d965ccfc6d4b" outcome="Passed" testListId="8c84fa94-04c1-424b-9868-57a2d4851a1d" relativeResultsDirectory="e2076f27-744e-47a7-8219-c6b874523997" />
    <UnitTestResult executionId="8bd2fee2-c28c-401d-8cee-26f6d926f3c5" testId="277c93d5-702b-37a1-cc65-d467ea29729f" testName="WoodenHousesAPI.Tests.Integration.ContactsControllerTests.SubmitContact_MessageTooLong_Returns400" computerName="MANLIKEGANGA" duration="00:00:00.0133975" startTime="2026-04-16T17:44:46.6358341+03:00" endTime="2026-04-16T17:44:46.6358343+03:00" testType="13cdc9d9-ddb5-4fa4-a97d-d965ccfc6d4b" outcome="Passed" testListId="8c84fa94-04c1-424b-9868-57a2d4851a1d" relativeResultsDirectory="8bd2fee2-c28c-401d-8cee-26f6d926f3c5" />
    <UnitTestResult executionId="3ef14070-ad70-4d71-b054-70ef7c39b09b" testId="46a6bde7-2580-a3db-de74-cb7adf51ada0" testName="WoodenHousesAPI.Tests.Integration.AuthControllerTests.Me_WithValidSession_Returns200AndUserInfo" computerName="MANLIKEGANGA" duration="00:00:05.3657351" startTime="2026-04-16T17:44:45.7651577+03:00" endTime="2026-04-16T17:44:45.7651578+03:00" testType="13cdc9d9-ddb5-4fa4-a97d-d965ccfc6d4b" outcome="Passed" testListId="8c84fa94-04c1-424b-9868-57a2d4851a1d" relativeResultsDirectory="3ef14070-ad70-4d71-b054-70ef7c39b09b" />
  </Results>
  <TestDefinitions>
    <UnitTest name="WoodenHousesAPI.Tests.Unit.FileServiceTests.Delete_PathTraversalAttempt_DoesNothing(maliciousPath: &quot;/uploads/../../../etc/shadow&quot;)" storage="/mnt/c/users/admin/wooden-houses-kenya/backend/woodenhousesapi.tests/bin/debug/net8.0/woodenhousesapi.tests.dll" id="4862de2b-093c-b5a9-2716-6b8cff78a29a">
      <Execution id="7e679af2-2176-47ad-91d1-5f44ed47bf60" />
      <TestMethod codeBase="/mnt/c/Users/ADMIN/wooden-houses-kenya/backend/WoodenHousesAPI.Tests/bin/Debug/net8.0/WoodenHousesAPI.Tests.dll" adapterTypeName="executor://xunit/VsTestRunner2/netcoreapp" className="WoodenHousesAPI.Tests.Unit.FileServiceTests" name="Delete_PathTraversalAttempt_DoesNothing" />
    </UnitTest>
    <UnitTest name="WoodenHousesAPI.Tests.Unit.FileServiceTests.Upload_DisallowedExtension_Throws(filename: &quot;data.json&quot;)" storage="/mnt/c/users/admin/wooden-houses-kenya/backend/woodenhousesapi.tests/bin/debug/net8.0/woodenhousesapi.tests.dll" id="3ca4bc64-511e-c71b-aae2-3a4e3a3265f9">
      <Execution id="30f8e7f9-9541-4bd9-867a-d6437883682b" />
      <TestMethod codeBase="/mnt/c/Users/ADMIN/wooden-houses-kenya/backend/WoodenHousesAPI.Tests/bin/Debug/net8.0/WoodenHousesAPI.Tests.dll" adapterTypeName="executor://xunit/VsTestRunner2/netcoreapp" className="WoodenHousesAPI.Tests.Unit.FileServiceTests" name="Upload_DisallowedExtension_Throws" />
    </UnitTest>
    <UnitTest name="WoodenHousesAPI.Tests.Unit.FileServiceTests.Upload_DisallowedExtension_Throws(filename: &quot;script.php&quot;)" storage="/mnt/c/users/admin/wooden-houses-kenya/backend/woodenhousesapi.tests/bin/debug/net8.0/woodenhousesapi.tests.dll" id="4bd4228d-0c47-d28f-5222-594302007aa9">
      <Execution id="af65dd64-aa44-49e7-b827-fd096e5a34ba" />
      <TestMethod codeBase="/mnt/c/Users/ADMIN/wooden-houses-kenya/backend/WoodenHousesAPI.Tests/bin/Debug/net8.0/WoodenHousesAPI.Tests.dll" adapterTypeName="executor://xunit/VsTestRunner2/netcoreapp" className="WoodenHousesAPI.Tests.Unit.FileServiceTests" name="Upload_DisallowedExtension_Throws" />
    </UnitTest>
    <UnitTest name="WoodenHousesAPI.Tests.Integration.AuthControllerTests.Login_MissingPassword_Returns400" storage="/mnt/c/users/admin/wooden-houses-kenya/backend/woodenhousesapi.tests/bin/debug/net8.0/woodenhousesapi.tests.dll" id="9a7e5a17-7e61-ca7a-9f37-9bf9770323d2">
      <Execution id="61ee6462-29a2-4d00-9eac-97abb5ce976f" />
      <TestMethod codeBase="/mnt/c/Users/ADMIN/wooden-houses-kenya/backend/WoodenHousesAPI.Tests/bin/Debug/net8.0/WoodenHousesAPI.Tests.dll" adapterTypeName="executor://xunit/VsTestRunner2/netcoreapp" className="WoodenHousesAPI.Tests.Integration.AuthControllerTests" name="Login_MissingPassword_Returns400" />
    </UnitTest>
    <UnitTest name="WoodenHousesAPI.Tests.Integration.ContactsControllerTests.GetContacts_FilterByStatus_ReturnsOnlyMatchingRecords" storage="/mnt/c/users/admin/wooden-houses-kenya/backend/woodenhousesapi.tests/bin/debug/net8.0/woodenhousesapi.tests.dll" id="b385caad-d0c7-b7ab-43c4-341b8b5f9842">
      <Execution id="a3100671-5733-4033-af4d-67d2ea0f2e88" />
      <TestMethod codeBase="/mnt/c/Users/ADMIN/wooden-houses-kenya/backend/WoodenHousesAPI.Tests/bin/Debug/net8.0/WoodenHousesAPI.Tests.dll" adapterTypeName="executor://xunit/VsTestRunner2/netcoreapp" className="WoodenHousesAPI.Tests.Integration.ContactsControllerTests" name="GetContacts_FilterByStatus_ReturnsOnlyMatchingRecords" />
    </UnitTest>
    <UnitTest name="WoodenHousesAPI.Tests.Integration.PublicEndpointsTests.GetProjects_ReturnsPublishedProjects" storage="/mnt/c/users/admin/wooden-houses-kenya/backend/woodenhousesapi.tests/bin/debug/net8.0/woodenhousesapi.tests.dll" id="e746bf44-f03f-7be1-86b3-c62835181bc8">
      <Execution id="4c142ce6-f971-4833-84ec-bbd1c3d8e8cf" />
      <TestMethod codeBase="/mnt/c/Users/ADMIN/wooden-houses-kenya/backend/WoodenHousesAPI.Tests/bin/Debug/net8.0/WoodenHousesAPI.Tests.dll" adapterTypeName="executor://xunit/VsTestRunner2/netcoreapp" className="WoodenHousesAPI.Tests.Integration.PublicEndpointsTests" name="GetProjects_ReturnsPublishedProjects" />
    </UnitTest>
    <UnitTest name="WoodenHousesAPI.Tests.Integration.SecurityTests.ContactSubmit_WithInjectionInName_Returns400NotServerError(maliciousInput: &quot;\&quot; OR \&quot;1\&quot;=\&quot;1&quot;)" storage="/mnt/c/users/admin/wooden-houses-kenya/backend/woodenhousesapi.tests/bin/debug/net8.0/woodenhousesapi.tests.dll" id="a625f868-de46-9853-7b6c-c01f4aa7a459">
      <Execution id="dcd1a82d-70cb-4c95-9c08-4ceb5dc05194" />
      <TestMethod codeBase="/mnt/c/Users/ADMIN/wooden-houses-kenya/backend/WoodenHousesAPI.Tests/bin/Debug/net8.0/WoodenHousesAPI.Tests.dll" adapterTypeName="executor://xunit/VsTestRunner2/netcoreapp" className="WoodenHousesAPI.Tests.Integration.SecurityTests" name="ContactSubmit_WithInjectionInName_Returns400NotServerError" />
    </UnitTest>
    <UnitTest name="WoodenHousesAPI.Tests.Integration.SecurityTests.Preflight_FromAllowedOrigin_Returns200WithCorsHeaders" storage="/mnt/c/users/admin/wooden-houses-kenya/backend/woodenhousesapi.tests/bin/debug/net8.0/woodenhousesapi.tests.dll" id="9f095217-3c76-0521-19df-0ac5f105dd2f">
      <Execution id="df9865af-9b4e-4eed-b2be-b1e66dc3f59f" />
      <TestMethod codeBase="/mnt/c/Users/ADMIN/wooden-houses-kenya/backend/WoodenHousesAPI.Tests/bin/Debug/net8.0/WoodenHousesAPI.Tests.dll" adapterTypeName="executor://xunit/VsTestRunner2/netcoreapp" className="WoodenHousesAPI.Tests.Integration.SecurityTests" name="Preflight_FromAllowedOrigin_Returns200WithCorsHeaders" />
    </UnitTest>
    <UnitTest name="WoodenHousesAPI.Tests.Unit.AuthServiceTests.Login_TokenContainsCorrectClaims" storage="/mnt/c/users/admin/wooden-houses-kenya/backend/woodenhousesapi.tests/bin/debug/net8.0/woodenhousesapi.tests.dll" id="24684fb2-9566-efcd-f805-d54b061a33a0">
      <Execution id="e3f6bc92-49a8-4999-9bff-0e22cc5ad489" />
      <TestMethod codeBase="/mnt/c/Users/ADMIN/wooden-houses-kenya/backend/WoodenHousesAPI.Tests/bin/Debug/net8.0/WoodenHousesAPI.Tests.dll" adapterTypeName="executor://xunit/VsTestRunner2/netcoreapp" className="WoodenHousesAPI.Tests.Unit.AuthServiceTests" name="Login_TokenContainsCorrectClaims" />
    </UnitTest>
    <UnitTest name="WoodenHousesAPI.Tests.Integration.QuotesControllerTests.CreateQuote_Unauthenticated_Returns401" storage="/mnt/c/users/admin/wooden-houses-kenya/backend/woodenhousesapi.tests/bin/debug/net8.0/woodenhousesapi.tests.dll" id="353e17c6-d643-64a0-c68c-b3bb1265df97">
      <Execution id="74a9c090-7cd5-42fd-b19f-3cb84aa4903d" />
      <TestMethod codeBase="/mnt/c/Users/ADMIN/wooden-houses-kenya/backend/WoodenHousesAPI.Tests/bin/Debug/net8.0/WoodenHousesAPI.Tests.dll" adapterTypeName="executor://xunit/VsTestRunner2/netcoreapp" className="WoodenHousesAPI.Tests.Integration.QuotesControllerTests" name="CreateQuote_Unauthenticated_Returns401" />
    </UnitTest>
    <UnitTest name="WoodenHousesAPI.Tests.Unit.FileServiceTests.Upload_DisallowedExtension_Throws(filename: &quot;shell.sh&quot;)" storage="/mnt/c/users/admin/wooden-houses-kenya/backend/woodenhousesapi.tests/bin/debug/net8.0/woodenhousesapi.tests.dll" id="f1c83168-62b9-ae7c-602f-57f6bb98afb5">
      <Execution id="3b71bbea-c211-48f2-bcbb-c269cfb32f58" />
      <TestMethod codeBase="/mnt/c/Users/ADMIN/wooden-houses-kenya/backend/WoodenHousesAPI.Tests/bin/Debug/net8.0/WoodenHousesAPI.Tests.dll" adapterTypeName="executor://xunit/VsTestRunner2/netcoreapp" className="WoodenHousesAPI.Tests.Unit.FileServiceTests" name="Upload_DisallowedExtension_Throws" />
    </UnitTest>
    <UnitTest name="WoodenHousesAPI.Tests.Integration.PublicEndpointsTests.AdminRoutes_WithoutAuth_Return401(method: &quot;GET&quot;, path: &quot;/api/admin/contacts&quot;)" storage="/mnt/c/users/admin/wooden-houses-kenya/backend/woodenhousesapi.tests/bin/debug/net8.0/woodenhousesapi.tests.dll" id="02b4a2a0-2c58-50f1-3fa6-ecb780f5c28c">
      <Execution id="92fedf8c-8193-4da2-b6e5-5f0da1547305" />
      <TestMethod codeBase="/mnt/c/Users/ADMIN/wooden-houses-kenya/backend/WoodenHousesAPI.Tests/bin/Debug/net8.0/WoodenHousesAPI.Tests.dll" adapterTypeName="executor://xunit/VsTestRunner2/netcoreapp" className="WoodenHousesAPI.Tests.Integration.PublicEndpointsTests" name="AdminRoutes_WithoutAuth_Return401" />
    </UnitTest>
    <UnitTest name="WoodenHousesAPI.Tests.Integration.QuotesControllerTests.CreateQuote_ValidPayload_Returns201WithQuoteNumber" storage="/mnt/c/users/admin/wooden-houses-kenya/backend/woodenhousesapi.tests/bin/debug/net8.0/woodenhousesapi.tests.dll" id="58e22484-e5eb-a30a-46ef-d819ec9a6e0f">
      <Execution id="e1ec9306-9d97-41f4-8448-dd6a863bec83" />
      <TestMethod codeBase="/mnt/c/Users/ADMIN/wooden-houses-kenya/backend/WoodenHousesAPI.Tests/bin/Debug/net8.0/WoodenHousesAPI.Tests.dll" adapterTypeName="executor://xunit/VsTestRunner2/netcoreapp" className="WoodenHousesAPI.Tests.Integration.QuotesControllerTests" name="CreateQuote_ValidPayload_Returns201WithQuoteNumber" />
    </UnitTest>
    <UnitTest name="WoodenHousesAPI.Tests.Unit.FileServiceTests.Upload_AllAllowedExtensions_Succeed(filename: &quot;photo.jpeg&quot;)" storage="/mnt/c/users/admin/wooden-houses-kenya/backend/woodenhousesapi.tests/bin/debug/net8.0/woodenhousesapi.tests.dll" id="55c3c840-c0a6-9c1b-6ec4-4cf58380612b">
      <Execution id="f115d3b9-cb84-4add-b3e9-adab31c43b54" />
      <TestMethod codeBase="/mnt/c/Users/ADMIN/wooden-houses-kenya/backend/WoodenHousesAPI.Tests/bin/Debug/net8.0/WoodenHousesAPI.Tests.dll" adapterTypeName="executor://xunit/VsTestRunner2/netcoreapp" className="WoodenHousesAPI.Tests.Unit.FileServiceTests" name="Upload_AllAllowedExtensions_Succeed" />
    </UnitTest>
    <UnitTest name="WoodenHousesAPI.Tests.Integration.SecurityTests.AdminEndpoint_WithTamperedToken_Returns401" storage="/mnt/c/users/admin/wooden-houses-kenya/backend/woodenhousesapi.tests/bin/debug/net8.0/woodenhousesapi.tests.dll" id="8175f086-32ca-935f-3add-b73f874acb77">
      <Execution id="4d6c26b5-da29-4a32-98ff-746350ebb876" />
      <TestMethod codeBase="/mnt/c/Users/ADMIN/wooden-houses-kenya/backend/WoodenHousesAPI.Tests/bin/Debug/net8.0/WoodenHousesAPI.Tests.dll" adapterTypeName="executor://xunit/VsTestRunner2/netcoreapp" className="WoodenHousesAPI.Tests.Integration.SecurityTests" name="AdminEndpoint_WithTamperedToken_Returns401" />
    </UnitTest>
    <UnitTest name="WoodenHousesAPI.Tests.Unit.FileServiceTests.Upload_AllAllowedExtensions_Succeed(filename: &quot;hero.webp&quot;)" storage="/mnt/c/users/admin/wooden-houses-kenya/backend/woodenhousesapi.tests/bin/debug/net8.0/woodenhousesapi.tests.dll" id="2d05f677-c0ff-662d-f6ef-cfb3f6dfed84">
      <Execution id="01148f24-81b4-4788-8319-e89df8ff7f42" />
      <TestMethod codeBase="/mnt/c/Users/ADMIN/wooden-houses-kenya/backend/WoodenHousesAPI.Tests/bin/Debug/net8.0/WoodenHousesAPI.Tests.dll" adapterTypeName="executor://xunit/VsTestRunner2/netcoreapp" className="WoodenHousesAPI.Tests.Unit.FileServiceTests" name="Upload_AllAllowedExtensions_Succeed" />
    </UnitTest>
    <UnitTest name="WoodenHousesAPI.Tests.Integration.AuthControllerTests.Logout_ClearsAuthCookie" storage="/mnt/c/users/admin/wooden-houses-kenya/backend/woodenhousesapi.tests/bin/debug/net8.0/woodenhousesapi.tests.dll" id="d322d014-662b-95dd-770e-4328ad6d2f1a">
      <Execution id="cab3bd3e-37b6-463b-bfeb-70476ea7518c" />
      <TestMethod codeBase="/mnt/c/Users/ADMIN/wooden-houses-kenya/backend/WoodenHousesAPI.Tests/bin/Debug/net8.0/WoodenHousesAPI.Tests.dll" adapterTypeName="executor://xunit/VsTestRunner2/netcoreapp" className="WoodenHousesAPI.Tests.Integration.AuthControllerTests" name="Logout_ClearsAuthCookie" />
    </UnitTest>
    <UnitTest name="WoodenHousesAPI.Tests.Integration.QuotesControllerTests.GetQuotes_Authenticated_ReturnsPaginatedList" storage="/mnt/c/users/admin/wooden-houses-kenya/backend/woodenhousesapi.tests/bin/debug/net8.0/woodenhousesapi.tests.dll" id="56a5b9cc-5e7e-a9e6-f597-bc391125f7c4">
      <Execution id="a3e17f43-ff0e-49ff-9188-05b3ae8e55b5" />
      <TestMethod codeBase="/mnt/c/Users/ADMIN/wooden-houses-kenya/backend/WoodenHousesAPI.Tests/bin/Debug/net8.0/WoodenHousesAPI.Tests.dll" adapterTypeName="executor://xunit/VsTestRunner2/netcoreapp" className="WoodenHousesAPI.Tests.Integration.QuotesControllerTests" name="GetQuotes_Authenticated_ReturnsPaginatedList" />
    </UnitTest>
    <UnitTest name="WoodenHousesAPI.Tests.Unit.AuthServiceTests.Login_WithValidCredentials_ReturnsToken" storage="/mnt/c/users/admin/wooden-houses-kenya/backend/woodenhousesapi.tests/bin/debug/net8.0/woodenhousesapi.tests.dll" id="53c3cc59-06ee-1511-66dd-52fc2269736f">
      <Execution id="d081ca13-c050-48f8-aa3c-9ff45a959609" />
      <TestMethod codeBase="/mnt/c/Users/ADMIN/wooden-houses-kenya/backend/WoodenHousesAPI.Tests/bin/Debug/net8.0/WoodenHousesAPI.Tests.dll" adapterTypeName="executor://xunit/VsTestRunner2/netcoreapp" className="WoodenHousesAPI.Tests.Unit.AuthServiceTests" name="Login_WithValidCredentials_ReturnsToken" />
    </UnitTest>
    <UnitTest name="WoodenHousesAPI.Tests.Integration.AuthControllerTests.Login_ErrorMessageDoesNotRevealWhichFieldWasWrong" storage="/mnt/c/users/admin/wooden-houses-kenya/backend/woodenhousesapi.tests/bin/debug/net8.0/woodenhousesapi.tests.dll" id="1e248c0d-ee55-ae39-7e4e-a6f7423b232a">
      <Execution id="8994a38b-3f6f-43d1-9594-5693947e238d" />
      <TestMethod codeBase="/mnt/c/Users/ADMIN/wooden-houses-kenya/backend/WoodenHousesAPI.Tests/bin/Debug/net8.0/WoodenHousesAPI.Tests.dll" adapterTypeName="executor://xunit/VsTestRunner2/netcoreapp" className="WoodenHousesAPI.Tests.Integration.AuthControllerTests" name="Login_ErrorMessageDoesNotRevealWhichFieldWasWrong" />
    </UnitTest>
    <UnitTest name="WoodenHousesAPI.Tests.Integration.PublicEndpointsTests.AdminRoutes_WithoutAuth_Return401(method: &quot;GET&quot;, path: &quot;/api/admin/quotes&quot;)" storage="/mnt/c/users/admin/wooden-houses-kenya/backend/woodenhousesapi.tests/bin/debug/net8.0/woodenhousesapi.tests.dll" id="aad2b201-1a5b-df30-b58b-b4b88724e215">
      <Execution id="54615136-fec8-4aa2-a27d-f18e32a57f60" />
      <TestMethod codeBase="/mnt/c/Users/ADMIN/wooden-houses-kenya/backend/WoodenHousesAPI.Tests/bin/Debug/net8.0/WoodenHousesAPI.Tests.dll" adapterTypeName="executor://xunit/VsTestRunner2/netcoreapp" className="WoodenHousesAPI.Tests.Integration.PublicEndpointsTests" name="AdminRoutes_WithoutAuth_Return401" />
    </UnitTest>
    <UnitTest name="WoodenHousesAPI.Tests.Unit.AuthServiceTests.Login_TwoCallsProduceDifferentTokens" storage="/mnt/c/users/admin/wooden-houses-kenya/backend/woodenhousesapi.tests/bin/debug/net8.0/woodenhousesapi.tests.dll" id="1bd7f63b-45a1-7bd4-c7c1-0e77b7be8264">
      <Execution id="72428a0f-1b1d-4c96-a2da-73f45bd13161" />
      <TestMethod codeBase="/mnt/c/Users/ADMIN/wooden-houses-kenya/backend/WoodenHousesAPI.Tests/bin/Debug/net8.0/WoodenHousesAPI.Tests.dll" adapterTypeName="executor://xunit/VsTestRunner2/netcoreapp" className="WoodenHousesAPI.Tests.Unit.AuthServiceTests" name="Login_TwoCallsProduceDifferentTokens" />
    </UnitTest>
    <UnitTest name="WoodenHousesAPI.Tests.Integration.ContactsControllerTests.SubmitContact_MissingRequiredName_Returns400" storage="/mnt/c/users/admin/wooden-houses-kenya/backend/woodenhousesapi.tests/bin/debug/net8.0/woodenhousesapi.tests.dll" id="abecd66e-88e7-fbed-0117-528578b0b013">
      <Execution id="48669160-ea71-4ff8-946c-515c3c222837" />
      <TestMethod codeBase="/mnt/c/Users/ADMIN/wooden-houses-kenya/backend/WoodenHousesAPI.Tests/bin/Debug/net8.0/WoodenHousesAPI.Tests.dll" adapterTypeName="executor://xunit/VsTestRunner2/netcoreapp" className="WoodenHousesAPI.Tests.Integration.ContactsControllerTests" name="SubmitContact_MissingRequiredName_Returns400" />
    </UnitTest>
    <UnitTest name="WoodenHousesAPI.Tests.Integration.PublicEndpointsTests.GetProjects_FilterFeatured_OnlyReturnsFeaturedProjects" storage="/mnt/c/users/admin/wooden-houses-kenya/backend/woodenhousesapi.tests/bin/debug/net8.0/woodenhousesapi.tests.dll" id="234a4865-a890-ffe5-3177-cb831de1d315">
      <Execution id="286e7707-7993-47fe-8afc-c02265a11aca" />
      <TestMethod codeBase="/mnt/c/Users/ADMIN/wooden-houses-kenya/backend/WoodenHousesAPI.Tests/bin/Debug/net8.0/WoodenHousesAPI.Tests.dll" adapterTypeName="executor://xunit/VsTestRunner2/netcoreapp" className="WoodenHousesAPI.Tests.Integration.PublicEndpointsTests" name="GetProjects_FilterFeatured_OnlyReturnsFeaturedProjects" />
    </UnitTest>
    <UnitTest name="WoodenHousesAPI.Tests.Unit.FileServiceTests.Upload_AllAllowedExtensions_Succeed(filename: &quot;banner.gif&quot;)" storage="/mnt/c/users/admin/wooden-houses-kenya/backend/woodenhousesapi.tests/bin/debug/net8.0/woodenhousesapi.tests.dll" id="e5a4f51e-e4ba-c905-45c0-f860b6ad0e0d">
      <Execution id="5351af81-b751-4574-9d89-8f9ba260212f" />
      <TestMethod codeBase="/mnt/c/Users/ADMIN/wooden-houses-kenya/backend/WoodenHousesAPI.Tests/bin/Debug/net8.0/WoodenHousesAPI.Tests.dll" adapterTypeName="executor://xunit/VsTestRunner2/netcoreapp" className="WoodenHousesAPI.Tests.Unit.FileServiceTests" name="Upload_AllAllowedExtensions_Succeed" />
    </UnitTest>
    <UnitTest name="WoodenHousesAPI.Tests.Integration.PublicEndpointsTests.AdminRoutes_WithoutAuth_Return401(method: &quot;GET&quot;, path: &quot;/api/admin/newsletter&quot;)" storage="/mnt/c/users/admin/wooden-houses-kenya/backend/woodenhousesapi.tests/bin/debug/net8.0/woodenhousesapi.tests.dll" id="2a0ce76c-7531-ab2e-23b2-7532a9659548">
      <Execution id="0b62293f-9de3-4eb9-b213-edb9e65fd424" />
      <TestMethod codeBase="/mnt/c/Users/ADMIN/wooden-houses-kenya/backend/WoodenHousesAPI.Tests/bin/Debug/net8.0/WoodenHousesAPI.Tests.dll" adapterTypeName="executor://xunit/VsTestRunner2/netcoreapp" className="WoodenHousesAPI.Tests.Integration.PublicEndpointsTests" name="AdminRoutes_WithoutAuth_Return401" />
    </UnitTest>
    <UnitTest name="WoodenHousesAPI.Tests.Integration.PublicEndpointsTests.Unsubscribe_UnknownEmail_Returns404" storage="/mnt/c/users/admin/wooden-houses-kenya/backend/woodenhousesapi.tests/bin/debug/net8.0/woodenhousesapi.tests.dll" id="115f3691-0b76-7d84-86ba-690a197f556d">
      <Execution id="6ca1729b-5db0-4339-86f4-1fd12b62af2c" />
      <TestMethod codeBase="/mnt/c/Users/ADMIN/wooden-houses-kenya/backend/WoodenHousesAPI.Tests/bin/Debug/net8.0/WoodenHousesAPI.Tests.dll" adapterTypeName="executor://xunit/VsTestRunner2/netcoreapp" className="WoodenHousesAPI.Tests.Integration.PublicEndpointsTests" name="Unsubscribe_UnknownEmail_Returns404" />
    </UnitTest>
    <UnitTest name="WoodenHousesAPI.Tests.Integration.SecurityTests.EveryResponse_HasRequiredSecurityHeader(header: &quot;Referrer-Policy&quot;, expectedValue: &quot;strict-origin-when-cross-origin&quot;)" storage="/mnt/c/users/admin/wooden-houses-kenya/backend/woodenhousesapi.tests/bin/debug/net8.0/woodenhousesapi.tests.dll" id="bc278dc9-a6c1-7b99-694e-80c99445a1d4">
      <Execution id="8f63c508-21d5-43f4-b388-69c1b1a5e50c" />
      <TestMethod codeBase="/mnt/c/Users/ADMIN/wooden-houses-kenya/backend/WoodenHousesAPI.Tests/bin/Debug/net8.0/WoodenHousesAPI.Tests.dll" adapterTypeName="executor://xunit/VsTestRunner2/netcoreapp" className="WoodenHousesAPI.Tests.Integration.SecurityTests" name="EveryResponse_HasRequiredSecurityHeader" />
    </UnitTest>
    <UnitTest name="WoodenHousesAPI.Tests.Integration.PublicEndpointsTests.Subscribe_DuplicateActiveEmail_Returns200WithAlreadySubscribed" storage="/mnt/c/users/admin/wooden-houses-kenya/backend/woodenhousesapi.tests/bin/debug/net8.0/woodenhousesapi.tests.dll" id="98b21c66-d39b-cec4-657c-5609e509d675">
      <Execution id="5e46614a-20ee-4c95-abe8-c033827f3f18" />
      <TestMethod codeBase="/mnt/c/Users/ADMIN/wooden-houses-kenya/backend/WoodenHousesAPI.Tests/bin/Debug/net8.0/WoodenHousesAPI.Tests.dll" adapterTypeName="executor://xunit/VsTestRunner2/netcoreapp" className="WoodenHousesAPI.Tests.Integration.PublicEndpointsTests" name="Subscribe_DuplicateActiveEmail_Returns200WithAlreadySubscribed" />
    </UnitTest>
    <UnitTest name="WoodenHousesAPI.Tests.Unit.AuthServiceTests.Login_IsCaseInsensitiveOnEmail" storage="/mnt/c/users/admin/wooden-houses-kenya/backend/woodenhousesapi.tests/bin/debug/net8.0/woodenhousesapi.tests.dll" id="7bc01e6c-a122-0fab-bc67-d3bcbbd08f7c">
      <Execution id="e1b0c3f8-96dc-4728-81e3-a0ca1c3675e9" />
      <TestMethod codeBase="/mnt/c/Users/ADMIN/wooden-houses-kenya/backend/WoodenHousesAPI.Tests/bin/Debug/net8.0/WoodenHousesAPI.Tests.dll" adapterTypeName="executor://xunit/VsTestRunner2/netcoreapp" className="WoodenHousesAPI.Tests.Unit.AuthServiceTests" name="Login_IsCaseInsensitiveOnEmail" />
    </UnitTest>
    <UnitTest name="WoodenHousesAPI.Tests.Integration.ContactsControllerTests.PatchContact_UpdateStatus_Persists" storage="/mnt/c/users/admin/wooden-houses-kenya/backend/woodenhousesapi.tests/bin/debug/net8.0/woodenhousesapi.tests.dll" id="0d325393-ed3a-b647-0c89-c534e7fc2dfe">
      <Execution id="0379d3ea-57c6-4fa1-b7d9-9cb2e8340b06" />
      <TestMethod codeBase="/mnt/c/Users/ADMIN/wooden-houses-kenya/backend/WoodenHousesAPI.Tests/bin/Debug/net8.0/WoodenHousesAPI.Tests.dll" adapterTypeName="executor://xunit/VsTestRunner2/netcoreapp" className="WoodenHousesAPI.Tests.Integration.ContactsControllerTests" name="PatchContact_UpdateStatus_Persists" />
    </UnitTest>
    <UnitTest name="WoodenHousesAPI.Tests.Integration.AuthControllerTests.Login_UnknownEmail_Returns401" storage="/mnt/c/users/admin/wooden-houses-kenya/backend/woodenhousesapi.tests/bin/debug/net8.0/woodenhousesapi.tests.dll" id="08855bc1-f69b-1d31-0a4b-315beddd8146">
      <Execution id="afe9bb0b-9fa8-4e66-8208-4a54ac5acc83" />
      <TestMethod codeBase="/mnt/c/Users/ADMIN/wooden-houses-kenya/backend/WoodenHousesAPI.Tests/bin/Debug/net8.0/WoodenHousesAPI.Tests.dll" adapterTypeName="executor://xunit/VsTestRunner2/netcoreapp" className="WoodenHousesAPI.Tests.Integration.AuthControllerTests" name="Login_UnknownEmail_Returns401" />
    </UnitTest>
    <UnitTest name="WoodenHousesAPI.Tests.Integration.SecurityTests.EveryResponse_HasRequiredSecurityHeader(header: &quot;X-XSS-Protection&quot;, expectedValue: &quot;1; mode=block&quot;)" storage="/mnt/c/users/admin/wooden-houses-kenya/backend/woodenhousesapi.tests/bin/debug/net8.0/woodenhousesapi.tests.dll" id="c8c1d9a9-3c8f-37e6-eed0-4a3eedf6b51d">
      <Execution id="3bd88073-948d-4ff8-b1c1-79e19037d86d" />
      <TestMethod codeBase="/mnt/c/Users/ADMIN/wooden-houses-kenya/backend/WoodenHousesAPI.Tests/bin/Debug/net8.0/WoodenHousesAPI.Tests.dll" adapterTypeName="executor://xunit/VsTestRunner2/netcoreapp" className="WoodenHousesAPI.Tests.Integration.SecurityTests" name="EveryResponse_HasRequiredSecurityHeader" />
    </UnitTest>
    <UnitTest name="WoodenHousesAPI.Tests.Integration.ContactsControllerTests.SubmitContact_MessageTooLong_Returns400" storage="/mnt/c/users/admin/wooden-houses-kenya/backend/woodenhousesapi.tests/bin/debug/net8.0/woodenhousesapi.tests.dll" id="277c93d5-702b-37a1-cc65-d467ea29729f">
      <Execution id="8bd2fee2-c28c-401d-8cee-26f6d926f3c5" />
      <TestMethod codeBase="/mnt/c/Users/ADMIN/wooden-houses-kenya/backend/WoodenHousesAPI.Tests/bin/Debug/net8.0/WoodenHousesAPI.Tests.dll" adapterTypeName="executor://xunit/VsTestRunner2/netcoreapp" className="WoodenHousesAPI.Tests.Integration.ContactsControllerTests" name="SubmitContact_MessageTooLong_Returns400" />
    </UnitTest>
    <UnitTest name="WoodenHousesAPI.Tests.Integration.PublicEndpointsTests.GetServices_ReturnsPublishedServices" storage="/mnt/c/users/admin/wooden-houses-kenya/backend/woodenhousesapi.tests/bin/debug/net8.0/woodenhousesapi.tests.dll" id="16aa84bc-7303-05f4-c7eb-3ffa494c9292">
      <Execution id="9c2f3777-4b61-4871-a0f3-79027a022fae" />
      <TestMethod codeBase="/mnt/c/Users/ADMIN/wooden-houses-kenya/backend/WoodenHousesAPI.Tests/bin/Debug/net8.0/WoodenHousesAPI.Tests.dll" adapterTypeName="executor://xunit/VsTestRunner2/netcoreapp" className="WoodenHousesAPI.Tests.Integration.PublicEndpointsTests" name="GetServices_ReturnsPublishedServices" />
    </UnitTest>
    <UnitTest name="WoodenHousesAPI.Tests.Unit.AuthServiceTests.Login_WithNonExistentEmail_ReturnsNull" storage="/mnt/c/users/admin/wooden-houses-kenya/backend/woodenhousesapi.tests/bin/debug/net8.0/woodenhousesapi.tests.dll" id="f967e081-83a4-4e9c-c448-35d999b97892">
      <Execution id="0da197c4-dd60-4906-a15a-6c3d9281af0e" />
      <TestMethod codeBase="/mnt/c/Users/ADMIN/wooden-houses-kenya/backend/WoodenHousesAPI.Tests/bin/Debug/net8.0/WoodenHousesAPI.Tests.dll" adapterTypeName="executor://xunit/VsTestRunner2/netcoreapp" className="WoodenHousesAPI.Tests.Unit.AuthServiceTests" name="Login_WithNonExistentEmail_ReturnsNull" />
    </UnitTest>
    <UnitTest name="WoodenHousesAPI.Tests.Integration.ContactsControllerTests.SubmitContact_ValidPayload_Returns200AndSavesToDb" storage="/mnt/c/users/admin/wooden-houses-kenya/backend/woodenhousesapi.tests/bin/debug/net8.0/woodenhousesapi.tests.dll" id="5e5baab9-9ae5-9bdb-534b-c065656f58af">
      <Execution id="f4912acb-ad83-44f1-8286-3c397a169816" />
      <TestMethod codeBase="/mnt/c/Users/ADMIN/wooden-houses-kenya/backend/WoodenHousesAPI.Tests/bin/Debug/net8.0/WoodenHousesAPI.Tests.dll" adapterTypeName="executor://xunit/VsTestRunner2/netcoreapp" className="WoodenHousesAPI.Tests.Integration.ContactsControllerTests" name="SubmitContact_ValidPayload_Returns200AndSavesToDb" />
    </UnitTest>
    <UnitTest name="WoodenHousesAPI.Tests.Integration.PublicEndpointsTests.Subscribe_NewEmail_Returns200" storage="/mnt/c/users/admin/wooden-houses-kenya/backend/woodenhousesapi.tests/bin/debug/net8.0/woodenhousesapi.tests.dll" id="b8ea6cb3-b632-f099-6f03-f582f65241da">
      <Execution id="fb04b721-f402-4e4e-adbc-08ab83d311dd" />
      <TestMethod codeBase="/mnt/c/Users/ADMIN/wooden-houses-kenya/backend/WoodenHousesAPI.Tests/bin/Debug/net8.0/WoodenHousesAPI.Tests.dll" adapterTypeName="executor://xunit/VsTestRunner2/netcoreapp" className="WoodenHousesAPI.Tests.Integration.PublicEndpointsTests" name="Subscribe_NewEmail_Returns200" />
    </UnitTest>
    <UnitTest name="WoodenHousesAPI.Tests.Integration.PublicEndpointsTests.HealthCheck_Returns200" storage="/mnt/c/users/admin/wooden-houses-kenya/backend/woodenhousesapi.tests/bin/debug/net8.0/woodenhousesapi.tests.dll" id="7e0ff517-805d-5678-a7f8-a8206ed426cc">
      <Execution id="512e1430-9517-4273-b243-432261ace02b" />
      <TestMethod codeBase="/mnt/c/Users/ADMIN/wooden-houses-kenya/backend/WoodenHousesAPI.Tests/bin/Debug/net8.0/WoodenHousesAPI.Tests.dll" adapterTypeName="executor://xunit/VsTestRunner2/netcoreapp" className="WoodenHousesAPI.Tests.Integration.PublicEndpointsTests" name="HealthCheck_Returns200" />
    </UnitTest>
    <UnitTest name="WoodenHousesAPI.Tests.Unit.FileServiceTests.Upload_AllAllowedExtensions_Succeed(filename: &quot;image.jpg&quot;)" storage="/mnt/c/users/admin/wooden-houses-kenya/backend/woodenhousesapi.tests/bin/debug/net8.0/woodenhousesapi.tests.dll" id="08cc06fb-d023-7d80-ec9b-c4994b50906c">
      <Execution id="5e9e6e41-92d1-4d86-8eeb-7a0e27ea0888" />
      <TestMethod codeBase="/mnt/c/Users/ADMIN/wooden-houses-kenya/backend/WoodenHousesAPI.Tests/bin/Debug/net8.0/WoodenHousesAPI.Tests.dll" adapterTypeName="executor://xunit/VsTestRunner2/netcoreapp" className="WoodenHousesAPI.Tests.Unit.FileServiceTests" name="Upload_AllAllowedExtensions_Succeed" />
    </UnitTest>
    <UnitTest name="WoodenHousesAPI.Tests.Integration.AuthControllerTests.Login_ValidCredentials_Returns200AndSetsAuthCookie" storage="/mnt/c/users/admin/wooden-houses-kenya/backend/woodenhousesapi.tests/bin/debug/net8.0/woodenhousesapi.tests.dll" id="b2d27145-e24c-6798-67ef-c88c641792b7">
      <Execution id="c91b3ee0-06eb-40fe-b635-c22ca6497dc8" />
      <TestMethod codeBase="/mnt/c/Users/ADMIN/wooden-houses-kenya/backend/WoodenHousesAPI.Tests/bin/Debug/net8.0/WoodenHousesAPI.Tests.dll" adapterTypeName="executor://xunit/VsTestRunner2/netcoreapp" className="WoodenHousesAPI.Tests.Integration.AuthControllerTests" name="Login_ValidCredentials_Returns200AndSetsAuthCookie" />
    </UnitTest>
    <UnitTest name="WoodenHousesAPI.Tests.Integration.SecurityTests.EveryResponse_HasRequiredSecurityHeader(header: &quot;X-Frame-Options&quot;, expectedValue: &quot;DENY&quot;)" storage="/mnt/c/users/admin/wooden-houses-kenya/backend/woodenhousesapi.tests/bin/debug/net8.0/woodenhousesapi.tests.dll" id="d1d3285e-8cbd-7dff-5dbe-f38616de116a">
      <Execution id="25222f59-b16f-4ab5-aafc-f570fd0eb568" />
      <TestMethod codeBase="/mnt/c/Users/ADMIN/wooden-houses-kenya/backend/WoodenHousesAPI.Tests/bin/Debug/net8.0/WoodenHousesAPI.Tests.dll" adapterTypeName="executor://xunit/VsTestRunner2/netcoreapp" className="WoodenHousesAPI.Tests.Integration.SecurityTests" name="EveryResponse_HasRequiredSecurityHeader" />
    </UnitTest>
    <UnitTest name="WoodenHousesAPI.Tests.Unit.FileServiceTests.Delete_NonExistentFile_DoesNotThrow" storage="/mnt/c/users/admin/wooden-houses-kenya/backend/woodenhousesapi.tests/bin/debug/net8.0/woodenhousesapi.tests.dll" id="9c63e70b-2cd2-71cc-b02b-2ceb5e0ca5a6">
      <Execution id="e86a106e-2687-4434-b0e2-b94d9a3efeb3" />
      <TestMethod codeBase="/mnt/c/Users/ADMIN/wooden-houses-kenya/backend/WoodenHousesAPI.Tests/bin/Debug/net8.0/WoodenHousesAPI.Tests.dll" adapterTypeName="executor://xunit/VsTestRunner2/netcoreapp" className="WoodenHousesAPI.Tests.Unit.FileServiceTests" name="Delete_NonExistentFile_DoesNotThrow" />
    </UnitTest>
    <UnitTest name="WoodenHousesAPI.Tests.Integration.ContactsControllerTests.SubmitContact_NewsletterOptIn_AlsoCreatesSubscriber" storage="/mnt/c/users/admin/wooden-houses-kenya/backend/woodenhousesapi.tests/bin/debug/net8.0/woodenhousesapi.tests.dll" id="ca938910-4bd2-78a2-e76a-294316301487">
      <Execution id="2cd87d18-f19a-48db-aa8a-c3373d420476" />
      <TestMethod codeBase="/mnt/c/Users/ADMIN/wooden-houses-kenya/backend/WoodenHousesAPI.Tests/bin/Debug/net8.0/WoodenHousesAPI.Tests.dll" adapterTypeName="executor://xunit/VsTestRunner2/netcoreapp" className="WoodenHousesAPI.Tests.Integration.ContactsControllerTests" name="SubmitContact_NewsletterOptIn_AlsoCreatesSubscriber" />
    </UnitTest>
    <UnitTest name="WoodenHousesAPI.Tests.Integration.ContactsControllerTests.GetContactById_NonExistentId_Returns404" storage="/mnt/c/users/admin/wooden-houses-kenya/backend/woodenhousesapi.tests/bin/debug/net8.0/woodenhousesapi.tests.dll" id="1615d772-6979-f62c-6209-551559202035">
      <Execution id="9d00d245-cf2c-4e7e-ba2c-7d698b333de4" />
      <TestMethod codeBase="/mnt/c/Users/ADMIN/wooden-houses-kenya/backend/WoodenHousesAPI.Tests/bin/Debug/net8.0/WoodenHousesAPI.Tests.dll" adapterTypeName="executor://xunit/VsTestRunner2/netcoreapp" className="WoodenHousesAPI.Tests.Integration.ContactsControllerTests" name="GetContactById_NonExistentId_Returns404" />
    </UnitTest>
    <UnitTest name="WoodenHousesAPI.Tests.Unit.FileServiceTests.Upload_DisallowedExtension_Throws(filename: &quot;config.env&quot;)" storage="/mnt/c/users/admin/wooden-houses-kenya/backend/woodenhousesapi.tests/bin/debug/net8.0/woodenhousesapi.tests.dll" id="71c9ede7-390f-e406-ef68-0bba55eef17c">
      <Execution id="7a2c865e-9df7-4e70-a41d-c1e2fc37f177" />
      <TestMethod codeBase="/mnt/c/Users/ADMIN/wooden-houses-kenya/backend/WoodenHousesAPI.Tests/bin/Debug/net8.0/WoodenHousesAPI.Tests.dll" adapterTypeName="executor://xunit/VsTestRunner2/netcoreapp" className="WoodenHousesAPI.Tests.Unit.FileServiceTests" name="Upload_DisallowedExtension_Throws" />
    </UnitTest>
    <UnitTest name="WoodenHousesAPI.Tests.Unit.FileServiceTests.Upload_CreatesFileOnDisk" storage="/mnt/c/users/admin/wooden-houses-kenya/backend/woodenhousesapi.tests/bin/debug/net8.0/woodenhousesapi.tests.dll" id="ca1805b5-37cc-1731-3237-f3be40dc8157">
      <Execution id="2d56ee64-117a-4779-9d29-ded3e1ae4011" />
      <TestMethod codeBase="/mnt/c/Users/ADMIN/wooden-houses-kenya/backend/WoodenHousesAPI.Tests/bin/Debug/net8.0/WoodenHousesAPI.Tests.dll" adapterTypeName="executor://xunit/VsTestRunner2/netcoreapp" className="WoodenHousesAPI.Tests.Unit.FileServiceTests" name="Upload_CreatesFileOnDisk" />
    </UnitTest>
    <UnitTest name="WoodenHousesAPI.Tests.Integration.PublicEndpointsTests.GetProjectBySlug_NonExistentSlug_Returns404" storage="/mnt/c/users/admin/wooden-houses-kenya/backend/woodenhousesapi.tests/bin/debug/net8.0/woodenhousesapi.tests.dll" id="ae24d217-2949-e327-aa32-2bd2cea09b7a">
      <Execution id="a7d39a60-dc95-4053-bfe4-136e1aaa8a18" />
      <TestMethod codeBase="/mnt/c/Users/ADMIN/wooden-houses-kenya/backend/WoodenHousesAPI.Tests/bin/Debug/net8.0/WoodenHousesAPI.Tests.dll" adapterTypeName="executor://xunit/VsTestRunner2/netcoreapp" className="WoodenHousesAPI.Tests.Integration.PublicEndpointsTests" name="GetProjectBySlug_NonExistentSlug_Returns404" />
    </UnitTest>
    <UnitTest name="WoodenHousesAPI.Tests.Unit.FileServiceTests.Delete_ExistingFile_RemovesFromDisk" storage="/mnt/c/users/admin/wooden-houses-kenya/backend/woodenhousesapi.tests/bin/debug/net8.0/woodenhousesapi.tests.dll" id="eb8e63a1-e7c0-3f3f-2983-4df0a28929eb">
      <Execution id="e2076f27-744e-47a7-8219-c6b874523997" />
[...]
    </UnitTest>
    <UnitTest name="WoodenHousesAPI.Tests.Integration.PublicEndpointsTests.Subscribe_InvalidEmail_Returns400" storage="/mnt/c/users/admin/wooden-houses-kenya/backend/woodenhousesapi.tests/bin/debug/net8.0/woodenhousesapi.tests.dll" id="9d93271b-91e2-02e8-4b29-f4b20520494d">
      <Execution id="8435f597-37f7-4ae2-af5f-a2b5943551fe" />
      <TestMethod codeBase="/mnt/c/Users/ADMIN/wooden-houses-kenya/backend/WoodenHousesAPI.Tests/bin/Debug/net8.0/WoodenHousesAPI.Tests.dll" adapterTypeName="executor://xunit/VsTestRunner2/netcoreapp" className="WoodenHousesAPI.Tests.Integration.PublicEndpointsTests" name="Subscribe_InvalidEmail_Returns400" />
    </UnitTest>
    <UnitTest name="WoodenHousesAPI.Tests.Integration.ContactsControllerTests.GetContactById_ExistingContact_Returns200" storage="/mnt/c/users/admin/wooden-houses-kenya/backend/woodenhousesapi.tests/bin/debug/net8.0/woodenhousesapi.tests.dll" id="020ecd9b-a163-d81f-5325-4b610c3775cd">
      <Execution id="731c1175-aa17-477a-a7db-aa340355640e" />
      <TestMethod codeBase="/mnt/c/Users/ADMIN/wooden-houses-kenya/backend/WoodenHousesAPI.Tests/bin/Debug/net8.0/WoodenHousesAPI.Tests.dll" adapterTypeName="executor://xunit/VsTestRunner2/netcoreapp" className="WoodenHousesAPI.Tests.Integration.ContactsControllerTests" name="GetContactById_ExistingContact_Returns200" />
    </UnitTest>
    <UnitTest name="WoodenHousesAPI.Tests.Unit.FileServiceTests.Upload_FileTooLarge_Throws" storage="/mnt/c/users/admin/wooden-houses-kenya/backend/woodenhousesapi.tests/bin/debug/net8.0/woodenhousesapi.tests.dll" id="f118dcb1-96b9-6cba-08ae-ecb4edbe30f8">
      <Execution id="e55a8720-d66a-44c7-b07b-fe9d5b1464ea" />
      <TestMethod codeBase="/mnt/c/Users/ADMIN/wooden-houses-kenya/backend/WoodenHousesAPI.Tests/bin/Debug/net8.0/WoodenHousesAPI.Tests.dll" adapterTypeName="executor://xunit/VsTestRunner2/netcoreapp" className="WoodenHousesAPI.Tests.Unit.FileServiceTests" name="Upload_FileTooLarge_Throws" />
    </UnitTest>
    <UnitTest name="WoodenHousesAPI.Tests.Integration.QuotesControllerTests.SendQuote_ChangesStatusToSent" storage="/mnt/c/users/admin/wooden-houses-kenya/backend/woodenhousesapi.tests/bin/debug/net8.0/woodenhousesapi.tests.dll" id="95d425c5-6735-3199-4502-14fb7be03fc2">
      <Execution id="4b945859-2161-4c76-aa1e-acfcab9ad8a7" />
      <TestMethod codeBase="/mnt/c/Users/ADMIN/wooden-houses-kenya/backend/WoodenHousesAPI.Tests/bin/Debug/net8.0/WoodenHousesAPI.Tests.dll" adapterTypeName="executor://xunit/VsTestRunner2/netcoreapp" className="WoodenHousesAPI.Tests.Integration.QuotesControllerTests" name="SendQuote_ChangesStatusToSent" />
    </UnitTest>
    <UnitTest name="WoodenHousesAPI.Tests.Integration.PublicEndpointsTests.Unsubscribe_ExistingSubscriber_Returns200" storage="/mnt/c/users/admin/wooden-houses-kenya/backend/woodenhousesapi.tests/bin/debug/net8.0/woodenhousesapi.tests.dll" id="a22f38aa-8367-a09f-cc0f-d3b8ecb32fee">
      <Execution id="a279a98f-d8dd-452f-9f49-0bbe672f5fbb" />
      <TestMethod codeBase="/mnt/c/Users/ADMIN/wooden-houses-kenya/backend/WoodenHousesAPI.Tests/bin/Debug/net8.0/WoodenHousesAPI.Tests.dll" adapterTypeName="executor://xunit/VsTestRunner2/netcoreapp" className="WoodenHousesAPI.Tests.Integration.PublicEndpointsTests" name="Unsubscribe_ExistingSubscriber_Returns200" />
    </UnitTest>
  </TestDefinitions>
  <TestEntries>
    <TestEntry testId="a625f868-de46-9853-7b6c-c01f4aa7a459" executionId="dcd1a82d-70cb-4c95-9c08-4ceb5dc05194" testListId="8c84fa94-04c1-424b-9868-57a2d4851a1d" />
    <TestEntry testId="234a4865-a890-ffe5-3177-cb831de1d315" executionId="286e7707-7993-47fe-8afc-c02265a11aca" testListId="8c84fa94-04c1-424b-9868-57a2d4851a1d" />
    <TestEntry testId="e5d4afd8-63f0-871e-d602-2d89babc1fcf" executionId="83defad9-7c45-40a0-b9b4-87d2f4ba1e2a" testListId="8c84fa94-04c1-424b-9868-57a2d4851a1d" />
    <TestEntry testId="e746bf44-f03f-7be1-86b3-c62835181bc8" executionId="4c142ce6-f971-4833-84ec-bbd1c3d8e8cf" testListId="8c84fa94-04c1-424b-9868-57a2d4851a1d" />
    <TestEntry testId="9f095217-3c76-0521-19df-0ac5f105dd2f" executionId="df9865af-9b4e-4eed-b2be-b1e66dc3f59f" testListId="8c84fa94-04c1-424b-9868-57a2d4851a1d" />
    <TestEntry testId="55c3c840-c0a6-9c1b-6ec4-4cf58380612b" executionId="f115d3b9-cb84-4add-b3e9-adab31c43b54" testListId="8c84fa94-04c1-424b-9868-57a2d4851a1d" />
    <TestEntry testId="71c9ede7-390f-e406-ef68-0bba55eef17c" executionId="7a2c865e-9df7-4e70-a41d-c1e2fc37f177" testListId="8c84fa94-04c1-424b-9868-57a2d4851a1d" />
    <TestEntry testId="ed7ab9d8-1cec-d312-5c34-9c50a01717d5" executionId="e627d3a3-fbc6-469b-a5fb-c8506d06ecf3" testListId="8c84fa94-04c1-424b-9868-57a2d4851a1d" />
    <TestEntry testId="9c0bc727-ad16-04fe-cd1a-5f95230d8223" executionId="88687197-51c4-4ba3-ae55-ea9bf1ff0e6d" testListId="8c84fa94-04c1-424b-9868-57a2d4851a1d" />
    <TestEntry testId="f118dcb1-96b9-6cba-08ae-ecb4edbe30f8" executionId="e55a8720-d66a-44c7-b07b-fe9d5b1464ea" testListId="8c84fa94-04c1-424b-9868-57a2d4851a1d" />
    <TestEntry testId="0d325393-ed3a-b647-0c89-c534e7fc2dfe" executionId="0379d3ea-57c6-4fa1-b7d9-9cb2e8340b06" testListId="8c84fa94-04c1-424b-9868-57a2d4851a1d" />
    <TestEntry testId="abecd66e-88e7-fbed-0117-528578b0b013" executionId="48669160-ea71-4ff8-946c-515c3c222837" testListId="8c84fa94-04c1-424b-9868-57a2d4851a1d" />
    <TestEntry testId="4ba0a067-eccd-5094-1924-ee6d0d1b1185" executionId="45597f62-3d25-45f1-9094-2ce7a4f943b6" testListId="8c84fa94-04c1-424b-9868-57a2d4851a1d" />
    <TestEntry testId="329b412c-5b7d-b06b-6aa2-d6fa2aabd734" executionId="29ce2abb-50c8-4bab-9df3-076b521017ae" testListId="8c84fa94-04c1-424b-9868-57a2d4851a1d" />
    <TestEntry testId="f66e4e4a-74a2-0a40-9a41-7cf696e8ab01" executionId="7c3b263f-c894-471f-9390-1c756e0f2676" testListId="8c84fa94-04c1-424b-9868-57a2d4851a1d" />
    <TestEntry testId="7e0ff517-805d-5678-a7f8-a8206ed426cc" executionId="512e1430-9517-4273-b243-432261ace02b" testListId="8c84fa94-04c1-424b-9868-57a2d4851a1d" />
    <TestEntry testId="306f9419-1a62-6508-feab-2545c3425b84" executionId="1018b672-8afc-447a-b355-dfbdef763ab0" testListId="8c84fa94-04c1-424b-9868-57a2d4851a1d" />
    <TestEntry testId="c27abb53-9bed-9b3a-ba80-07f76dbbdd8e" executionId="8aac1521-27de-4492-a314-608b819691bc" testListId="8c84fa94-04c1-424b-9868-57a2d4851a1d" />
    <TestEntry testId="02b4a2a0-2c58-50f1-3fa6-ecb780f5c28c" executionId="92fedf8c-8193-4da2-b6e5-5f0da1547305" testListId="8c84fa94-04c1-424b-9868-57a2d4851a1d" />
    <TestEntry testId="0bfd1e1a-3ca2-ee71-db65-1385306e55c1" executionId="2d1ec758-2153-48a2-9330-ec897e98c5c7" testListId="8c84fa94-04c1-424b-9868-57a2d4851a1d" />
    <TestEntry testId="cf6dc5c7-3f45-e8df-1766-2f01dda6b5b7" executionId="3bf56f6e-f877-4e81-9633-abe7dfb162ae" testListId="8c84fa94-04c1-424b-9868-57a2d4851a1d" />
    <TestEntry testId="d1d3285e-8cbd-7dff-5dbe-f38616de116a" executionId="25222f59-b16f-4ab5-aafc-f570fd0eb568" testListId="8c84fa94-04c1-424b-9868-57a2d4851a1d" />
    <TestEntry testId="24684fb2-9566-efcd-f805-d54b061a33a0" executionId="e3f6bc92-49a8-4999-9bff-0e22cc5ad489" testListId="8c84fa94-04c1-424b-9868-57a2d4851a1d" />
    <TestEntry testId="8175f086-32ca-935f-3add-b73f874acb77" executionId="4d6c26b5-da29-4a32-98ff-746350ebb876" testListId="8c84fa94-04c1-424b-9868-57a2d4851a1d" />
    <TestEntry testId="4862de2b-093c-b5a9-2716-6b8cff78a29a" executionId="7e679af2-2176-47ad-91d1-5f44ed47bf60" testListId="8c84fa94-04c1-424b-9868-57a2d4851a1d" />
    <TestEntry testId="b385caad-d0c7-b7ab-43c4-341b8b5f9842" executionId="a3100671-5733-4033-af4d-67d2ea0f2e88" testListId="8c84fa94-04c1-424b-9868-57a2d4851a1d" />
    <TestEntry testId="9a7e5a17-7e61-ca7a-9f37-9bf9770323d2" executionId="61ee6462-29a2-4d00-9eac-97abb5ce976f" testListId="8c84fa94-04c1-424b-9868-57a2d4851a1d" />
    <TestEntry testId="f1c83168-62b9-ae7c-602f-57f6bb98afb5" executionId="3b71bbea-c211-48f2-bcbb-c269cfb32f58" testListId="8c84fa94-04c1-424b-9868-57a2d4851a1d" />
    <TestEntry testId="c8c1d9a9-3c8f-37e6-eed0-4a3eedf6b51d" executionId="3bd88073-948d-4ff8-b1c1-79e19037d86d" testListId="8c84fa94-04c1-424b-9868-57a2d4851a1d" />
    <TestEntry testId="dfbe0067-6a58-c11c-ad4b-9c3b8a49b0b6" executionId="528eee01-9f61-4a5e-9a91-8a166f6d7293" testListId="8c84fa94-04c1-424b-9868-57a2d4851a1d" />
    <TestEntry testId="5623bdec-ee8b-a623-cb50-122bc72f4f18" executionId="acc9352f-8819-4735-a61b-be08102ed134" testListId="8c84fa94-04c1-424b-9868-57a2d4851a1d" />
    <TestEntry testId="08cc06fb-d023-7d80-ec9b-c4994b50906c" executionId="5e9e6e41-92d1-4d86-8eeb-7a0e27ea0888" testListId="8c84fa94-04c1-424b-9868-57a2d4851a1d" />
    <TestEntry testId="ca938910-4bd2-78a2-e76a-294316301487" executionId="2cd87d18-f19a-48db-aa8a-c3373d420476" testListId="8c84fa94-04c1-424b-9868-57a2d4851a1d" />
    <TestEntry testId="2a0ce76c-7531-ab2e-23b2-7532a9659548" executionId="0b62293f-9de3-4eb9-b213-edb9e65fd424" testListId="8c84fa94-04c1-424b-9868-57a2d4851a1d" />
    <TestEntry testId="9c63e70b-2cd2-71cc-b02b-2ceb5e0ca5a6" executionId="e86a106e-2687-4434-b0e2-b94d9a3efeb3" testListId="8c84fa94-04c1-424b-9868-57a2d4851a1d" />
    <TestEntry testId="73743d59-95bd-19fb-1580-f5d01abb6803" executionId="2068b683-5c30-4132-84f1-6989248210b9" testListId="8c84fa94-04c1-424b-9868-57a2d4851a1d" />
    <TestEntry testId="a22f38aa-8367-a09f-cc0f-d3b8ecb32fee" executionId="a279a98f-d8dd-452f-9f49-0bbe672f5fbb" testListId="8c84fa94-04c1-424b-9868-57a2d4851a1d" />
    <TestEntry testId="58e22484-e5eb-a30a-46ef-d819ec9a6e0f" executionId="e1ec9306-9d97-41f4-8448-dd6a863bec83" testListId="8c84fa94-04c1-424b-9868-57a2d4851a1d" />
    <TestEntry testId="ca1805b5-37cc-1731-3237-f3be40dc8157" executionId="2d56ee64-117a-4779-9d29-ded3e1ae4011" testListId="8c84fa94-04c1-424b-9868-57a2d4851a1d" />
    <TestEntry testId="16aa84bc-7303-05f4-c7eb-3ffa494c9292" executionId="9c2f3777-4b61-4871-a0f3-79027a022fae" testListId="8c84fa94-04c1-424b-9868-57a2d4851a1d" />
    <TestEntry testId="5769aa6a-fe89-f6ae-a6d7-1ed8f51d9151" executionId="644a65a7-bb5e-4462-ae9c-f04207fcf4dd" testListId="8c84fa94-04c1-424b-9868-57a2d4851a1d" />
    <TestEntry testId="2d05f677-c0ff-662d-f6ef-cfb3f6dfed84" executionId="01148f24-81b4-4788-8319-e89df8ff7f42" testListId="8c84fa94-04c1-424b-9868-57a2d4851a1d" />
    <TestEntry testId="53c3cc59-06ee-1511-66dd-52fc2269736f" executionId="d081ca13-c050-48f8-aa3c-9ff45a959609" testListId="8c84fa94-04c1-424b-9868-57a2d4851a1d" />
    <TestEntry testId="95d425c5-6735-3199-4502-14fb7be03fc2" executionId="4b945859-2161-4c76-aa1e-acfcab9ad8a7" testListId="8c84fa94-04c1-424b-9868-57a2d4851a1d" />
    <TestEntry testId="f967e081-83a4-4e9c-c448-35d999b97892" executionId="0da197c4-dd60-4906-a15a-6c3d9281af0e" testListId="8c84fa94-04c1-424b-9868-57a2d4851a1d" />
    <TestEntry testId="3ca4bc64-511e-c71b-aae2-3a4e3a3265f9" executionId="30f8e7f9-9541-4bd9-867a-d6437883682b" testListId="8c84fa94-04c1-424b-9868-57a2d4851a1d" />
    <TestEntry testId="1e248c0d-ee55-ae39-7e4e-a6f7423b232a" executionId="8994a38b-3f6f-43d1-9594-5693947e238d" testListId="8c84fa94-04c1-424b-9868-57a2d4851a1d" />
    <TestEntry testId="98b21c66-d39b-cec4-657c-5609e509d675" executionId="5e46614a-20ee-4c95-abe8-c033827f3f18" testListId="8c84fa94-04c1-424b-9868-57a2d4851a1d" />
    <TestEntry testId="2e9f50b9-f608-79fb-ba8c-931b68075c75" executionId="68371115-fe3c-479a-9f00-c682bc317359" testListId="8c84fa94-04c1-424b-9868-57a2d4851a1d" />
    <TestEntry testId="f7937d7c-755f-0da3-ddfe-77d38f6b252c" executionId="2fc81fe1-9487-43c8-8d30-1b218298bbbc" testListId="8c84fa94-04c1-424b-9868-57a2d4851a1d" />
    <TestEntry testId="1615d772-6979-f62c-6209-551559202035" executionId="9d00d245-cf2c-4e7e-ba2c-7d698b333de4" testListId="8c84fa94-04c1-424b-9868-57a2d4851a1d" />
    <TestEntry testId="aad2b201-1a5b-df30-b58b-b4b88724e215" executionId="54615136-fec8-4aa2-a27d-f18e32a57f60" testListId="8c84fa94-04c1-424b-9868-57a2d4851a1d" />
    <TestEntry testId="38fe20e1-f1d9-b04b-489a-0d9379609a87" executionId="0def45ac-b184-4b02-8a94-b6d11eb6c528" testListId="8c84fa94-04c1-424b-9868-57a2d4851a1d" />
    <TestEntry testId="028c0118-f9d1-a5fe-8f74-037b33fbaf23" executionId="24c0f572-0a4b-4490-9c0b-0059c90407fc" testListId="8c84fa94-04c1-424b-9868-57a2d4851a1d" />
    <TestEntry testId="01d85432-1c1f-2585-4b74-80e5af352315" executionId="26d6cfaa-a5ba-4a02-83ce-7bf6539187f7" testListId="8c84fa94-04c1-424b-9868-57a2d4851a1d" />
    <TestEntry testId="7bc01e6c-a122-0fab-bc67-d3bcbbd08f7c" executionId="e1b0c3f8-96dc-4728-81e3-a0ca1c3675e9" testListId="8c84fa94-04c1-424b-9868-57a2d4851a1d" />
    <TestEntry testId="56a5b9cc-5e7e-a9e6-f597-bc391125f7c4" executionId="a3e17f43-ff0e-49ff-9188-05b3ae8e55b5" testListId="8c84fa94-04c1-424b-9868-57a2d4851a1d" />
    <TestEntry testId="9d93271b-91e2-02e8-4b29-f4b20520494d" executionId="8435f597-37f7-4ae2-af5f-a2b5943551fe" testListId="8c84fa94-04c1-424b-9868-57a2d4851a1d" />
    <TestEntry testId="b8ea6cb3-b632-f099-6f03-f582f65241da" executionId="fb04b721-f402-4e4e-adbc-08ab83d311dd" testListId="8c84fa94-04c1-424b-9868-57a2d4851a1d" />
    <TestEntry testId="4bd4228d-0c47-d28f-5222-594302007aa9" executionId="af65dd64-aa44-49e7-b827-fd096e5a34ba" testListId="8c84fa94-04c1-424b-9868-57a2d4851a1d" />
    <TestEntry testId="0ece3a07-7d5e-02f6-2f63-6d7995dc7e4a" executionId="32f4d9bf-f61a-4e93-8876-0079656ffd9f" testListId="8c84fa94-04c1-424b-9868-57a2d4851a1d" />
    <TestEntry testId="bfbd39ad-0721-7631-39cd-7bd8a7548d00" executionId="f167e1a3-e00d-49ce-a560-3eb53f476de5" testListId="8c84fa94-04c1-424b-9868-57a2d4851a1d" />
    <TestEntry testId="115f3691-0b76-7d84-86ba-690a197f556d" executionId="6ca1729b-5db0-4339-86f4-1fd12b62af2c" testListId="8c84fa94-04c1-424b-9868-57a2d4851a1d" />
    <TestEntry testId="d322d014-662b-95dd-770e-4328ad6d2f1a" executionId="cab3bd3e-37b6-463b-bfeb-70476ea7518c" testListId="8c84fa94-04c1-424b-9868-57a2d4851a1d" />
    <TestEntry testId="ae24d217-2949-e327-aa32-2bd2cea09b7a" executionId="a7d39a60-dc95-4053-bfe4-136e1aaa8a18" testListId="8c84fa94-04c1-424b-9868-57a2d4851a1d" />
    <TestEntry testId="5e5baab9-9ae5-9bdb-534b-c065656f58af" executionId="f4912acb-ad83-44f1-8286-3c397a169816" testListId="8c84fa94-04c1-424b-9868-57a2d4851a1d" />
    <TestEntry testId="3f9a9625-9ee3-2273-af7e-6e6f2e46da17" executionId="4059c58b-65f7-45b9-80f1-9028c6d016cb" testListId="8c84fa94-04c1-424b-9868-57a2d4851a1d" />
    <TestEntry testId="08855bc1-f69b-1d31-0a4b-315beddd8146" executionId="afe9bb0b-9fa8-4e66-8208-4a54ac5acc83" testListId="8c84fa94-04c1-424b-9868-57a2d4851a1d" />
    <TestEntry testId="e5a4f51e-e4ba-c905-45c0-f860b6ad0e0d" executionId="5351af81-b751-4574-9d89-8f9ba260212f" testListId="8c84fa94-04c1-424b-9868-57a2d4851a1d" />
    <TestEntry testId="b2d27145-e24c-6798-67ef-c88c641792b7" executionId="c91b3ee0-06eb-40fe-b635-c22ca6497dc8" testListId="8c84fa94-04c1-424b-9868-57a2d4851a1d" />
    <TestEntry testId="020ecd9b-a163-d81f-5325-4b610c3775cd" executionId="731c1175-aa17-477a-a7db-aa340355640e" testListId="8c84fa94-04c1-424b-9868-57a2d4851a1d" />
    <TestEntry testId="273db48f-d53b-37d1-aa69-219e78422105" executionId="044ee555-8941-4de9-9d8c-ae18fa2face1" testListId="8c84fa94-04c1-424b-9868-57a2d4851a1d" />
    <TestEntry testId="bc278dc9-a6c1-7b99-694e-80c99445a1d4" executionId="8f63c508-21d5-43f4-b388-69c1b1a5e50c" testListId="8c84fa94-04c1-424b-9868-57a2d4851a1d" />
    <TestEntry testId="1bd7f63b-45a1-7bd4-c7c1-0e77b7be8264" executionId="72428a0f-1b1d-4c96-a2da-73f45bd13161" testListId="8c84fa94-04c1-424b-9868-57a2d4851a1d" />
    <TestEntry testId="353e17c6-d643-64a0-c68c-b3bb1265df97" executionId="74a9c090-7cd5-42fd-b19f-3cb84aa4903d" testListId="8c84fa94-04c1-424b-9868-57a2d4851a1d" />
    <TestEntry testId="eb8e63a1-e7c0-3f3f-2983-4df0a28929eb" executionId="e2076f27-744e-47a7-8219-c6b874523997" testListId="8c84fa94-04c1-424b-9868-57a2d4851a1d" />
    <TestEntry testId="277c93d5-702b-37a1-cc65-d467ea29729f" executionId="8bd2fee2-c28c-401d-8cee-26f6d926f3c5" testListId="8c84fa94-04c1-424b-9868-57a2d4851a1d" />
    <TestEntry testId="46a6bde7-2580-a3db-de74-cb7adf51ada0" executionId="3ef14070-ad70-4d71-b054-70ef7c39b09b" testListId="8c84fa94-04c1-424b-9868-57a2d4851a1d" />
  </TestEntries>
  <TestLists>
    <TestList name="Results Not in a List" id="8c84fa94-04c1-424b-9868-57a2d4851a1d" />
    <TestList name="All Loaded Results" id="19431567-8539-422a-85d7-44ee4e166bda" />
  </TestLists>
  <ResultSummary outcome="Failed">
    <Counters total="78" executed="78" passed="77" failed="1" error="0" timeout="0" aborted="0" inconclusive="0" passedButRunAborted="0" notRunnable="0" notExecuted="0" disconnected="0" warning="0" completed="0" inProgress="0" pending="0" />
    <Output>
      <StdOut>[xUnit.net 00:00:00.03] xUnit.net VSTest Adapter v2.8.2+699d445a1a (64-bit .NET 8.0.25)
[xUnit.net 00:00:00.55]   Discovering: WoodenHousesAPI.Tests
[xUnit.net 00:00:01.55]   Discovered:  WoodenHousesAPI.Tests
[xUnit.net 00:00:01.58]   Starting:    WoodenHousesAPI.Tests
[xUnit.net 00:02:20.01]       System.Threading.Tasks.TaskCanceledException : The operation was canceled.
[xUnit.net 00:02:20.01]       ---- System.Net.Http.HttpRequestException : Error while copying content to a stream.
[xUnit.net 00:02:20.01]       -------- System.IO.IOException : 
[xUnit.net 00:02:20.01]       ------------ System.IO.IOException : The client aborted the request.
[xUnit.net 00:02:20.01]       Stack Trace:
[xUnit.net 00:02:20.01]            at System.Net.Http.HttpClient.HandleFailure(Exception e, Boolean telemetryStarted, HttpResponseMessage response, CancellationTokenSource cts, CancellationToken cancellationToken, CancellationTokenSource pendingRequestsCts)
[xUnit.net 00:02:20.01]            at System.Net.Http.HttpClient.&lt;SendAsync&gt;g__Core|83_0(HttpRequestMessage request, HttpCompletionOption completionOption, CancellationTokenSource cts, Boolean disposeCts, CancellationTokenSource pendingRequestsCts, CancellationToken originalCancellationToken)
[xUnit.net 00:02:20.01]         /mnt/c/Users/ADMIN/wooden-houses-kenya/backend/WoodenHousesAPI.Tests/Integration/QuotesControllerTests.cs(132,0): at WoodenHousesAPI.Tests.Integration.QuotesControllerTests.SendQuote_ChangesStatusToSent()
[xUnit.net 00:02:20.01]         --- End of stack trace from previous location ---
[xUnit.net 00:02:20.01]         ----- Inner Stack Trace -----
[xUnit.net 00:02:20.01]            at System.Net.Http.HttpContent.LoadIntoBufferAsyncCore(Task serializeToStreamTask, MemoryStream tempBuffer)
[xUnit.net 00:02:20.01]            at System.Net.Http.HttpClient.&lt;SendAsync&gt;g__Core|83_0(HttpRequestMessage request, HttpCompletionOption completionOption, CancellationTokenSource cts, Boolean disposeCts, CancellationTokenSource pendingRequestsCts, CancellationToken originalCancellationToken)
[xUnit.net 00:02:20.01]         ----- Inner Stack Trace -----
[xUnit.net 00:02:20.01]            at Microsoft.AspNetCore.TestHost.ResponseBodyReaderStream.CheckAborted()
[xUnit.net 00:02:20.01]            at Microsoft.AspNetCore.TestHost.ResponseBodyReaderStream.ReadAsync(Memory`1 buffer, CancellationToken cancellationToken)
[xUnit.net 00:02:20.01]            at System.IO.Stream.&lt;CopyToAsync&gt;g__Core|27_0(Stream source, Stream destination, Int32 bufferSize, CancellationToken cancellationToken)
[xUnit.net 00:02:20.01]            at System.Net.Http.HttpContent.LoadIntoBufferAsyncCore(Task serializeToStreamTask, MemoryStream tempBuffer)
[xUnit.net 00:02:20.01]         ----- Inner Stack Trace -----
[xUnit.net 00:02:20.01]         
[xUnit.net 00:02:20.89]   Finished:    WoodenHousesAPI.Tests
</StdOut>
    </Output>
    <RunInfos>
      <RunInfo computerName="MANLIKEGANGA" outcome="Error" timestamp="2026-04-16T17:46:43.3433239+03:00">
        <Text>[xUnit.net 00:02:20.01]     WoodenHousesAPI.Tests.Integration.QuotesControllerTests.SendQuote_ChangesStatusToSent [FAIL]</Text>
      </RunInfo>
    </RunInfos>
  </ResultSummary>
</TestRun>