<?xml version="1.0" encoding="utf-8"?>
<TestRun id="b9181b7f-0f5c-40de-8b1c-07b2622c9f8a" name="@MANLIKEGANGA 2026-04-16 17:51:33" xmlns="http://microsoft.com/schemas/VisualStudio/TeamTest/2010">
  <Times creation="2026-04-16T17:51:33.3688046+03:00" queuing="2026-04-16T17:51:33.3688047+03:00" start="2026-04-16T17:51:30.3153594+03:00" finish="2026-04-16T17:51:52.8831629+03:00" />
  <TestSettings name="default" id="7fe20041-1f82-43f6-bd30-1bec9399db8a">
    <Deployment runDeploymentRoot="_MANLIKEGANGA_2026-04-16_17_51_33" />
  </TestSettings>
  <Results>
    <UnitTestResult executionId="cf3f1f30-f6e4-41a9-bc4e-9be9308aa883" testId="1bd7f63b-45a1-7bd4-c7c1-0e77b7be8264" testName="WoodenHousesAPI.Tests.Unit.AuthServiceTests.Login_TwoCallsProduceDifferentTokens" computerName="MANLIKEGANGA" duration="00:00:00.0484768" startTime="2026-04-16T17:51:36.2200479+03:00" endTime="2026-04-16T17:51:36.2200481+03:00" testType="13cdc9d9-ddb5-4fa4-a97d-d965ccfc6d4b" outcome="Passed" testListId="8c84fa94-04c1-424b-9868-57a2d4851a1d" relativeResultsDirectory="cf3f1f30-f6e4-41a9-bc4e-9be9308aa883" />
    <UnitTestResult executionId="e8c6abaf-0931-49ab-bb56-454b54f769e5" testId="eb8e63a1-e7c0-3f3f-2983-4df0a28929eb" testName="WoodenHousesAPI.Tests.Unit.FileServiceTests.Delete_ExistingFile_RemovesFromDisk" computerName="MANLIKEGANGA" duration="00:00:00.0148809" startTime="2026-04-16T17:51:33.3129624+03:00" endTime="2026-04-16T17:51:33.3129626+03:00" testType="13cdc9d9-ddb5-4fa4-a97d-d965ccfc6d4b" outcome="Passed" testListId="8c84fa94-04c1-424b-9868-57a2d4851a1d" relativeResultsDirectory="e8c6abaf-0931-49ab-bb56-454b54f769e5" />
    <UnitTestResult executionId="276abac4-127c-4b0a-bb59-e9b2e3c31766" testId="b2d27145-e24c-6798-67ef-c88c641792b7" testName="WoodenHousesAPI.Tests.Integration.AuthControllerTests.Login_ValidCredentials_Returns200AndSetsAuthCookie" computerName="MANLIKEGANGA" duration="00:00:00.0232484" startTime="2026-04-16T17:51:49.8146389+03:00" endTime="2026-04-16T17:51:49.8146392+03:00" testType="13cdc9d9-ddb5-4fa4-a97d-d965ccfc6d4b" outcome="Passed" testListId="8c84fa94-04c1-424b-9868-57a2d4851a1d" relativeResultsDirectory="276abac4-127c-4b0a-bb59-e9b2e3c31766" />
    <UnitTestResult executionId="252bc06e-8467-4397-876c-cddb7dd7892c" testId="1e248c0d-ee55-ae39-7e4e-a6f7423b232a" testName="WoodenHousesAPI.Tests.Integration.AuthControllerTests.Login_ErrorMessageDoesNotRevealWhichFieldWasWrong" computerName="MANLIKEGANGA" duration="00:00:00.0365720" startTime="2026-04-16T17:51:49.7024942+03:00" endTime="2026-04-16T17:51:49.7024945+03:00" testType="13cdc9d9-ddb5-4fa4-a97d-d965ccfc6d4b" outcome="Passed" testListId="8c84fa94-04c1-424b-9868-57a2d4851a1d" relativeResultsDirectory="252bc06e-8467-4397-876c-cddb7dd7892c" />
    <UnitTestResult executionId="65564777-6d42-4164-8322-6af895e467d3" testId="4bd4228d-0c47-d28f-5222-594302007aa9" testName="WoodenHousesAPI.Tests.Unit.FileServiceTests.Upload_DisallowedExtension_Throws(filename: &quot;script.php&quot;)" computerName="MANLIKEGANGA" duration="00:00:00.0017339" startTime="2026-04-16T17:51:33.2856315+03:00" endTime="2026-04-16T17:51:33.2856316+03:00" testType="13cdc9d9-ddb5-4fa4-a97d-d965ccfc6d4b" outcome="Passed" testListId="8c84fa94-04c1-424b-9868-57a2d4851a1d" relativeResultsDirectory="65564777-6d42-4164-8322-6af895e467d3" />
    <UnitTestResult executionId="49cba872-110b-457b-8f87-9980f1b67bea" testId="9f095217-3c76-0521-19df-0ac5f105dd2f" testName="WoodenHousesAPI.Tests.Integration.SecurityTests.Preflight_FromAllowedOrigin_Returns200WithCorsHeaders" computerName="MANLIKEGANGA" duration="00:00:00.0074175" startTime="2026-04-16T17:51:51.8710081+03:00" endTime="2026-04-16T17:51:51.8710084+03:00" testType="13cdc9d9-ddb5-4fa4-a97d-d965ccfc6d4b" outcome="Passed" testListId="8c84fa94-04c1-424b-9868-57a2d4851a1d" relativeResultsDirectory="49cba872-110b-457b-8f87-9980f1b67bea" />
    <UnitTestResult executionId="15036331-ed25-4c25-a364-99a45605c449" testId="a625f868-de46-9853-7b6c-c01f4aa7a459" testName="WoodenHousesAPI.Tests.Integration.SecurityTests.ContactSubmit_WithInjectionInName_Returns400NotServerError(maliciousInput: &quot;\&quot; OR \&quot;1\&quot;=\&quot;1&quot;)" computerName="MANLIKEGANGA" duration="00:00:00.0402696" startTime="2026-04-16T17:51:52.3978948+03:00" endTime="2026-04-16T17:51:52.3978950+03:00" testType="13cdc9d9-ddb5-4fa4-a97d-d965ccfc6d4b" outcome="Passed" testListId="8c84fa94-04c1-424b-9868-57a2d4851a1d" relativeResultsDirectory="15036331-ed25-4c25-a364-99a45605c449" />
    <UnitTestResult executionId="5d80f444-8fe7-4abd-a6eb-ead1aa36d57c" testId="5769aa6a-fe89-f6ae-a6d7-1ed8f51d9151" testName="WoodenHousesAPI.Tests.Integration.SecurityTests.ContactSubmit_WithInjectionInName_Returns400NotServerError(maliciousInput: &quot;&lt;script&gt;alert(1)&lt;/script&gt;&quot;)" computerName="MANLIKEGANGA" duration="00:00:00.0087007" startTime="2026-04-16T17:51:52.4196201+03:00" endTime="2026-04-16T17:51:52.4196205+03:00" testType="13cdc9d9-ddb5-4fa4-a97d-d965ccfc6d4b" outcome="Passed" testListId="8c84fa94-04c1-424b-9868-57a2d4851a1d" relativeResultsDirectory="5d80f444-8fe7-4abd-a6eb-ead1aa36d57c" />
    <UnitTestResult executionId="94ef7490-2203-498d-a688-12a152835638" testId="306f9419-1a62-6508-feab-2545c3425b84" testName="WoodenHousesAPI.Tests.Integration.AuthControllerTests.Me_WithNoSession_Returns401" computerName="MANLIKEGANGA" duration="00:00:00.0287141" startTime="2026-04-16T17:51:49.7292889+03:00" endTime="2026-04-16T17:51:49.7292892+03:00" testType="13cdc9d9-ddb5-4fa4-a97d-d965ccfc6d4b" outcome="Passed" testListId="8c84fa94-04c1-424b-9868-57a2d4851a1d" relativeResultsDirectory="94ef7490-2203-498d-a688-12a152835638" />
    <UnitTestResult executionId="5a959484-9dba-4420-b167-56214f537aff" testId="ae24d217-2949-e327-aa32-2bd2cea09b7a" testName="WoodenHousesAPI.Tests.Integration.PublicEndpointsTests.GetProjectBySlug_NonExistentSlug_Returns404" computerName="MANLIKEGANGA" duration="00:00:00.0142047" startTime="2026-04-16T17:51:51.8463313+03:00" endTime="2026-04-16T17:51:51.8463315+03:00" testType="13cdc9d9-ddb5-4fa4-a97d-d965ccfc6d4b" outcome="Passed" testListId="8c84fa94-04c1-424b-9868-57a2d4851a1d" relativeResultsDirectory="5a959484-9dba-4420-b167-56214f537aff" />
    <UnitTestResult executionId="234959dc-11e4-45ec-a6cb-fb46842d53bc" testId="98b21c66-d39b-cec4-657c-5609e509d675" testName="WoodenHousesAPI.Tests.Integration.PublicEndpointsTests.Subscribe_DuplicateActiveEmail_Returns200WithAlreadySubscribed" computerName="MANLIKEGANGA" duration="00:00:00.0195783" startTime="2026-04-16T17:51:51.1623650+03:00" endTime="2026-04-16T17:51:51.1623656+03:00" testType="13cdc9d9-ddb5-4fa4-a97d-d965ccfc6d4b" outcome="Passed" testListId="8c84fa94-04c1-424b-9868-57a2d4851a1d" relativeResultsDirectory="234959dc-11e4-45ec-a6cb-fb46842d53bc" />
    <UnitTestResult executionId="a67eba5a-b4fc-443e-a794-539923101efe" testId="0bfd1e1a-3ca2-ee71-db65-1385306e55c1" testName="WoodenHousesAPI.Tests.Integration.PublicEndpointsTests.AdminRoutes_WithoutAuth_Return401(method: &quot;GET&quot;, path: &quot;/api/admin/projects&quot;)" computerName="MANLIKEGANGA" duration="00:00:00.0068486" startTime="2026-04-16T17:51:50.8218423+03:00" endTime="2026-04-16T17:51:50.8218426+03:00" testType="13cdc9d9-ddb5-4fa4-a97d-d965ccfc6d4b" outcome="Passed" testListId="8c84fa94-04c1-424b-9868-57a2d4851a1d" relativeResultsDirectory="a67eba5a-b4fc-443e-a794-539923101efe" />
    <UnitTestResult executionId="06de2bc4-eeec-4e41-a1ff-dd322c9a7fcf" testId="ca1805b5-37cc-1731-3237-f3be40dc8157" testName="WoodenHousesAPI.Tests.Unit.FileServiceTests.Upload_CreatesFileOnDisk" computerName="MANLIKEGANGA" duration="00:00:00.0697108" startTime="2026-04-16T17:51:33.2986675+03:00" endTime="2026-04-16T17:51:33.2986678+03:00" testType="13cdc9d9-ddb5-4fa4-a97d-d965ccfc6d4b" outcome="Passed" testListId="8c84fa94-04c1-424b-9868-57a2d4851a1d" relativeResultsDirectory="06de2bc4-eeec-4e41-a1ff-dd322c9a7fcf" />
    <UnitTestResult executionId="b392d278-c338-4b35-9b8e-fe3e461bc46c" testId="08855bc1-f69b-1d31-0a4b-315beddd8146" testName="WoodenHousesAPI.Tests.Integration.AuthControllerTests.Login_UnknownEmail_Returns401" computerName="MANLIKEGANGA" duration="00:00:00.0209541" startTime="2026-04-16T17:51:49.8946748+03:00" endTime="2026-04-16T17:51:49.8946751+03:00" testType="13cdc9d9-ddb5-4fa4-a97d-d965ccfc6d4b" outcome="Passed" testListId="8c84fa94-04c1-424b-9868-57a2d4851a1d" relativeResultsDirectory="b392d278-c338-4b35-9b8e-fe3e461bc46c" />
    <UnitTestResult executionId="3d30991a-049b-4e83-9650-3f7881dd1c66" testId="46a6bde7-2580-a3db-de74-cb7adf51ada0" testName="WoodenHousesAPI.Tests.Integration.AuthControllerTests.Me_WithValidSession_Returns200AndUserInfo" computerName="MANLIKEGANGA" duration="00:00:08.5429628" startTime="2026-04-16T17:51:49.6608422+03:00" endTime="2026-04-16T17:51:49.6608425+03:00" testType="13cdc9d9-ddb5-4fa4-a97d-d965ccfc6d4b" outcome="Passed" testListId="8c84fa94-04c1-424b-9868-57a2d4851a1d" relativeResultsDirectory="3d30991a-049b-4e83-9650-3f7881dd1c66" />
    <UnitTestResult executionId="37e2dc13-cb81-4022-a7fe-f4fec54ccc49" testId="273db48f-d53b-37d1-aa69-219e78422105" testName="WoodenHousesAPI.Tests.Integration.SecurityTests.ContactSubmit_WithInjectionInName_Returns400NotServerError(maliciousInput: &quot;'; DROP TABLE contacts; --&quot;)" computerName="MANLIKEGANGA" duration="00:00:00.0095420" startTime="2026-04-16T17:51:52.4080069+03:00" endTime="2026-04-16T17:51:52.4080071+03:00" testType="13cdc9d9-ddb5-4fa4-a97d-d965ccfc6d4b" outcome="Passed" testListId="8c84fa94-04c1-424b-9868-57a2d4851a1d" relativeResultsDirectory="37e2dc13-cb81-4022-a7fe-f4fec54ccc49" />
    <UnitTestResult executionId="e5317788-d98a-428e-a0f4-48bf36ddcc70" testId="cf6dc5c7-3f45-e8df-1766-2f01dda6b5b7" testName="WoodenHousesAPI.Tests.Integration.ContactsControllerTests.GetContacts_Unauthenticated_Returns401" computerName="MANLIKEGANGA" duration="00:00:00.0128714" startTime="2026-04-16T17:51:50.6251947+03:00" endTime="2026-04-16T17:51:50.6251949+03:00" testType="13cdc9d9-ddb5-4fa4-a97d-d965ccfc6d4b" outcome="Passed" testListId="8c84fa94-04c1-424b-9868-57a2d4851a1d" relativeResultsDirectory="e5317788-d98a-428e-a0f4-48bf36ddcc70" />
    <UnitTestResult executionId="700a8cbb-792e-4f86-84d1-9e1e13182735" testId="71c9ede7-390f-e406-ef68-0bba55eef17c" testName="WoodenHousesAPI.Tests.Unit.FileServiceTests.Upload_DisallowedExtension_Throws(filename: &quot;config.env&quot;)" computerName="MANLIKEGANGA" duration="00:00:00.0059631" startTime="2026-04-16T17:51:33.2854378+03:00" endTime="2026-04-16T17:51:33.2854379+03:00" testType="13cdc9d9-ddb5-4fa4-a97d-d965ccfc6d4b" outcome="Passed" testListId="8c84fa94-04c1-424b-9868-57a2d4851a1d" relativeResultsDirectory="700a8cbb-792e-4f86-84d1-9e1e13182735" />
    <UnitTestResult executionId="313b42cf-6697-4c1d-a733-69e86b15d20e" testId="f66e4e4a-74a2-0a40-9a41-7cf696e8ab01" testName="WoodenHousesAPI.Tests.Integration.AuthControllerTests.Login_InvalidEmailFormat_Returns400" computerName="MANLIKEGANGA" duration="00:00:00.0590238" startTime="2026-04-16T17:51:49.7906736+03:00" endTime="2026-04-16T17:51:49.7906740+03:00" testType="13cdc9d9-ddb5-4fa4-a97d-d965ccfc6d4b" outcome="Passed" testListId="8c84fa94-04c1-424b-9868-57a2d4851a1d" relativeResultsDirectory="313b42cf-6697-4c1d-a733-69e86b15d20e" />
    <UnitTestResult executionId="bb71a72e-7689-4fb1-afe1-9db7463d292c" testId="329b412c-5b7d-b06b-6aa2-d6fa2aabd734" testName="WoodenHousesAPI.Tests.Integration.ContactsControllerTests.GetContacts_Authenticated_ReturnsPagedList" computerName="MANLIKEGANGA" duration="00:00:00.0363641" startTime="2026-04-16T17:51:50.4565601+03:00" endTime="2026-04-16T17:51:50.4565602+03:00" testType="13cdc9d9-ddb5-4fa4-a97d-d965ccfc6d4b" outcome="Passed" testListId="8c84fa94-04c1-424b-9868-57a2d4851a1d" relativeResultsDirectory="bb71a72e-7689-4fb1-afe1-9db7463d292c" />
    <UnitTestResult executionId="04ad2faa-3601-48d8-ae0b-cbe1112de919" testId="9d93271b-91e2-02e8-4b29-f4b20520494d" testName="WoodenHousesAPI.Tests.Integration.PublicEndpointsTests.Subscribe_InvalidEmail_Returns400" computerName="MANLIKEGANGA" duration="00:00:00.0068320" startTime="2026-04-16T17:51:51.8586135+03:00" endTime="2026-04-16T17:51:51.8586136+03:00" testType="13cdc9d9-ddb5-4fa4-a97d-d965ccfc6d4b" outcome="Passed" testListId="8c84fa94-04c1-424b-9868-57a2d4851a1d" relativeResultsDirectory="04ad2faa-3601-48d8-ae0b-cbe1112de919" />
    <UnitTestResult executionId="14c6a549-1e14-4c00-9344-373c3bd6d120" testId="9c0bc727-ad16-04fe-cd1a-5f95230d8223" testName="WoodenHousesAPI.Tests.Integration.PublicEndpointsTests.GetProjectBySlug_ExistingSlug_Returns200" computerName="MANLIKEGANGA" duration="00:00:00.4598144" startTime="2026-04-16T17:51:51.8192747+03:00" endTime="2026-04-16T17:51:51.8192749+03:00" testType="13cdc9d9-ddb5-4fa4-a97d-d965ccfc6d4b" outcome="Failed" testListId="8c84fa94-04c1-424b-9868-57a2d4851a1d" relativeResultsDirectory="14c6a549-1e14-4c00-9344-373c3bd6d120">
      <Output>
        <ErrorInfo>
          <Message>Expected response.StatusCode to be HttpStatusCode.OK {value: 200}, but found HttpStatusCode.NotFound {value: 404}.</Message>
          <StackTrace>   at FluentAssertions.Execution.XUnit2TestFramework.Throw(String message)
   at FluentAssertions.Execution.TestFrameworkProvider.Throw(String message)
   at FluentAssertions.Execution.DefaultAssertionStrategy.HandleFailure(String message)
   at FluentAssertions.Execution.AssertionScope.FailWith(Func`1 failReasonFunc)
   at FluentAssertions.Execution.AssertionScope.FailWith(Func`1 failReasonFunc)
   at FluentAssertions.Execution.AssertionScope.FailWith(String message, Object[] args)
   at FluentAssertions.Primitives.EnumAssertions`2.Be(TEnum expected, String because, Object[] becauseArgs)
   at WoodenHousesAPI.Tests.Integration.PublicEndpointsTests.GetProjectBySlug_ExistingSlug_Returns200() in /mnt/c/Users/ADMIN/wooden-houses-kenya/backend/WoodenHousesAPI.Tests/Integration/PublicEndpointsTests.cs:line 59
--- End of stack trace from previous location ---</StackTrace>
        </ErrorInfo>
      </Output>
    </UnitTestResult>
    <UnitTestResult executionId="cfcf51cc-ffb0-4fc1-928d-c09834aef991" testId="08cc06fb-d023-7d80-ec9b-c4994b50906c" testName="WoodenHousesAPI.Tests.Unit.FileServiceTests.Upload_AllAllowedExtensions_Succeed(filename: &quot;image.jpg&quot;)" computerName="MANLIKEGANGA" duration="00:00:00.0106603" startTime="2026-04-16T17:51:33.0758512+03:00" endTime="2026-04-16T17:51:33.0758514+03:00" testType="13cdc9d9-ddb5-4fa4-a97d-d965ccfc6d4b" outcome="Passed" testListId="8c84fa94-04c1-424b-9868-57a2d4851a1d" relativeResultsDirectory="cfcf51cc-ffb0-4fc1-928d-c09834aef991" />
    <UnitTestResult executionId="a0935a3d-6cb4-47ab-aac6-6a8acce9e91c" testId="9c63e70b-2cd2-71cc-b02b-2ceb5e0ca5a6" testName="WoodenHousesAPI.Tests.Unit.FileServiceTests.Delete_NonExistentFile_DoesNotThrow" computerName="MANLIKEGANGA" duration="00:00:00.0025038" startTime="2026-04-16T17:51:33.3197092+03:00" endTime="2026-04-16T17:51:33.3197093+03:00" testType="13cdc9d9-ddb5-4fa4-a97d-d965ccfc6d4b" outcome="Passed" testListId="8c84fa94-04c1-424b-9868-57a2d4851a1d" relativeResultsDirectory="a0935a3d-6cb4-47ab-aac6-6a8acce9e91c" />
    <UnitTestResult executionId="21409a70-ea6a-4e03-b644-d2206c6f9873" testId="5623bdec-ee8b-a623-cb50-122bc72f4f18" testName="WoodenHousesAPI.Tests.Integration.AuthControllerTests.Login_WrongPassword_Returns401" computerName="MANLIKEGANGA" duration="00:00:00.0130732" startTime="2026-04-16T17:51:49.8285625+03:00" endTime="2026-04-16T17:51:49.8285628+03:00" testType="13cdc9d9-ddb5-4fa4-a97d-d965ccfc6d4b" outcome="Passed" testListId="8c84fa94-04c1-424b-9868-57a2d4851a1d" relativeResultsDirectory="21409a70-ea6a-4e03-b644-d2206c6f9873" />
    <UnitTestResult executionId="66d7edbc-53e8-4302-998c-31ad7aa04130" testId="d1d3285e-8cbd-7dff-5dbe-f38616de116a" testName="WoodenHousesAPI.Tests.Integration.SecurityTests.EveryResponse_HasRequiredSecurityHeader(header: &quot;X-Frame-Options&quot;, expectedValue: &quot;DENY&quot;)" computerName="MANLIKEGANGA" duration="00:00:00.0041959" startTime="2026-04-16T17:51:51.8469811+03:00" endTime="2026-04-16T17:51:51.8469814+03:00" testType="13cdc9d9-ddb5-4fa4-a97d-d965ccfc6d4b" outcome="Passed" testListId="8c84fa94-04c1-424b-9868-57a2d4851a1d" relativeResultsDirectory="66d7edbc-53e8-4302-998c-31ad7aa04130" />
    <UnitTestResult executionId="935638b9-52b3-4428-90d6-de7564d9c942" testId="bc278dc9-a6c1-7b99-694e-80c99445a1d4" testName="WoodenHousesAPI.Tests.Integration.SecurityTests.EveryResponse_HasRequiredSecurityHeader(header: &quot;Referrer-Policy&quot;, expectedValue: &quot;strict-origin-when-cross-origin&quot;)" computerName="MANLIKEGANGA" duration="00:00:00.0052953" startTime="2026-04-16T17:51:51.8413925+03:00" endTime="2026-04-16T17:51:51.8413927+03:00" testType="13cdc9d9-ddb5-4fa4-a97d-d965ccfc6d4b" outcome="Passed" testListId="8c84fa94-04c1-424b-9868-57a2d4851a1d" relativeResultsDirectory="935638b9-52b3-4428-90d6-de7564d9c942" />
    <UnitTestResult executionId="1c7f3719-1130-4598-9b1d-12dc89c04fb6" testId="a22f38aa-8367-a09f-cc0f-d3b8ecb32fee" testName="WoodenHousesAPI.Tests.Integration.PublicEndpointsTests.Unsubscribe_ExistingSubscriber_Returns200" computerName="MANLIKEGANGA" duration="00:00:00.0714175" startTime="2026-04-16T17:51:50.9379496+03:00" endTime="2026-04-16T17:51:50.9379498+03:00" testType="13cdc9d9-ddb5-4fa4-a97d-d965ccfc6d4b" outcome="Passed" testListId="8c84fa94-04c1-424b-9868-57a2d4851a1d" relativeResultsDirectory="1c7f3719-1130-4598-9b1d-12dc89c04fb6" />
    <UnitTestResult executionId="a920f820-dcc9-489d-a77a-49a6f7da5d66" testId="aad2b201-1a5b-df30-b58b-b4b88724e215" testName="WoodenHousesAPI.Tests.Integration.PublicEndpointsTests.AdminRoutes_WithoutAuth_Return401(method: &quot;GET&quot;, path: &quot;/api/admin/quotes&quot;)" computerName="MANLIKEGANGA" duration="00:00:00.0222237" startTime="2026-04-16T17:51:50.8435992+03:00" endTime="2026-04-16T17:51:50.8435993+03:00" testType="13cdc9d9-ddb5-4fa4-a97d-d965ccfc6d4b" outcome="Passed" testListId="8c84fa94-04c1-424b-9868-57a2d4851a1d" relativeResultsDirectory="a920f820-dcc9-489d-a77a-49a6f7da5d66" />
    <UnitTestResult executionId="0b9683ca-da65-4ad3-84e8-c1ea634ff5cb" testId="bfbd39ad-0721-7631-39cd-7bd8a7548d00" testName="WoodenHousesAPI.Tests.Integration.SecurityTests.EveryResponse_HasRequiredSecurityHeader(header: &quot;X-Content-Type-Options&quot;, expectedValue: &quot;nosniff&quot;)" computerName="MANLIKEGANGA" duration="00:00:00.0041645" startTime="2026-04-16T17:51:51.8642369+03:00" endTime="2026-04-16T17:51:51.8642372+03:00" testType="13cdc9d9-ddb5-4fa4-a97d-d965ccfc6d4b" outcome="Passed" testListId="8c84fa94-04c1-424b-9868-57a2d4851a1d" relativeResultsDirectory="0b9683ca-da65-4ad3-84e8-c1ea634ff5cb" />
    <UnitTestResult executionId="01a8ee50-bfb6-4a8c-9673-8c36fd8ac756" testId="2a0ce76c-7531-ab2e-23b2-7532a9659548" testName="WoodenHousesAPI.Tests.Integration.PublicEndpointsTests.AdminRoutes_WithoutAuth_Return401(method: &quot;GET&quot;, path: &quot;/api/admin/newsletter&quot;)" computerName="MANLIKEGANGA" duration="00:00:00.0082643" startTime="2026-04-16T17:51:50.8106720+03:00" endTime="2026-04-16T17:51:50.8106722+03:00" testType="13cdc9d9-ddb5-4fa4-a97d-d965ccfc6d4b" outcome="Passed" testListId="8c84fa94-04c1-424b-9868-57a2d4851a1d" relativeResultsDirectory="01a8ee50-bfb6-4a8c-9673-8c36fd8ac756" />
    <UnitTestResult executionId="0b1ee4e6-2099-412f-9726-0d30c9e9f494" testId="7bc01e6c-a122-0fab-bc67-d3bcbbd08f7c" testName="WoodenHousesAPI.Tests.Unit.AuthServiceTests.Login_IsCaseInsensitiveOnEmail" computerName="MANLIKEGANGA" duration="00:00:00.0287073" startTime="2026-04-16T17:51:36.2519235+03:00" endTime="2026-04-16T17:51:36.2519236+03:00" testType="13cdc9d9-ddb5-4fa4-a97d-d965ccfc6d4b" outcome="Passed" testListId="8c84fa94-04c1-424b-9868-57a2d4851a1d" relativeResultsDirectory="0b1ee4e6-2099-412f-9726-0d30c9e9f494" />
    <UnitTestResult executionId="66afdab3-306f-4d0b-ac50-21019745e27e" testId="e5a4f51e-e4ba-c905-45c0-f860b6ad0e0d" testName="WoodenHousesAPI.Tests.Unit.FileServiceTests.Upload_AllAllowedExtensions_Succeed(filename: &quot;banner.gif&quot;)" computerName="MANLIKEGANGA" duration="00:00:00.4307821" startTime="2026-04-16T17:51:32.9982836+03:00" endTime="2026-04-16T17:51:32.9983260+03:00" testType="13cdc9d9-ddb5-4fa4-a97d-d965ccfc6d4b" outcome="Passed" testListId="8c84fa94-04c1-424b-9868-57a2d4851a1d" relativeResultsDirectory="66afdab3-306f-4d0b-ac50-21019745e27e" />
    <UnitTestResult executionId="5f33ea9d-7240-4797-a3d6-a65af0855758" testId="38fe20e1-f1d9-b04b-489a-0d9379609a87" testName="WoodenHousesAPI.Tests.Unit.FileServiceTests.Upload_DisallowedExtension_Throws(filename: &quot;virus.exe&quot;)" computerName="MANLIKEGANGA" duration="00:00:00.0019234" startTime="2026-04-16T17:51:33.2855013+03:00" endTime="2026-04-16T17:51:33.2855014+03:00" testType="13cdc9d9-ddb5-4fa4-a97d-d965ccfc6d4b" outcome="Passed" testListId="8c84fa94-04c1-424b-9868-57a2d4851a1d" relativeResultsDirectory="5f33ea9d-7240-4797-a3d6-a65af0855758" />
    <UnitTestResult executionId="c5d14712-b92f-46da-b842-c014986d5bd8" testId="2e9f50b9-f608-79fb-ba8c-931b68075c75" testName="WoodenHousesAPI.Tests.Unit.FileServiceTests.Delete_PathTraversalAttempt_DoesNothing(maliciousPath: &quot;/../../../etc/passwd&quot;)" computerName="MANLIKEGANGA" duration="00:00:00.0065503" startTime="2026-04-16T17:51:33.1050231+03:00" endTime="2026-04-16T17:51:33.1050233+03:00" testType="13cdc9d9-ddb5-4fa4-a97d-d965ccfc6d4b" outcome="Passed" testListId="8c84fa94-04c1-424b-9868-57a2d4851a1d" relativeResultsDirectory="c5d14712-b92f-46da-b842-c014986d5bd8" />
    <UnitTestResult executionId="5305ebcc-cdc8-4583-bc9f-4f9e87a9a9c1" testId="277c93d5-702b-37a1-cc65-d467ea29729f" testName="WoodenHousesAPI.Tests.Integration.ContactsControllerTests.SubmitContact_MessageTooLong_Returns400" computerName="MANLIKEGANGA" duration="00:00:00.0153648" startTime="2026-04-16T17:51:50.4785901+03:00" endTime="2026-04-16T17:51:50.4785908+03:00" testType="13cdc9d9-ddb5-4fa4-a97d-d965ccfc6d4b" outcome="Passed" testListId="8c84fa94-04c1-424b-9868-57a2d4851a1d" relativeResultsDirectory="5305ebcc-cdc8-4583-bc9f-4f9e87a9a9c1" />
    <UnitTestResult executionId="6a168f9e-412c-4b73-9833-dee0a6059efe" testId="5e5baab9-9ae5-9bdb-534b-c065656f58af" testName="WoodenHousesAPI.Tests.Integration.ContactsControllerTests.SubmitContact_ValidPayload_Returns200AndSavesToDb" computerName="MANLIKEGANGA" duration="00:00:00.0697990" startTime="2026-04-16T17:51:49.9736487+03:00" endTime="2026-04-16T17:51:49.9736489+03:00" testType="13cdc9d9-ddb5-4fa4-a97d-d965ccfc6d4b" outcome="Passed" testListId="8c84fa94-04c1-424b-9868-57a2d4851a1d" relativeResultsDirectory="6a168f9e-412c-4b73-9833-dee0a6059efe" />
    <UnitTestResult executionId="0053c7ff-b5f1-4979-851d-c0336e8b586e" testId="353e17c6-d643-64a0-c68c-b3bb1265df97" testName="WoodenHousesAPI.Tests.Integration.QuotesControllerTests.CreateQuote_Unauthenticated_Returns401" computerName="MANLIKEGANGA" duration="00:00:00.0058956" startTime="2026-04-16T17:51:52.5149065+03:00" endTime="2026-04-16T17:51:52.5149069+03:00" testType="13cdc9d9-ddb5-4fa4-a97d-d965ccfc6d4b" outcome="Passed" testListId="8c84fa94-04c1-424b-9868-57a2d4851a1d" relativeResultsDirectory="0053c7ff-b5f1-4979-851d-c0336e8b586e" />
    <UnitTestResult executionId="0b0ea4ab-d0a6-4301-862d-ad4080afc884" testId="d322d014-662b-95dd-770e-4328ad6d2f1a" testName="WoodenHousesAPI.Tests.Integration.AuthControllerTests.Logout_ClearsAuthCookie" computerName="MANLIKEGANGA" duration="00:00:00.0387240" startTime="2026-04-16T17:51:49.8746220+03:00" endTime="2026-04-16T17:51:49.8746222+03:00" testType="13cdc9d9-ddb5-4fa4-a97d-d965ccfc6d4b" outcome="Passed" testListId="8c84fa94-04c1-424b-9868-57a2d4851a1d" relativeResultsDirectory="0b0ea4ab-d0a6-4301-862d-ad4080afc884" />
    <UnitTestResult executionId="f8c78425-0e21-4c01-8ff2-6a05662b476e" testId="b8ea6cb3-b632-f099-6f03-f582f65241da" testName="WoodenHousesAPI.Tests.Integration.PublicEndpointsTests.Subscribe_NewEmail_Returns200" computerName="MANLIKEGANGA" duration="00:00:00.0387590" startTime="2026-04-16T17:51:51.1419460+03:00" endTime="2026-04-16T17:51:51.1419463+03:00" testType="13cdc9d9-ddb5-4fa4-a97d-d965ccfc6d4b" outcome="Passed" testListId="8c84fa94-04c1-424b-9868-57a2d4851a1d" relativeResultsDirectory="f8c78425-0e21-4c01-8ff2-6a05662b476e" />
    <UnitTestResult executionId="fd590e7c-a0f2-423f-98f8-6edb93b6f5ad" testId="e746bf44-f03f-7be1-86b3-c62835181bc8" testName="WoodenHousesAPI.Tests.Integration.PublicEndpointsTests.GetProjects_ReturnsPublishedProjects" computerName="MANLIKEGANGA" duration="00:00:00.0826789" startTime="2026-04-16T17:51:51.0237947+03:00" endTime="2026-04-16T17:51:51.0237951+03:00" testType="13cdc9d9-ddb5-4fa4-a97d-d965ccfc6d4b" outcome="Passed" testListId="8c84fa94-04c1-424b-9868-57a2d4851a1d" relativeResultsDirectory="fd590e7c-a0f2-423f-98f8-6edb93b6f5ad" />
    <UnitTestResult executionId="99dd1458-41e1-47c7-b80f-fa7238b125de" testId="f1c83168-62b9-ae7c-602f-57f6bb98afb5" testName="WoodenHousesAPI.Tests.Unit.FileServiceTests.Upload_DisallowedExtension_Throws(filename: &quot;shell.sh&quot;)" computerName="MANLIKEGANGA" duration="00:00:00.0035618" startTime="2026-04-16T17:51:33.2855776+03:00" endTime="2026-04-16T17:51:33.2855777+03:00" testType="13cdc9d9-ddb5-4fa4-a97d-d965ccfc6d4b" outcome="Passed" testListId="8c84fa94-04c1-424b-9868-57a2d4851a1d" relativeResultsDirectory="99dd1458-41e1-47c7-b80f-fa7238b125de" />
    <UnitTestResult executionId="20b82cc5-278b-4f43-afa2-979558279d90" testId="dfbe0067-6a58-c11c-ad4b-9c3b8a49b0b6" testName="WoodenHousesAPI.Tests.Unit.AuthServiceTests.Login_WithWrongPassword_ReturnsNull" computerName="MANLIKEGANGA" duration="00:00:00.1051117" startTime="2026-04-16T17:51:36.1053712+03:00" endTime="2026-04-16T17:51:36.1053713+03:00" testType="13cdc9d9-ddb5-4fa4-a97d-d965ccfc6d4b" outcome="Passed" testListId="8c84fa94-04c1-424b-9868-57a2d4851a1d" relativeResultsDirectory="20b82cc5-278b-4f43-afa2-979558279d90" />
    <UnitTestResult executionId="e6b9b0ff-da02-4292-973f-277310ac6e1f" testId="0d325393-ed3a-b647-0c89-c534e7fc2dfe" testName="WoodenHousesAPI.Tests.Integration.ContactsControllerTests.PatchContact_UpdateStatus_Persists" computerName="MANLIKEGANGA" duration="00:00:00.1164765" startTime="2026-04-16T17:51:50.7433068+03:00" endTime="2026-04-16T17:51:50.7433072+03:00" testType="13cdc9d9-ddb5-4fa4-a97d-d965ccfc6d4b" outcome="Passed" testListId="8c84fa94-04c1-424b-9868-57a2d4851a1d" relativeResultsDirectory="e6b9b0ff-da02-4292-973f-277310ac6e1f" />
    <UnitTestResult executionId="b4aa0d15-78a3-4fe7-96cf-3d40edd813bc" testId="e5d4afd8-63f0-871e-d602-2d89babc1fcf" testName="WoodenHousesAPI.Tests.Unit.FileServiceTests.Upload_ValidJpeg_ReturnsPublicUrl" computerName="MANLIKEGANGA" duration="00:00:00.0144707" startTime="2026-04-16T17:51:33.2850751+03:00" endTime="2026-04-16T17:51:33.2850752+03:00" testType="13cdc9d9-ddb5-4fa4-a97d-d965ccfc6d4b" outcome="Passed" testListId="8c84fa94-04c1-424b-9868-57a2d4851a1d" relativeResultsDirectory="b4aa0d15-78a3-4fe7-96cf-3d40edd813bc" />
    <UnitTestResult executionId="f6590cf4-31ea-49da-b08d-3ca33cb2aae8" testId="3ca4bc64-511e-c71b-aae2-3a4e3a3265f9" testName="WoodenHousesAPI.Tests.Unit.FileServiceTests.Upload_DisallowedExtension_Throws(filename: &quot;data.json&quot;)" computerName="MANLIKEGANGA" duration="00:00:00.0066291" startTime="2026-04-16T17:51:33.2857208+03:00" endTime="2026-04-16T17:51:33.2857208+03:00" testType="13cdc9d9-ddb5-4fa4-a97d-d965ccfc6d4b" outcome="Passed" testListId="8c84fa94-04c1-424b-9868-57a2d4851a1d" relativeResultsDirectory="f6590cf4-31ea-49da-b08d-3ca33cb2aae8" />
    <UnitTestResult executionId="4fc3583a-06ea-4062-ac58-0f39f5025e44" testId="b385caad-d0c7-b7ab-43c4-341b8b5f9842" testName="WoodenHousesAPI.Tests.Integration.ContactsControllerTests.GetContacts_FilterByStatus_ReturnsOnlyMatchingRecords" computerName="MANLIKEGANGA" duration="00:00:00.2123934" startTime="2026-04-16T17:51:50.4208997+03:00" endTime="2026-04-16T17:51:50.4208999+03:00" testType="13cdc9d9-ddb5-4fa4-a97d-d965ccfc6d4b" outcome="Passed" testListId="8c84fa94-04c1-424b-9868-57a2d4851a1d" relativeResultsDirectory="4fc3583a-06ea-4062-ac58-0f39f5025e44" />
    <UnitTestResult executionId="0e047fc6-042e-4ea5-942a-6729939d92fd" testId="9a7e5a17-7e61-ca7a-9f37-9bf9770323d2" testName="WoodenHousesAPI.Tests.Integration.AuthControllerTests.Login_MissingPassword_Returns400" computerName="MANLIKEGANGA" duration="00:00:00.0060435" startTime="2026-04-16T17:51:49.9015794+03:00" endTime="2026-04-16T17:51:49.9015796+03:00" testType="13cdc9d9-ddb5-4fa4-a97d-d965ccfc6d4b" outcome="Passed" testListId="8c84fa94-04c1-424b-9868-57a2d4851a1d" relativeResultsDirectory="0e047fc6-042e-4ea5-942a-6729939d92fd" />
    <UnitTestResult executionId="a75e759a-ad4d-4102-94d4-a57364e0f2e4" testId="55c3c840-c0a6-9c1b-6ec4-4cf58380612b" testName="WoodenHousesAPI.Tests.Unit.FileServiceTests.Upload_AllAllowedExtensions_Succeed(filename: &quot;photo.jpeg&quot;)" computerName="MANLIKEGANGA" duration="00:00:00.0149359" startTime="2026-04-16T17:51:33.0597490+03:00" endTime="2026-04-16T17:51:33.0597492+03:00" testType="13cdc9d9-ddb5-4fa4-a97d-d965ccfc6d4b" outcome="Passed" testListId="8c84fa94-04c1-424b-9868-57a2d4851a1d" relativeResultsDirectory="a75e759a-ad4d-4102-94d4-a57364e0f2e4" />
    <UnitTestResult executionId="bbbd4801-bd67-4008-b2e3-a3b836bc4637" testId="4ba0a067-eccd-5094-1924-ee6d0d1b1185" testName="WoodenHousesAPI.Tests.Integration.SecurityTests.EveryResponse_DoesNotLeakServerInfo(dangerousHeader: &quot;X-Powered-By&quot;)" computerName="MANLIKEGANGA" duration="00:00:00.0032790" startTime="2026-04-16T17:51:52.4303162+03:00" endTime="2026-04-16T17:51:52.4303164+03:00" testType="13cdc9d9-ddb5-4fa4-a97d-d965ccfc6d4b" outcome="Passed" testListId="8c84fa94-04c1-424b-9868-57a2d4851a1d" relativeResultsDirectory="bbbd4801-bd67-4008-b2e3-a3b836bc4637" />
    <UnitTestResult executionId="97a47f8b-a5e7-4d8d-aac5-259b4921082d" testId="c8c1d9a9-3c8f-37e6-eed0-4a3eedf6b51d" testName="WoodenHousesAPI.Tests.Integration.SecurityTests.EveryResponse_HasRequiredSecurityHeader(header: &quot;X-XSS-Protection&quot;, expectedValue: &quot;1; mode=block&quot;)" computerName="MANLIKEGANGA" duration="00:00:00.0102884" startTime="2026-04-16T17:51:51.8583309+03:00" endTime="2026-04-16T17:51:51.8583311+03:00" testType="13cdc9d9-ddb5-4fa4-a97d-d965ccfc6d4b" outcome="Passed" testListId="8c84fa94-04c1-424b-9868-57a2d4851a1d" relativeResultsDirectory="97a47f8b-a5e7-4d8d-aac5-259b4921082d" />
    <UnitTestResult executionId="52f96f87-abc5-443f-b885-978fd8e578dc" testId="0ece3a07-7d5e-02f6-2f63-6d7995dc7e4a" testName="WoodenHousesAPI.Tests.Integration.QuotesControllerTests.DeleteQuote_ExistingQuote_Returns204" computerName="MANLIKEGANGA" duration="00:00:00.1081877" startTime="2026-04-16T17:51:52.3548892+03:00" endTime="2026-04-16T17:51:52.3548894+03:00" testType="13cdc9d9-ddb5-4fa4-a97d-d965ccfc6d4b" outcome="Passed" testListId="8c84fa94-04c1-424b-9868-57a2d4851a1d" relativeResultsDirectory="52f96f87-abc5-443f-b885-978fd8e578dc" />
    <UnitTestResult executionId="9f4b5cc9-0bcf-43e3-906e-292a112a28ea" testId="234a4865-a890-ffe5-3177-cb831de1d315" testName="WoodenHousesAPI.Tests.Integration.PublicEndpointsTests.GetProjects_FilterFeatured_OnlyReturnsFeaturedProjects" computerName="MANLIKEGANGA" duration="00:00:00.0539400" startTime="2026-04-16T17:51:51.1055475+03:00" endTime="2026-04-16T17:51:51.1055477+03:00" testType="13cdc9d9-ddb5-4fa4-a97d-d965ccfc6d4b" outcome="Passed" testListId="8c84fa94-04c1-424b-9868-57a2d4851a1d" relativeResultsDirectory="9f4b5cc9-0bcf-43e3-906e-292a112a28ea" />
    <UnitTestResult executionId="79f4cdea-5738-4e52-b3e0-861fe26c3220" testId="3f9a9625-9ee3-2273-af7e-6e6f2e46da17" testName="WoodenHousesAPI.Tests.Integration.SecurityTests.EveryResponse_DoesNotLeakServerInfo(dangerousHeader: &quot;Server&quot;)" computerName="MANLIKEGANGA" duration="00:00:00.0060752" startTime="2026-04-16T17:51:52.4263583+03:00" endTime="2026-04-16T17:51:52.4263583+03:00" testType="13cdc9d9-ddb5-4fa4-a97d-d965ccfc6d4b" outcome="Passed" testListId="8c84fa94-04c1-424b-9868-57a2d4851a1d" relativeResultsDirectory="79f4cdea-5738-4e52-b3e0-861fe26c3220" />
    <UnitTestResult executionId="3df410cd-7786-4cf8-8c4b-74d7ad83bc4b" testId="7e0ff517-805d-5678-a7f8-a8206ed426cc" testName="WoodenHousesAPI.Tests.Integration.PublicEndpointsTests.HealthCheck_Returns200" computerName="MANLIKEGANGA" duration="00:00:00.0446549" startTime="2026-04-16T17:51:51.2079785+03:00" endTime="2026-04-16T17:51:51.2079789+03:00" testType="13cdc9d9-ddb5-4fa4-a97d-d965ccfc6d4b" outcome="Passed" testListId="8c84fa94-04c1-424b-9868-57a2d4851a1d" relativeResultsDirectory="3df410cd-7786-4cf8-8c4b-74d7ad83bc4b" />
    <UnitTestResult executionId="d75d2c7e-1d5e-4bb3-9f0d-0c2be4d2f8fd" testId="028c0118-f9d1-a5fe-8f74-037b33fbaf23" testName="WoodenHousesAPI.Tests.Unit.FileServiceTests.Upload_GeneratesUniqueFilenames" computerName="MANLIKEGANGA" duration="00:00:00.0179067" startTime="2026-04-16T17:51:33.2857895+03:00" endTime="2026-04-16T17:51:33.2857895+03:00" testType="13cdc9d9-ddb5-4fa4-a97d-d965ccfc6d4b" outcome="Passed" testListId="8c84fa94-04c1-424b-9868-57a2d4851a1d" relativeResultsDirectory="d75d2c7e-1d5e-4bb3-9f0d-0c2be4d2f8fd" />
    <UnitTestResult executionId="04aab868-3e95-4251-a4a0-72b7f75592e4" testId="c27abb53-9bed-9b3a-ba80-07f76dbbdd8e" testName="WoodenHousesAPI.Tests.Unit.FileServiceTests.Delete_NullOrEmptyPath_DoesNotThrow" computerName="MANLIKEGANGA" duration="00:00:00.0024892" startTime="2026-04-16T17:51:33.3195456+03:00" endTime="2026-04-16T17:51:33.3195457+03:00" testType="13cdc9d9-ddb5-4fa4-a97d-d965ccfc6d4b" outcome="Passed" testListId="8c84fa94-04c1-424b-9868-57a2d4851a1d" relativeResultsDirectory="04aab868-3e95-4251-a4a0-72b7f75592e4" />
    <UnitTestResult executionId="fd8be9db-6154-4b31-95a2-6e854b1cc5ea" testId="f967e081-83a4-4e9c-c448-35d999b97892" testName="WoodenHousesAPI.Tests.Unit.AuthServiceTests.Login_WithNonExistentEmail_ReturnsNull" computerName="MANLIKEGANGA" duration="00:00:00.0616915" startTime="2026-04-16T17:51:36.1680225+03:00" endTime="2026-04-16T17:51:36.1680227+03:00" testType="13cdc9d9-ddb5-4fa4-a97d-d965ccfc6d4b" outcome="Passed" testListId="8c84fa94-04c1-424b-9868-57a2d4851a1d" relativeResultsDirectory="fd8be9db-6154-4b31-95a2-6e854b1cc5ea" />
    <UnitTestResult executionId="ae312364-ffac-4797-9d3c-e46671bcfe3b" testId="16aa84bc-7303-05f4-c7eb-3ffa494c9292" testName="WoodenHousesAPI.Tests.Integration.PublicEndpointsTests.GetServices_ReturnsPublishedServices" computerName="MANLIKEGANGA" duration="00:00:00.1227144" startTime="2026-04-16T17:51:51.3336033+03:00" endTime="2026-04-16T17:51:51.3336036+03:00" testType="13cdc9d9-ddb5-4fa4-a97d-d965ccfc6d4b" outcome="Passed" testListId="8c84fa94-04c1-424b-9868-57a2d4851a1d" relativeResultsDirectory="ae312364-ffac-4797-9d3c-e46671bcfe3b" />
    <UnitTestResult executionId="ee329736-c79c-4401-88d2-12f2805bce0a" testId="8175f086-32ca-935f-3add-b73f874acb77" testName="WoodenHousesAPI.Tests.Integration.SecurityTests.AdminEndpoint_WithTamperedToken_Returns401" computerName="MANLIKEGANGA" duration="00:00:00.0110254" startTime="2026-04-16T17:51:51.8898780+03:00" endTime="2026-04-16T17:51:51.8898944+03:00" testType="13cdc9d9-ddb5-4fa4-a97d-d965ccfc6d4b" outcome="Passed" testListId="8c84fa94-04c1-424b-9868-57a2d4851a1d" relativeResultsDirectory="ee329736-c79c-4401-88d2-12f2805bce0a" />
    <UnitTestResult executionId="e190cacc-156b-4875-b462-3035ad0c0474" testId="abecd66e-88e7-fbed-0117-528578b0b013" testName="WoodenHousesAPI.Tests.Integration.ContactsControllerTests.SubmitContact_MissingRequiredName_Returns400" computerName="MANLIKEGANGA" duration="00:00:00.0078643" startTime="2026-04-16T17:51:50.5090876+03:00" endTime="2026-04-16T17:51:50.5090878+03:00" testType="13cdc9d9-ddb5-4fa4-a97d-d965ccfc6d4b" outcome="Passed" testListId="8c84fa94-04c1-424b-9868-57a2d4851a1d" relativeResultsDirectory="e190cacc-156b-4875-b462-3035ad0c0474" />
    <UnitTestResult executionId="f80e6c91-8b7e-404e-8dea-4defa40de01e" testId="020ecd9b-a163-d81f-5325-4b610c3775cd" testName="WoodenHousesAPI.Tests.Integration.ContactsControllerTests.GetContactById_ExistingContact_Returns200" computerName="MANLIKEGANGA" duration="00:00:00.0567165" startTime="2026-04-16T17:51:50.8009807+03:00" endTime="2026-04-16T17:51:50.8009809+03:00" testType="13cdc9d9-ddb5-4fa4-a97d-d965ccfc6d4b" outcome="Passed" testListId="8c84fa94-04c1-424b-9868-57a2d4851a1d" relativeResultsDirectory="f80e6c91-8b7e-404e-8dea-4defa40de01e" />
    <UnitTestResult executionId="21ff0897-8c16-44df-ba4a-615193169a5c" testId="1615d772-6979-f62c-6209-551559202035" testName="WoodenHousesAPI.Tests.Integration.ContactsControllerTests.GetContactById_NonExistentId_Returns404" computerName="MANLIKEGANGA" duration="00:00:00.2140625" startTime="2026-04-16T17:51:50.1887266+03:00" endTime="2026-04-16T17:51:50.1887270+03:00" testType="13cdc9d9-ddb5-4fa4-a97d-d965ccfc6d4b" outcome="Passed" testListId="8c84fa94-04c1-424b-9868-57a2d4851a1d" relativeResultsDirectory="21ff0897-8c16-44df-ba4a-615193169a5c" />
    <UnitTestResult executionId="b3447b88-16bb-4571-a5a7-3f1c96884e05" testId="2d05f677-c0ff-662d-f6ef-cfb3f6dfed84" testName="WoodenHousesAPI.Tests.Unit.FileServiceTests.Upload_AllAllowedExtensions_Succeed(filename: &quot;hero.webp&quot;)" computerName="MANLIKEGANGA" duration="00:00:00.0126192" startTime="2026-04-16T17:51:33.0186422+03:00" endTime="2026-04-16T17:51:33.0186423+03:00" testType="13cdc9d9-ddb5-4fa4-a97d-d965ccfc6d4b" outcome="Passed" testListId="8c84fa94-04c1-424b-9868-57a2d4851a1d" relativeResultsDirectory="b3447b88-16bb-4571-a5a7-3f1c96884e05" />
    <UnitTestResult executionId="9426de70-0038-4b54-852a-788f3771ed4a" testId="01d85432-1c1f-2585-4b74-80e5af352315" testName="WoodenHousesAPI.Tests.Integration.QuotesControllerTests.UpdateQuote_ChangesStatusAndPricing_Persists" computerName="MANLIKEGANGA" duration="00:00:00.0958763" startTime="2026-04-16T17:51:52.6159224+03:00" endTime="2026-04-16T17:51:52.6159226+03:00" testType="13cdc9d9-ddb5-4fa4-a97d-d965ccfc6d4b" outcome="Passed" testListId="8c84fa94-04c1-424b-9868-57a2d4851a1d" relativeResultsDirectory="9426de70-0038-4b54-852a-788f3771ed4a" />
    <UnitTestResult executionId="f8efc106-c4a8-4ffe-b3e4-d519522ecfe5" testId="ca938910-4bd2-78a2-e76a-294316301487" testName="WoodenHousesAPI.Tests.Integration.ContactsControllerTests.SubmitContact_NewsletterOptIn_AlsoCreatesSubscriber" computerName="MANLIKEGANGA" duration="00:00:00.0912031" startTime="2026-04-16T17:51:50.6115171+03:00" endTime="2026-04-16T17:51:50.6115174+03:00" testType="13cdc9d9-ddb5-4fa4-a97d-d965ccfc6d4b" outcome="Passed" testListId="8c84fa94-04c1-424b-9868-57a2d4851a1d" relativeResultsDirectory="f8efc106-c4a8-4ffe-b3e4-d519522ecfe5" />
    <UnitTestResult executionId="175be780-2321-4ec3-8fee-ff69e17c5bcb" testId="73743d59-95bd-19fb-1580-f5d01abb6803" testName="WoodenHousesAPI.Tests.Unit.FileServiceTests.Upload_AllAllowedExtensions_Succeed(filename: &quot;picture.png&quot;)" computerName="MANLIKEGANGA" duration="00:00:00.0095501" startTime="2026-04-16T17:51:33.0269817+03:00" endTime="2026-04-16T17:51:33.0269818+03:00" testType="13cdc9d9-ddb5-4fa4-a97d-d965ccfc6d4b" outcome="Passed" testListId="8c84fa94-04c1-424b-9868-57a2d4851a1d" relativeResultsDirectory="175be780-2321-4ec3-8fee-ff69e17c5bcb" />
    <UnitTestResult executionId="000704e5-acd8-4f9b-b7ba-1a62b7f740c6" testId="58e22484-e5eb-a30a-46ef-d819ec9a6e0f" testName="WoodenHousesAPI.Tests.Integration.QuotesControllerTests.CreateQuote_ValidPayload_Returns201WithQuoteNumber" computerName="MANLIKEGANGA" duration="00:00:00.0291938" startTime="2026-04-16T17:51:52.2423052+03:00" endTime="2026-04-16T17:51:52.2423054+03:00" testType="13cdc9d9-ddb5-4fa4-a97d-d965ccfc6d4b" outcome="Passed" testListId="8c84fa94-04c1-424b-9868-57a2d4851a1d" relativeResultsDirectory="000704e5-acd8-4f9b-b7ba-1a62b7f740c6" />
    <UnitTestResult executionId="97a2cfec-77f2-4109-94ae-6978d22d3c4a" testId="f7937d7c-755f-0da3-ddfe-77d38f6b252c" testName="WoodenHousesAPI.Tests.Integration.ContactsControllerTests.SubmitContact_InvalidEmail_Returns400" computerName="MANLIKEGANGA" duration="00:00:00.0210843" startTime="2026-04-16T17:51:50.4962399+03:00" endTime="2026-04-16T17:51:50.4962402+03:00" testType="13cdc9d9-ddb5-4fa4-a97d-d965ccfc6d4b" outcome="Passed" testListId="8c84fa94-04c1-424b-9868-57a2d4851a1d" relativeResultsDirectory="97a2cfec-77f2-4109-94ae-6978d22d3c4a" />
    <UnitTestResult executionId="6bb415fd-973a-4035-b918-f4e107a73006" testId="56a5b9cc-5e7e-a9e6-f597-bc391125f7c4" testName="WoodenHousesAPI.Tests.Integration.QuotesControllerTests.GetQuotes_Authenticated_ReturnsPaginatedList" computerName="MANLIKEGANGA" duration="00:00:00.0907283" startTime="2026-04-16T17:51:52.5060303+03:00" endTime="2026-04-16T17:51:52.5060304+03:00" testType="13cdc9d9-ddb5-4fa4-a97d-d965ccfc6d4b" outcome="Passed" testListId="8c84fa94-04c1-424b-9868-57a2d4851a1d" relativeResultsDirectory="6bb415fd-973a-4035-b918-f4e107a73006" />
    <UnitTestResult executionId="c4794258-5bf2-40bc-aa6b-759c0a3e6967" testId="02b4a2a0-2c58-50f1-3fa6-ecb780f5c28c" testName="WoodenHousesAPI.Tests.Integration.PublicEndpointsTests.AdminRoutes_WithoutAuth_Return401(method: &quot;GET&quot;, path: &quot;/api/admin/contacts&quot;)" computerName="MANLIKEGANGA" duration="00:00:00.0057834" startTime="2026-04-16T17:51:50.8503845+03:00" endTime="2026-04-16T17:51:50.8503847+03:00" testType="13cdc9d9-ddb5-4fa4-a97d-d965ccfc6d4b" outcome="Passed" testListId="8c84fa94-04c1-424b-9868-57a2d4851a1d" relativeResultsDirectory="c4794258-5bf2-40bc-aa6b-759c0a3e6967" />
    <UnitTestResult executionId="cc5cd5d3-792b-46f6-96b6-7ca30fed93a6" testId="24684fb2-9566-efcd-f805-d54b061a33a0" testName="WoodenHousesAPI.Tests.Unit.AuthServiceTests.Login_TokenContainsCorrectClaims" computerName="MANLIKEGANGA" duration="00:00:00.0751595" startTime="2026-04-16T17:51:36.3225748+03:00" endTime="2026-04-16T17:51:36.3225750+03:00" testType="13cdc9d9-ddb5-4fa4-a97d-d965ccfc6d4b" outcome="Passed" testListId="8c84fa94-04c1-424b-9868-57a2d4851a1d" relativeResultsDirectory="cc5cd5d3-792b-46f6-96b6-7ca30fed93a6" />
    <UnitTestResult executionId="ba5ec8bc-308f-4e99-844d-680427405e30" testId="f118dcb1-96b9-6cba-08ae-ecb4edbe30f8" testName="WoodenHousesAPI.Tests.Unit.FileServiceTests.Upload_FileTooLarge_Throws" computerName="MANLIKEGANGA" duration="00:00:00.0507255" startTime="2026-04-16T17:51:33.1561420+03:00" endTime="2026-04-16T17:51:33.1561421+03:00" testType="13cdc9d9-ddb5-4fa4-a97d-d965ccfc6d4b" outcome="Passed" testListId="8c84fa94-04c1-424b-9868-57a2d4851a1d" relativeResultsDirectory="ba5ec8bc-308f-4e99-844d-680427405e30" />
    <UnitTestResult executionId="00643c72-1e2e-49a2-b021-516ed181cc75" testId="53c3cc59-06ee-1511-66dd-52fc2269736f" testName="WoodenHousesAPI.Tests.Unit.AuthServiceTests.Login_WithValidCredentials_ReturnsToken" computerName="MANLIKEGANGA" duration="00:00:03.4489281" startTime="2026-04-16T17:51:36.0006451+03:00" endTime="2026-04-16T17:51:36.0006452+03:00" testType="13cdc9d9-ddb5-4fa4-a97d-d965ccfc6d4b" outcome="Passed" testListId="8c84fa94-04c1-424b-9868-57a2d4851a1d" relativeResultsDirectory="00643c72-1e2e-49a2-b021-516ed181cc75" />
    <UnitTestResult executionId="9f51ae3f-c754-443e-bd78-fcf7da53fab3" testId="ed7ab9d8-1cec-d312-5c34-9c50a01717d5" testName="WoodenHousesAPI.Tests.Integration.QuotesControllerTests.CreateQuote_QuoteNumbersAreSequentialAndUnique" computerName="MANLIKEGANGA" duration="00:00:00.0410028" startTime="2026-04-16T17:51:52.6552194+03:00" endTime="2026-04-16T17:51:52.6552196+03:00" testType="13cdc9d9-ddb5-4fa4-a97d-d965ccfc6d4b" outcome="Passed" testListId="8c84fa94-04c1-424b-9868-57a2d4851a1d" relativeResultsDirectory="9f51ae3f-c754-443e-bd78-fcf7da53fab3" />
    <UnitTestResult executionId="62b43a0e-0f44-45e6-852c-bb03aa1206f0" testId="115f3691-0b76-7d84-86ba-690a197f556d" testName="WoodenHousesAPI.Tests.Integration.PublicEndpointsTests.Unsubscribe_UnknownEmail_Returns404" computerName="MANLIKEGANGA" duration="00:00:00.0207834" startTime="2026-04-16T17:51:51.8302199+03:00" endTime="2026-04-16T17:51:51.8302201+03:00" testType="13cdc9d9-ddb5-4fa4-a97d-d965ccfc6d4b" outcome="Passed" testListId="8c84fa94-04c1-424b-9868-57a2d4851a1d" relativeResultsDirectory="62b43a0e-0f44-45e6-852c-bb03aa1206f0" />
    <UnitTestResult executionId="1f13b694-52f5-4a31-8bd9-d6f4806ae123" testId="95d425c5-6735-3199-4502-14fb7be03fc2" testName="WoodenHousesAPI.Tests.Integration.QuotesControllerTests.SendQuote_ChangesStatusToSent" computerName="MANLIKEGANGA" duration="00:00:00.5513225" startTime="2026-04-16T17:51:52.4125667+03:00" endTime="2026-04-16T17:51:52.4125668+03:00" testType="13cdc9d9-ddb5-4fa4-a97d-d965ccfc6d4b" outcome="Passed" testListId="8c84fa94-04c1-424b-9868-57a2d4851a1d" relativeResultsDirectory="1f13b694-52f5-4a31-8bd9-d6f4806ae123" />
    <UnitTestResult executionId="934bab62-8634-4b53-9778-35ecd9727097" testId="4862de2b-093c-b5a9-2716-6b8cff78a29a" testName="WoodenHousesAPI.Tests.Unit.FileServiceTests.Delete_PathTraversalAttempt_DoesNothing(maliciousPath: &quot;/uploads/../../../etc/shadow&quot;)" computerName="MANLIKEGANGA" duration="00:00:00.0190861" startTime="2026-04-16T17:51:33.0977869+03:00" endTime="2026-04-16T17:51:33.0977871+03:00" testType="13cdc9d9-ddb5-4fa4-a97d-d965ccfc6d4b" outcome="Passed" testListId="8c84fa94-04c1-424b-9868-57a2d4851a1d" relativeResultsDirectory="934bab62-8634-4b53-9778-35ecd9727097" />
  </Results>
  <TestDefinitions>
    <UnitTest name="WoodenHousesAPI.Tests.Unit.FileServiceTests.Delete_PathTraversalAttempt_DoesNothing(maliciousPath: &quot;/uploads/../../../etc/shadow&quot;)" storage="/mnt/c/users/admin/wooden-houses-kenya/backend/woodenhousesapi.tests/bin/debug/net8.0/woodenhousesapi.tests.dll" id="4862de2b-093c-b5a9-2716-6b8cff78a29a">
      <Execution id="934bab62-8634-4b53-9778-35ecd9727097" />
      <TestMethod codeBase="/mnt/c/Users/ADMIN/wooden-houses-kenya/backend/WoodenHousesAPI.Tests/bin/Debug/net8.0/WoodenHousesAPI.Tests.dll" adapterTypeName="executor://xunit/VsTestRunner2/netcoreapp" className="WoodenHousesAPI.Tests.Unit.FileServiceTests" name="Delete_PathTraversalAttempt_DoesNothing" />
    </UnitTest>
    <UnitTest name="WoodenHousesAPI.Tests.Unit.FileServiceTests.Upload_DisallowedExtension_Throws(filename: &quot;data.json&quot;)" storage="/mnt/c/users/admin/wooden-houses-kenya/backend/woodenhousesapi.tests/bin/debug/net8.0/woodenhousesapi.tests.dll" id="3ca4bc64-511e-c71b-aae2-3a4e3a3265f9">
      <Execution id="f6590cf4-31ea-49da-b08d-3ca33cb2aae8" />
      <TestMethod codeBase="/mnt/c/Users/ADMIN/wooden-houses-kenya/backend/WoodenHousesAPI.Tests/bin/Debug/net8.0/WoodenHousesAPI.Tests.dll" adapterTypeName="executor://xunit/VsTestRunner2/netcoreapp" className="WoodenHousesAPI.Tests.Unit.FileServiceTests" name="Upload_DisallowedExtension_Throws" />
    </UnitTest>
    <UnitTest name="WoodenHousesAPI.Tests.Unit.FileServiceTests.Upload_DisallowedExtension_Throws(filename: &quot;script.php&quot;)" storage="/mnt/c/users/admin/wooden-houses-kenya/backend/woodenhousesapi.tests/bin/debug/net8.0/woodenhousesapi.tests.dll" id="4bd4228d-0c47-d28f-5222-594302007aa9">
      <Execution id="65564777-6d42-4164-8322-6af895e467d3" />
      <TestMethod codeBase="/mnt/c/Users/ADMIN/wooden-houses-kenya/backend/WoodenHousesAPI.Tests/bin/Debug/net8.0/WoodenHousesAPI.Tests.dll" adapterTypeName="executor://xunit/VsTestRunner2/netcoreapp" className="WoodenHousesAPI.Tests.Unit.FileServiceTests" name="Upload_DisallowedExtension_Throws" />
    </UnitTest>
    <UnitTest name="WoodenHousesAPI.Tests.Integration.AuthControllerTests.Login_MissingPassword_Returns400" storage="/mnt/c/users/admin/wooden-houses-kenya/backend/woodenhousesapi.tests/bin/debug/net8.0/woodenhousesapi.tests.dll" id="9a7e5a17-7e61-ca7a-9f37-9bf9770323d2">
      <Execution id="0e047fc6-042e-4ea5-942a-6729939d92fd" />
      <TestMethod codeBase="/mnt/c/Users/ADMIN/wooden-houses-kenya/backend/WoodenHousesAPI.Tests/bin/Debug/net8.0/WoodenHousesAPI.Tests.dll" adapterTypeName="executor://xunit/VsTestRunner2/netcoreapp" className="WoodenHousesAPI.Tests.Integration.AuthControllerTests" name="Login_MissingPassword_Returns400" />
    </UnitTest>
    <UnitTest name="WoodenHousesAPI.Tests.Integration.ContactsControllerTests.GetContacts_FilterByStatus_ReturnsOnlyMatchingRecords" storage="/mnt/c/users/admin/wooden-houses-kenya/backend/woodenhousesapi.tests/bin/debug/net8.0/woodenhousesapi.tests.dll" id="b385caad-d0c7-b7ab-43c4-341b8b5f9842">
      <Execution id="4fc3583a-06ea-4062-ac58-0f39f5025e44" />
      <TestMethod codeBase="/mnt/c/Users/ADMIN/wooden-houses-kenya/backend/WoodenHousesAPI.Tests/bin/Debug/net8.0/WoodenHousesAPI.Tests.dll" adapterTypeName="executor://xunit/VsTestRunner2/netcoreapp" className="WoodenHousesAPI.Tests.Integration.ContactsControllerTests" name="GetContacts_FilterByStatus_ReturnsOnlyMatchingRecords" />
    </UnitTest>
    <UnitTest name="WoodenHousesAPI.Tests.Integration.PublicEndpointsTests.GetProjects_ReturnsPublishedProjects" storage="/mnt/c/users/admin/wooden-houses-kenya/backend/woodenhousesapi.tests/bin/debug/net8.0/woodenhousesapi.tests.dll" id="e746bf44-f03f-7be1-86b3-c62835181bc8">
      <Execution id="fd590e7c-a0f2-423f-98f8-6edb93b6f5ad" />
      <TestMethod codeBase="/mnt/c/Users/ADMIN/wooden-houses-kenya/backend/WoodenHousesAPI.Tests/bin/Debug/net8.0/WoodenHousesAPI.Tests.dll" adapterTypeName="executor://xunit/VsTestRunner2/netcoreapp" className="WoodenHousesAPI.Tests.Integration.PublicEndpointsTests" name="GetProjects_ReturnsPublishedProjects" />
    </UnitTest>
    <UnitTest name="WoodenHousesAPI.Tests.Integration.SecurityTests.ContactSubmit_WithInjectionInName_Returns400NotServerError(maliciousInput: &quot;\&quot; OR \&quot;1\&quot;=\&quot;1&quot;)" storage="/mnt/c/users/admin/wooden-houses-kenya/backend/woodenhousesapi.tests/bin/debug/net8.0/woodenhousesapi.tests.dll" id="a625f868-de46-9853-7b6c-c01f4aa7a459">
      <Execution id="15036331-ed25-4c25-a364-99a45605c449" />
      <TestMethod codeBase="/mnt/c/Users/ADMIN/wooden-houses-kenya/backend/WoodenHousesAPI.Tests/bin/Debug/net8.0/WoodenHousesAPI.Tests.dll" adapterTypeName="executor://xunit/VsTestRunner2/netcoreapp" className="WoodenHousesAPI.Tests.Integration.SecurityTests" name="ContactSubmit_WithInjectionInName_Returns400NotServerError" />
    </UnitTest>
    <UnitTest name="WoodenHousesAPI.Tests.Integration.SecurityTests.Preflight_FromAllowedOrigin_Returns200WithCorsHeaders" storage="/mnt/c/users/admin/wooden-houses-kenya/backend/woodenhousesapi.tests/bin/debug/net8.0/woodenhousesapi.tests.dll" id="9f095217-3c76-0521-19df-0ac5f105dd2f">
      <Execution id="49cba872-110b-457b-8f87-9980f1b67bea" />
      <TestMethod codeBase="/mnt/c/Users/ADMIN/wooden-houses-kenya/backend/WoodenHousesAPI.Tests/bin/Debug/net8.0/WoodenHousesAPI.Tests.dll" adapterTypeName="executor://xunit/VsTestRunner2/netcoreapp" className="WoodenHousesAPI.Tests.Integration.SecurityTests" name="Preflight_FromAllowedOrigin_Returns200WithCorsHeaders" />
    </UnitTest>
    <UnitTest name="WoodenHousesAPI.Tests.Unit.AuthServiceTests.Login_TokenContainsCorrectClaims" storage="/mnt/c/users/admin/wooden-houses-kenya/backend/woodenhousesapi.tests/bin/debug/net8.0/woodenhousesapi.tests.dll" id="24684fb2-9566-efcd-f805-d54b061a33a0">
      <Execution id="cc5cd5d3-792b-46f6-96b6-7ca30fed93a6" />
      <TestMethod codeBase="/mnt/c/Users/ADMIN/wooden-houses-kenya/backend/WoodenHousesAPI.Tests/bin/Debug/net8.0/WoodenHousesAPI.Tests.dll" adapterTypeName="executor://xunit/VsTestRunner2/netcoreapp" className="WoodenHousesAPI.Tests.Unit.AuthServiceTests" name="Login_TokenContainsCorrectClaims" />
    </UnitTest>
    <UnitTest name="WoodenHousesAPI.Tests.Integration.QuotesControllerTests.CreateQuote_Unauthenticated_Returns401" storage="/mnt/c/users/admin/wooden-houses-kenya/backend/woodenhousesapi.tests/bin/debug/net8.0/woodenhousesapi.tests.dll" id="353e17c6-d643-64a0-c68c-b3bb1265df97">
      <Execution id="0053c7ff-b5f1-4979-851d-c0336e8b586e" />
      <TestMethod codeBase="/mnt/c/Users/ADMIN/wooden-houses-kenya/backend/WoodenHousesAPI.Tests/bin/Debug/net8.0/WoodenHousesAPI.Tests.dll" adapterTypeName="executor://xunit/VsTestRunner2/netcoreapp" className="WoodenHousesAPI.Tests.Integration.QuotesControllerTests" name="CreateQuote_Unauthenticated_Returns401" />
    </UnitTest>
    <UnitTest name="WoodenHousesAPI.Tests.Unit.FileServiceTests.Upload_DisallowedExtension_Throws(filename: &quot;shell.sh&quot;)" storage="/mnt/c/users/admin/wooden-houses-kenya/backend/woodenhousesapi.tests/bin/debug/net8.0/woodenhousesapi.tests.dll" id="f1c83168-62b9-ae7c-602f-57f6bb98afb5">
      <Execution id="99dd1458-41e1-47c7-b80f-fa7238b125de" />
      <TestMethod codeBase="/mnt/c/Users/ADMIN/wooden-houses-kenya/backend/WoodenHousesAPI.Tests/bin/Debug/net8.0/WoodenHousesAPI.Tests.dll" adapterTypeName="executor://xunit/VsTestRunner2/netcoreapp" className="WoodenHousesAPI.Tests.Unit.FileServiceTests" name="Upload_DisallowedExtension_Throws" />
    </UnitTest>
    <UnitTest name="WoodenHousesAPI.Tests.Integration.PublicEndpointsTests.AdminRoutes_WithoutAuth_Return401(method: &quot;GET&quot;, path: &quot;/api/admin/contacts&quot;)" storage="/mnt/c/users/admin/wooden-houses-kenya/backend/woodenhousesapi.tests/bin/debug/net8.0/woodenhousesapi.tests.dll" id="02b4a2a0-2c58-50f1-3fa6-ecb780f5c28c">
      <Execution id="c4794258-5bf2-40bc-aa6b-759c0a3e6967" />
      <TestMethod codeBase="/mnt/c/Users/ADMIN/wooden-houses-kenya/backend/WoodenHousesAPI.Tests/bin/Debug/net8.0/WoodenHousesAPI.Tests.dll" adapterTypeName="executor://xunit/VsTestRunner2/netcoreapp" className="WoodenHousesAPI.Tests.Integration.PublicEndpointsTests" name="AdminRoutes_WithoutAuth_Return401" />
    </UnitTest>
    <UnitTest name="WoodenHousesAPI.Tests.Integration.QuotesControllerTests.CreateQuote_ValidPayload_Returns201WithQuoteNumber" storage="/mnt/c/users/admin/wooden-houses-kenya/backend/woodenhousesapi.tests/bin/debug/net8.0/woodenhousesapi.tests.dll" id="58e22484-e5eb-a30a-46ef-d819ec9a6e0f">
      <Execution id="000704e5-acd8-4f9b-b7ba-1a62b7f740c6" />
      <TestMethod codeBase="/mnt/c/Users/ADMIN/wooden-houses-kenya/backend/WoodenHousesAPI.Tests/bin/Debug/net8.0/WoodenHousesAPI.Tests.dll" adapterTypeName="executor://xunit/VsTestRunner2/netcoreapp" className="WoodenHousesAPI.Tests.Integration.QuotesControllerTests" name="CreateQuote_ValidPayload_Returns201WithQuoteNumber" />
    </UnitTest>
    <UnitTest name="WoodenHousesAPI.Tests.Unit.FileServiceTests.Upload_AllAllowedExtensions_Succeed(filename: &quot;photo.jpeg&quot;)" storage="/mnt/c/users/admin/wooden-houses-kenya/backend/woodenhousesapi.tests/bin/debug/net8.0/woodenhousesapi.tests.dll" id="55c3c840-c0a6-9c1b-6ec4-4cf58380612b">
      <Execution id="a75e759a-ad4d-4102-94d4-a57364e0f2e4" />
      <TestMethod codeBase="/mnt/c/Users/ADMIN/wooden-houses-kenya/backend/WoodenHousesAPI.Tests/bin/Debug/net8.0/WoodenHousesAPI.Tests.dll" adapterTypeName="executor://xunit/VsTestRunner2/netcoreapp" className="WoodenHousesAPI.Tests.Unit.FileServiceTests" name="Upload_AllAllowedExtensions_Succeed" />
    </UnitTest>
    <UnitTest name="WoodenHousesAPI.Tests.Integration.SecurityTests.AdminEndpoint_WithTamperedToken_Returns401" storage="/mnt/c/users/admin/wooden-houses-kenya/backend/woodenhousesapi.tests/bin/debug/net8.0/woodenhousesapi.tests.dll" id="8175f086-32ca-935f-3add-b73f874acb77">
      <Execution id="ee329736-c79c-4401-88d2-12f2805bce0a" />
      <TestMethod codeBase="/mnt/c/Users/ADMIN/wooden-houses-kenya/backend/WoodenHousesAPI.Tests/bin/Debug/net8.0/WoodenHousesAPI.Tests.dll" adapterTypeName="executor://xunit/VsTestRunner2/netcoreapp" className="WoodenHousesAPI.Tests.Integration.SecurityTests" name="AdminEndpoint_WithTamperedToken_Returns401" />
    </UnitTest>
    <UnitTest name="WoodenHousesAPI.Tests.Unit.FileServiceTests.Upload_AllAllowedExtensions_Succeed(filename: &quot;hero.webp&quot;)" storage="/mnt/c/users/admin/wooden-houses-kenya/backend/woodenhousesapi.tests/bin/debug/net8.0/woodenhousesapi.tests.dll" id="2d05f677-c0ff-662d-f6ef-cfb3f6dfed84">
      <Execution id="b3447b88-16bb-4571-a5a7-3f1c96884e05" />
      <TestMethod codeBase="/mnt/c/Users/ADMIN/wooden-houses-kenya/backend/WoodenHousesAPI.Tests/bin/Debug/net8.0/WoodenHousesAPI.Tests.dll" adapterTypeName="executor://xunit/VsTestRunner2/netcoreapp" className="WoodenHousesAPI.Tests.Unit.FileServiceTests" name="Upload_AllAllowedExtensions_Succeed" />
    </UnitTest>
    <UnitTest name="WoodenHousesAPI.Tests.Integration.AuthControllerTests.Logout_ClearsAuthCookie" storage="/mnt/c/users/admin/wooden-houses-kenya/backend/woodenhousesapi.tests/bin/debug/net8.0/woodenhousesapi.tests.dll" id="d322d014-662b-95dd-770e-4328ad6d2f1a">
      <Execution id="0b0ea4ab-d0a6-4301-862d-ad4080afc884" />
      <TestMethod codeBase="/mnt/c/Users/ADMIN/wooden-houses-kenya/backend/WoodenHousesAPI.Tests/bin/Debug/net8.0/WoodenHousesAPI.Tests.dll" adapterTypeName="executor://xunit/VsTestRunner2/netcoreapp" className="WoodenHousesAPI.Tests.Integration.AuthControllerTests" name="Logout_ClearsAuthCookie" />
    </UnitTest>
    <UnitTest name="WoodenHousesAPI.Tests.Integration.QuotesControllerTests.GetQuotes_Authenticated_ReturnsPaginatedList" storage="/mnt/c/users/admin/wooden-houses-kenya/backend/woodenhousesapi.tests/bin/debug/net8.0/woodenhousesapi.tests.dll" id="56a5b9cc-5e7e-a9e6-f597-bc391125f7c4">
      <Execution id="6bb415fd-973a-4035-b918-f4e107a73006" />
      <TestMethod codeBase="/mnt/c/Users/ADMIN/wooden-houses-kenya/backend/WoodenHousesAPI.Tests/bin/Debug/net8.0/WoodenHousesAPI.Tests.dll" adapterTypeName="executor://xunit/VsTestRunner2/netcoreapp" className="WoodenHousesAPI.Tests.Integration.QuotesControllerTests" name="GetQuotes_Authenticated_ReturnsPaginatedList" />
    </UnitTest>
    <UnitTest name="WoodenHousesAPI.Tests.Unit.AuthServiceTests.Login_WithValidCredentials_ReturnsToken" storage="/mnt/c/users/admin/wooden-houses-kenya/backend/woodenhousesapi.tests/bin/debug/net8.0/woodenhousesapi.tests.dll" id="53c3cc59-06ee-1511-66dd-52fc2269736f">
      <Execution id="00643c72-1e2e-49a2-b021-516ed181cc75" />
      <TestMethod codeBase="/mnt/c/Users/ADMIN/wooden-houses-kenya/backend/WoodenHousesAPI.Tests/bin/Debug/net8.0/WoodenHousesAPI.Tests.dll" adapterTypeName="executor://xunit/VsTestRunner2/netcoreapp" className="WoodenHousesAPI.Tests.Unit.AuthServiceTests" name="Login_WithValidCredentials_ReturnsToken" />
    </UnitTest>
    <UnitTest name="WoodenHousesAPI.Tests.Integration.AuthControllerTests.Login_ErrorMessageDoesNotRevealWhichFieldWasWrong" storage="/mnt/c/users/admin/wooden-houses-kenya/backend/woodenhousesapi.tests/bin/debug/net8.0/woodenhousesapi.tests.dll" id="1e248c0d-ee55-ae39-7e4e-a6f7423b232a">
      <Execution id="252bc06e-8467-4397-876c-cddb7dd7892c" />
      <TestMethod codeBase="/mnt/c/Users/ADMIN/wooden-houses-kenya/backend/WoodenHousesAPI.Tests/bin/Debug/net8.0/WoodenHousesAPI.Tests.dll" adapterTypeName="executor://xunit/VsTestRunner2/netcoreapp" className="WoodenHousesAPI.Tests.Integration.AuthControllerTests" name="Login_ErrorMessageDoesNotRevealWhichFieldWasWrong" />
    </UnitTest>
    <UnitTest name="WoodenHousesAPI.Tests.Integration.PublicEndpointsTests.AdminRoutes_WithoutAuth_Return401(method: &quot;GET&quot;, path: &quot;/api/admin/quotes&quot;)" storage="/mnt/c/users/admin/wooden-houses-kenya/backend/woodenhousesapi.tests/bin/debug/net8.0/woodenhousesapi.tests.dll" id="aad2b201-1a5b-df30-b58b-b4b88724e215">
      <Execution id="a920f820-dcc9-489d-a77a-49a6f7da5d66" />
      <TestMethod codeBase="/mnt/c/Users/ADMIN/wooden-houses-kenya/backend/WoodenHousesAPI.Tests/bin/Debug/net8.0/WoodenHousesAPI.Tests.dll" adapterTypeName="executor://xunit/VsTestRunner2/netcoreapp" className="WoodenHousesAPI.Tests.Integration.PublicEndpointsTests" name="AdminRoutes_WithoutAuth_Return401" />
    </UnitTest>
    <UnitTest name="WoodenHousesAPI.Tests.Unit.AuthServiceTests.Login_TwoCallsProduceDifferentTokens" storage="/mnt/c/users/admin/wooden-houses-kenya/backend/woodenhousesapi.tests/bin/debug/net8.0/woodenhousesapi.tests.dll" id="1bd7f63b-45a1-7bd4-c7c1-0e77b7be8264">
      <Execution id="cf3f1f30-f6e4-41a9-bc4e-9be9308aa883" />
      <TestMethod codeBase="/mnt/c/Users/ADMIN/wooden-houses-kenya/backend/WoodenHousesAPI.Tests/bin/Debug/net8.0/WoodenHousesAPI.Tests.dll" adapterTypeName="executor://xunit/VsTestRunner2/netcoreapp" className="WoodenHousesAPI.Tests.Unit.AuthServiceTests" name="Login_TwoCallsProduceDifferentTokens" />
    </UnitTest>
    <UnitTest name="WoodenHousesAPI.Tests.Integration.ContactsControllerTests.SubmitContact_MissingRequiredName_Returns400" storage="/mnt/c/users/admin/wooden-houses-kenya/backend/woodenhousesapi.tests/bin/debug/net8.0/woodenhousesapi.tests.dll" id="abecd66e-88e7-fbed-0117-528578b0b013">
      <Execution id="e190cacc-156b-4875-b462-3035ad0c0474" />
      <TestMethod codeBase="/mnt/c/Users/ADMIN/wooden-houses-kenya/backend/WoodenHousesAPI.Tests/bin/Debug/net8.0/WoodenHousesAPI.Tests.dll" adapterTypeName="executor://xunit/VsTestRunner2/netcoreapp" className="WoodenHousesAPI.Tests.Integration.ContactsControllerTests" name="SubmitContact_MissingRequiredName_Returns400" />
    </UnitTest>
    <UnitTest name="WoodenHousesAPI.Tests.Integration.PublicEndpointsTests.GetProjects_FilterFeatured_OnlyReturnsFeaturedProjects" storage="/mnt/c/users/admin/wooden-houses-kenya/backend/woodenhousesapi.tests/bin/debug/net8.0/woodenhousesapi.tests.dll" id="234a4865-a890-ffe5-3177-cb831de1d315">
      <Execution id="9f4b5cc9-0bcf-43e3-906e-292a112a28ea" />
      <TestMethod codeBase="/mnt/c/Users/ADMIN/wooden-houses-kenya/backend/WoodenHousesAPI.Tests/bin/Debug/net8.0/WoodenHousesAPI.Tests.dll" adapterTypeName="executor://xunit/VsTestRunner2/netcoreapp" className="WoodenHousesAPI.Tests.Integration.PublicEndpointsTests" name="GetProjects_FilterFeatured_OnlyReturnsFeaturedProjects" />
    </UnitTest>
    <UnitTest name="WoodenHousesAPI.Tests.Unit.FileServiceTests.Upload_AllAllowedExtensions_Succeed(filename: &quot;banner.gif&quot;)" storage="/mnt/c/users/admin/wooden-houses-kenya/backend/woodenhousesapi.tests/bin/debug/net8.0/woodenhousesapi.tests.dll" id="e5a4f51e-e4ba-c905-45c0-f860b6ad0e0d">
      <Execution id="66afdab3-306f-4d0b-ac50-21019745e27e" />
      <TestMethod codeBase="/mnt/c/Users/ADMIN/wooden-houses-kenya/backend/WoodenHousesAPI.Tests/bin/Debug/net8.0/WoodenHousesAPI.Tests.dll" adapterTypeName="executor://xunit/VsTestRunner2/netcoreapp" className="WoodenHousesAPI.Tests.Unit.FileServiceTests" name="Upload_AllAllowedExtensions_Succeed" />
    </UnitTest>
    <UnitTest name="WoodenHousesAPI.Tests.Integration.PublicEndpointsTests.AdminRoutes_WithoutAuth_Return401(method: &quot;GET&quot;, path: &quot;/api/admin/newsletter&quot;)" storage="/mnt/c/users/admin/wooden-houses-kenya/backend/woodenhousesapi.tests/bin/debug/net8.0/woodenhousesapi.tests.dll" id="2a0ce76c-7531-ab2e-23b2-7532a9659548">
      <Execution id="01a8ee50-bfb6-4a8c-9673-8c36fd8ac756" />
      <TestMethod codeBase="/mnt/c/Users/ADMIN/wooden-houses-kenya/backend/WoodenHousesAPI.Tests/bin/Debug/net8.0/WoodenHousesAPI.Tests.dll" adapterTypeName="executor://xunit/VsTestRunner2/netcoreapp" className="WoodenHousesAPI.Tests.Integration.PublicEndpointsTests" name="AdminRoutes_WithoutAuth_Return401" />
    </UnitTest>
    <UnitTest name="WoodenHousesAPI.Tests.Integration.PublicEndpointsTests.Unsubscribe_UnknownEmail_Returns404" storage="/mnt/c/users/admin/wooden-houses-kenya/backend/woodenhousesapi.tests/bin/debug/net8.0/woodenhousesapi.tests.dll" id="115f3691-0b76-7d84-86ba-690a197f556d">
      <Execution id="62b43a0e-0f44-45e6-852c-bb03aa1206f0" />
      <TestMethod codeBase="/mnt/c/Users/ADMIN/wooden-houses-kenya/backend/WoodenHousesAPI.Tests/bin/Debug/net8.0/WoodenHousesAPI.Tests.dll" adapterTypeName="executor://xunit/VsTestRunner2/netcoreapp" className="WoodenHousesAPI.Tests.Integration.PublicEndpointsTests" name="Unsubscribe_UnknownEmail_Returns404" />
    </UnitTest>
    <UnitTest name="WoodenHousesAPI.Tests.Integration.SecurityTests.EveryResponse_HasRequiredSecurityHeader(header: &quot;Referrer-Policy&quot;, expectedValue: &quot;strict-origin-when-cross-origin&quot;)" storage="/mnt/c/users/admin/wooden-houses-kenya/backend/woodenhousesapi.tests/bin/debug/net8.0/woodenhousesapi.tests.dll" id="bc278dc9-a6c1-7b99-694e-80c99445a1d4">
      <Execution id="935638b9-52b3-4428-90d6-de7564d9c942" />
      <TestMethod codeBase="/mnt/c/Users/ADMIN/wooden-houses-kenya/backend/WoodenHousesAPI.Tests/bin/Debug/net8.0/WoodenHousesAPI.Tests.dll" adapterTypeName="executor://xunit/VsTestRunner2/netcoreapp" className="WoodenHousesAPI.Tests.Integration.SecurityTests" name="EveryResponse_HasRequiredSecurityHeader" />
    </UnitTest>
    <UnitTest name="WoodenHousesAPI.Tests.Integration.PublicEndpointsTests.Subscribe_DuplicateActiveEmail_Returns200WithAlreadySubscribed" storage="/mnt/c/users/admin/wooden-houses-kenya/backend/woodenhousesapi.tests/bin/debug/net8.0/woodenhousesapi.tests.dll" id="98b21c66-d39b-cec4-657c-5609e509d675">
      <Execution id="234959dc-11e4-45ec-a6cb-fb46842d53bc" />
      <TestMethod codeBase="/mnt/c/Users/ADMIN/wooden-houses-kenya/backend/WoodenHousesAPI.Tests/bin/Debug/net8.0/WoodenHousesAPI.Tests.dll" adapterTypeName="executor://xunit/VsTestRunner2/netcoreapp" className="WoodenHousesAPI.Tests.Integration.PublicEndpointsTests" name="Subscribe_DuplicateActiveEmail_Returns200WithAlreadySubscribed" />
    </UnitTest>
    <UnitTest name="WoodenHousesAPI.Tests.Unit.AuthServiceTests.Login_IsCaseInsensitiveOnEmail" storage="/mnt/c/users/admin/wooden-houses-kenya/backend/woodenhousesapi.tests/bin/debug/net8.0/woodenhousesapi.tests.dll" id="7bc01e6c-a122-0fab-bc67-d3bcbbd08f7c">
      <Execution id="0b1ee4e6-2099-412f-9726-0d30c9e9f494" />
      <TestMethod codeBase="/mnt/c/Users/ADMIN/wooden-houses-kenya/backend/WoodenHousesAPI.Tests/bin/Debug/net8.0/WoodenHousesAPI.Tests.dll" adapterTypeName="executor://xunit/VsTestRunner2/netcoreapp" className="WoodenHousesAPI.Tests.Unit.AuthServiceTests" name="Login_IsCaseInsensitiveOnEmail" />
    </UnitTest>
    <UnitTest name="WoodenHousesAPI.Tests.Integration.ContactsControllerTests.PatchContact_UpdateStatus_Persists" storage="/mnt/c/users/admin/wooden-houses-kenya/backend/woodenhousesapi.tests/bin/debug/net8.0/woodenhousesapi.tests.dll" id="0d325393-ed3a-b647-0c89-c534e7fc2dfe">
      <Execution id="e6b9b0ff-da02-4292-973f-277310ac6e1f" />
      <TestMethod codeBase="/mnt/c/Users/ADMIN/wooden-houses-kenya/backend/WoodenHousesAPI.Tests/bin/Debug/net8.0/WoodenHousesAPI.Tests.dll" adapterTypeName="executor://xunit/VsTestRunner2/netcoreapp" className="WoodenHousesAPI.Tests.Integration.ContactsControllerTests" name="PatchContact_UpdateStatus_Persists" />
    </UnitTest>
    <UnitTest name="WoodenHousesAPI.Tests.Integration.AuthControllerTests.Login_UnknownEmail_Returns401" storage="/mnt/c/users/admin/wooden-houses-kenya/backend/woodenhousesapi.tests/bin/debug/net8.0/woodenhousesapi.tests.dll" id="08855bc1-f69b-1d31-0a4b-315beddd8146">
      <Execution id="b392d278-c338-4b35-9b8e-fe3e461bc46c" />
      <TestMethod codeBase="/mnt/c/Users/ADMIN/wooden-houses-kenya/backend/WoodenHousesAPI.Tests/bin/Debug/net8.0/WoodenHousesAPI.Tests.dll" adapterTypeName="executor://xunit/VsTestRunner2/netcoreapp" className="WoodenHousesAPI.Tests.Integration.AuthControllerTests" name="Login_UnknownEmail_Returns401" />
    </UnitTest>
    <UnitTest name="WoodenHousesAPI.Tests.Integration.SecurityTests.EveryResponse_HasRequiredSecurityHeader(header: &quot;X-XSS-Protection&quot;, expectedValue: &quot;1; mode=block&quot;)" storage="/mnt/c/users/admin/wooden-houses-kenya/backend/woodenhousesapi.tests/bin/debug/net8.0/woodenhousesapi.tests.dll" id="c8c1d9a9-3c8f-37e6-eed0-4a3eedf6b51d">
      <Execution id="97a47f8b-a5e7-4d8d-aac5-259b4921082d" />
      <TestMethod codeBase="/mnt/c/Users/ADMIN/wooden-houses-kenya/backend/WoodenHousesAPI.Tests/bin/Debug/net8.0/WoodenHousesAPI.Tests.dll" adapterTypeName="executor://xunit/VsTestRunner2/netcoreapp" className="WoodenHousesAPI.Tests.Integration.SecurityTests" name="EveryResponse_HasRequiredSecurityHeader" />
    </UnitTest>
    <UnitTest name="WoodenHousesAPI.Tests.Integration.ContactsControllerTests.SubmitContact_MessageTooLong_Returns400" storage="/mnt/c/users/admin/wooden-houses-kenya/backend/woodenhousesapi.tests/bin/debug/net8.0/woodenhousesapi.tests.dll" id="277c93d5-702b-37a1-cc65-d467ea29729f">
      <Execution id="5305ebcc-cdc8-4583-bc9f-4f9e87a9a9c1" />
      <TestMethod codeBase="/mnt/c/Users/ADMIN/wooden-houses-kenya/backend/WoodenHousesAPI.Tests/bin/Debug/net8.0/WoodenHousesAPI.Tests.dll" adapterTypeName="executor://xunit/VsTestRunner2/netcoreapp" className="WoodenHousesAPI.Tests.Integration.ContactsControllerTests" name="SubmitContact_MessageTooLong_Returns400" />
    </UnitTest>
    <UnitTest name="WoodenHousesAPI.Tests.Integration.PublicEndpointsTests.GetServices_ReturnsPublishedServices" storage="/mnt/c/users/admin/wooden-houses-kenya/backend/woodenhousesapi.tests/bin/debug/net8.0/woodenhousesapi.tests.dll" id="16aa84bc-7303-05f4-c7eb-3ffa494c9292">
      <Execution id="ae312364-ffac-4797-9d3c-e46671bcfe3b" />
      <TestMethod codeBase="/mnt/c/Users/ADMIN/wooden-houses-kenya/backend/WoodenHousesAPI.Tests/bin/Debug/net8.0/WoodenHousesAPI.Tests.dll" adapterTypeName="executor://xunit/VsTestRunner2/netcoreapp" className="WoodenHousesAPI.Tests.Integration.PublicEndpointsTests" name="GetServices_ReturnsPublishedServices" />
    </UnitTest>
    <UnitTest name="WoodenHousesAPI.Tests.Unit.AuthServiceTests.Login_WithNonExistentEmail_ReturnsNull" storage="/mnt/c/users/admin/wooden-houses-kenya/backend/woodenhousesapi.tests/bin/debug/net8.0/woodenhousesapi.tests.dll" id="f967e081-83a4-4e9c-c448-35d999b97892">
      <Execution id="fd8be9db-6154-4b31-95a2-6e854b1cc5ea" />
      <TestMethod codeBase="/mnt/c/Users/ADMIN/wooden-houses-kenya/backend/WoodenHousesAPI.Tests/bin/Debug/net8.0/WoodenHousesAPI.Tests.dll" adapterTypeName="executor://xunit/VsTestRunner2/netcoreapp" className="WoodenHousesAPI.Tests.Unit.AuthServiceTests" name="Login_WithNonExistentEmail_ReturnsNull" />
    </UnitTest>
    <UnitTest name="WoodenHousesAPI.Tests.Integration.ContactsControllerTests.SubmitContact_ValidPayload_Returns200AndSavesToDb" storage="/mnt/c/users/admin/wooden-houses-kenya/backend/woodenhousesapi.tests/bin/debug/net8.0/woodenhousesapi.tests.dll" id="5e5baab9-9ae5-9bdb-534b-c065656f58af">
      <Execution id="6a168f9e-412c-4b73-9833-dee0a6059efe" />
      <TestMethod codeBase="/mnt/c/Users/ADMIN/wooden-houses-kenya/backend/WoodenHousesAPI.Tests/bin/Debug/net8.0/WoodenHousesAPI.Tests.dll" adapterTypeName="executor://xunit/VsTestRunner2/netcoreapp" className="WoodenHousesAPI.Tests.Integration.ContactsControllerTests" name="SubmitContact_ValidPayload_Returns200AndSavesToDb" />
    </UnitTest>
    <UnitTest name="WoodenHousesAPI.Tests.Integration.PublicEndpointsTests.Subscribe_NewEmail_Returns200" storage="/mnt/c/users/admin/wooden-houses-kenya/backend/woodenhousesapi.tests/bin/debug/net8.0/woodenhousesapi.tests.dll" id="b8ea6cb3-b632-f099-6f03-f582f65241da">
      <Execution id="f8c78425-0e21-4c01-8ff2-6a05662b476e" />
      <TestMethod codeBase="/mnt/c/Users/ADMIN/wooden-houses-kenya/backend/WoodenHousesAPI.Tests/bin/Debug/net8.0/WoodenHousesAPI.Tests.dll" adapterTypeName="executor://xunit/VsTestRunner2/netcoreapp" className="WoodenHousesAPI.Tests.Integration.PublicEndpointsTests" name="Subscribe_NewEmail_Returns200" />
    </UnitTest>
    <UnitTest name="WoodenHousesAPI.Tests.Integration.PublicEndpointsTests.HealthCheck_Returns200" storage="/mnt/c/users/admin/wooden-houses-kenya/backend/woodenhousesapi.tests/bin/debug/net8.0/woodenhousesapi.tests.dll" id="7e0ff517-805d-5678-a7f8-a8206ed426cc">
      <Execution id="3df410cd-7786-4cf8-8c4b-74d7ad83bc4b" />
      <TestMethod codeBase="/mnt/c/Users/ADMIN/wooden-houses-kenya/backend/WoodenHousesAPI.Tests/bin/Debug/net8.0/WoodenHousesAPI.Tests.dll" adapterTypeName="executor://xunit/VsTestRunner2/netcoreapp" className="WoodenHousesAPI.Tests.Integration.PublicEndpointsTests" name="HealthCheck_Returns200" />
    </UnitTest>
    <UnitTest name="WoodenHousesAPI.Tests.Unit.FileServiceTests.Upload_AllAllowedExtensions_Succeed(filename: &quot;image.jpg&quot;)" storage="/mnt/c/users/admin/wooden-houses-kenya/backend/woodenhousesapi.tests/bin/debug/net8.0/woodenhousesapi.tests.dll" id="08cc06fb-d023-7d80-ec9b-c4994b50906c">
      <Execution id="cfcf51cc-ffb0-4fc1-928d-c09834aef991" />
      <TestMethod codeBase="/mnt/c/Users/ADMIN/wooden-houses-kenya/backend/WoodenHousesAPI.Tests/bin/Debug/net8.0/WoodenHousesAPI.Tests.dll" adapterTypeName="executor://xunit/VsTestRunner2/netcoreapp" className="WoodenHousesAPI.Tests.Unit.FileServiceTests" name="Upload_AllAllowedExtensions_Succeed" />
    </UnitTest>
    <UnitTest name="WoodenHousesAPI.Tests.Integration.AuthControllerTests.Login_ValidCredentials_Returns200AndSetsAuthCookie" storage="/mnt/c/users/admin/wooden-houses-kenya/backend/woodenhousesapi.tests/bin/debug/net8.0/woodenhousesapi.tests.dll" id="b2d27145-e24c-6798-67ef-c88c641792b7">
      <Execution id="276abac4-127c-4b0a-bb59-e9b2e3c31766" />
      <TestMethod codeBase="/mnt/c/Users/ADMIN/wooden-houses-kenya/backend/WoodenHousesAPI.Tests/bin/Debug/net8.0/WoodenHousesAPI.Tests.dll" adapterTypeName="executor://xunit/VsTestRunner2/netcoreapp" className="WoodenHousesAPI.Tests.Integration.AuthControllerTests" name="Login_ValidCredentials_Returns200AndSetsAuthCookie" />
    </UnitTest>
    <UnitTest name="WoodenHousesAPI.Tests.Integration.SecurityTests.EveryResponse_HasRequiredSecurityHeader(header: &quot;X-Frame-Options&quot;, expectedValue: &quot;DENY&quot;)" storage="/mnt/c/users/admin/wooden-houses-kenya/backend/woodenhousesapi.tests/bin/debug/net8.0/woodenhousesapi.tests.dll" id="d1d3285e-8cbd-7dff-5dbe-f38616de116a">
      <Execution id="66d7edbc-53e8-4302-998c-31ad7aa04130" />
      <TestMethod codeBase="/mnt/c/Users/ADMIN/wooden-houses-kenya/backend/WoodenHousesAPI.Tests/bin/Debug/net8.0/WoodenHousesAPI.Tests.dll" adapterTypeName="executor://xunit/VsTestRunner2/netcoreapp" className="WoodenHousesAPI.Tests.Integration.SecurityTests" name="EveryResponse_HasRequiredSecurityHeader" />
    </UnitTest>
    <UnitTest name="WoodenHousesAPI.Tests.Unit.FileServiceTests.Delete_NonExistentFile_DoesNotThrow" storage="/mnt/c/users/admin/wooden-houses-kenya/backend/woodenhousesapi.tests/bin/debug/net8.0/woodenhousesapi.tests.dll" id="9c63e70b-2cd2-71cc-b02b-2ceb5e0ca5a6">
      <Execution id="a0935a3d-6cb4-47ab-aac6-6a8acce9e91c" />
      <TestMethod codeBase="/mnt/c/Users/ADMIN/wooden-houses-kenya/backend/WoodenHousesAPI.Tests/bin/Debug/net8.0/WoodenHousesAPI.Tests.dll" adapterTypeName="executor://xunit/VsTestRunner2/netcoreapp" className="WoodenHousesAPI.Tests.Unit.FileServiceTests" name="Delete_NonExistentFile_DoesNotThrow" />
    </UnitTest>
    <UnitTest name="WoodenHousesAPI.Tests.Integration.ContactsControllerTests.SubmitContact_NewsletterOptIn_AlsoCreatesSubscriber" storage="/mnt/c/users/admin/wooden-houses-kenya/backend/woodenhousesapi.tests/bin/debug/net8.0/woodenhousesapi.tests.dll" id="ca938910-4bd2-78a2-e76a-294316301487">
      <Execution id="f8efc106-c4a8-4ffe-b3e4-d519522ecfe5" />
      <TestMethod codeBase="/mnt/c/Users/ADMIN/wooden-houses-kenya/backend/WoodenHousesAPI.Tests/bin/Debug/net8.0/WoodenHousesAPI.Tests.dll" adapterTypeName="executor://xunit/VsTestRunner2/netcoreapp" className="WoodenHousesAPI.Tests.Integration.ContactsControllerTests" name="SubmitContact_NewsletterOptIn_AlsoCreatesSubscriber" />
    </UnitTest>
    <UnitTest name="WoodenHousesAPI.Tests.Integration.ContactsControllerTests.GetContactById_NonExistentId_Returns404" storage="/mnt/c/users/admin/wooden-houses-kenya/backend/woodenhousesapi.tests/bin/debug/net8.0/woodenhousesapi.tests.dll" id="1615d772-6979-f62c-6209-551559202035">
      <Execution id="21ff0897-8c16-44df-ba4a-615193169a5c" />
      <TestMethod codeBase="/mnt/c/Users/ADMIN/wooden-houses-kenya/backend/WoodenHousesAPI.Tests/bin/Debug/net8.0/WoodenHousesAPI.Tests.dll" adapterTypeName="executor://xunit/VsTestRunner2/netcoreapp" className="WoodenHousesAPI.Tests.Integration.ContactsControllerTests" name="GetContactById_NonExistentId_Returns404" />
    </UnitTest>
    <UnitTest name="WoodenHousesAPI.Tests.Unit.FileServiceTests.Upload_DisallowedExtension_Throws(filename: &quot;config.env&quot;)" storage="/mnt/c/users/admin/wooden-houses-kenya/backend/woodenhousesapi.tests/bin/debug/net8.0/woodenhousesapi.tests.dll" id="71c9ede7-390f-e406-ef68-0bba55eef17c">
      <Execution id="700a8cbb-792e-4f86-84d1-9e1e13182735" />
      <TestMethod codeBase="/mnt/c/Users/ADMIN/wooden-houses-kenya/backend/WoodenHousesAPI.Tests/bin/Debug/net8.0/WoodenHousesAPI.Tests.dll" adapterTypeName="executor://xunit/VsTestRunner2/netcoreapp" className="WoodenHousesAPI.Tests.Unit.FileServiceTests" name="Upload_DisallowedExtension_Throws" />
    </UnitTest>
    <UnitTest name="WoodenHousesAPI.Tests.Unit.FileServiceTests.Upload_CreatesFileOnDisk" storage="/mnt/c/users/admin/wooden-houses-kenya/backend/woodenhousesapi.tests/bin/debug/net8.0/woodenhousesapi.tests.dll" id="ca1805b5-37cc-1731-3237-f3be40dc8157">
      <Execution id="06de2bc4-eeec-4e41-a1ff-dd322c9a7fcf" />
      <TestMethod codeBase="/mnt/c/Users/ADMIN/wooden-houses-kenya/backend/WoodenHousesAPI.Tests/bin/Debug/net8.0/WoodenHousesAPI.Tests.dll" adapterTypeName="executor://xunit/VsTestRunner2/netcoreapp" className="WoodenHousesAPI.Tests.Unit.FileServiceTests" name="Upload_CreatesFileOnDisk" />
    </UnitTest>
    <UnitTest name="WoodenHousesAPI.Tests.Integration.PublicEndpointsTests.GetProjectBySlug_NonExistentSlug_Returns404" storage="/mnt/c/users/admin/wooden-houses-kenya/backend/woodenhousesapi.tests/bin/debug/net8.0/woodenhousesapi.tests.dll" id="ae24d217-2949-e327-aa32-2bd2cea09b7a">
      <Execution id="5a959484-9dba-4420-b167-56214f537aff" />
      <TestMethod codeBase="/mnt/c/Users/ADMIN/wooden-houses-kenya/backend/WoodenHousesAPI.Tests/bin/Debug/net8.0/WoodenHousesAPI.Tests.dll" adapterTypeName="executor://xunit/VsTestRunner2/netcoreapp" className="WoodenHousesAPI.Tests.Integration.PublicEndpointsTests" name="GetProjectBySlug_NonExistentSlug_Returns404" />
    </UnitTest>
    <UnitTest name="WoodenHousesAPI.Tests.Unit.FileServiceTests.Delete_ExistingFile_RemovesFromDisk" storage="/mnt/c/users/admin/wooden-houses-kenya/backend/woodenhousesapi.tests/bin/debug/net8.0/woodenhousesapi.tests.dll" id="eb8e63a1-e7c0-3f3f-2983-4df0a28929eb">
      <Execution id="e8c6abaf-0931-49ab-bb56-454b54f769e5" />
      <TestMethod codeBase="/mnt/c/Users/ADMIN/wooden-houses-kenya/backend/WoodenHousesAPI.Tests/bin/Debug/net8.0/WoodenHousesAPI.Tests.dll" adapterTypeName="executor://xunit/VsTestRunner2/netcoreapp" className="WoodenHousesAPI.Tests.Unit.FileServiceTests" name="Delete_ExistingFile_RemovesFromDisk" />
    </UnitTest>
    <UnitTest name="WoodenHousesAPI.Tests.Integration.ContactsControllerTests.GetContacts_Authenticated_ReturnsPagedList" storage="/mnt/c/users/admin/wooden-houses-kenya/backend/woodenhousesapi.tests/bin/debug/net8.0/woodenhousesapi.tests.dll" id="329b412c-5b7d-b06b-6aa2-d6fa2aabd734">
      <Execution id="bb71a72e-7689-4fb1-afe1-9db7463d292c" />
      <TestMethod codeBase="/mnt/c/Users/ADMIN/wooden-houses-kenya/backend/WoodenHousesAPI.Tests/bin/Debug/net8.0/WoodenHousesAPI.Tests.dll" adapterTypeName="executor://xunit/VsTestRunner2/netcoreapp" className="WoodenHousesAPI.Tests.Integration.ContactsControllerTests" name="GetContacts_Authenticated_ReturnsPagedList" />
    </UnitTest>
[...]
      <Execution id="bbbd4801-bd67-4008-b2e3-a3b836bc4637" />
      <TestMethod codeBase="/mnt/c/Users/ADMIN/wooden-houses-kenya/backend/WoodenHousesAPI.Tests/bin/Debug/net8.0/WoodenHousesAPI.Tests.dll" adapterTypeName="executor://xunit/VsTestRunner2/netcoreapp" className="WoodenHousesAPI.Tests.Integration.SecurityTests" name="EveryResponse_DoesNotLeakServerInfo" />
    </UnitTest>
    <UnitTest name="WoodenHousesAPI.Tests.Integration.AuthControllerTests.Login_WrongPassword_Returns401" storage="/mnt/c/users/admin/wooden-houses-kenya/backend/woodenhousesapi.tests/bin/debug/net8.0/woodenhousesapi.tests.dll" id="5623bdec-ee8b-a623-cb50-122bc72f4f18">
      <Execution id="21409a70-ea6a-4e03-b644-d2206c6f9873" />
      <TestMethod codeBase="/mnt/c/Users/ADMIN/wooden-houses-kenya/backend/WoodenHousesAPI.Tests/bin/Debug/net8.0/WoodenHousesAPI.Tests.dll" adapterTypeName="executor://xunit/VsTestRunner2/netcoreapp" className="WoodenHousesAPI.Tests.Integration.AuthControllerTests" name="Login_WrongPassword_Returns401" />
    </UnitTest>
    <UnitTest name="WoodenHousesAPI.Tests.Integration.PublicEndpointsTests.Subscribe_InvalidEmail_Returns400" storage="/mnt/c/users/admin/wooden-houses-kenya/backend/woodenhousesapi.tests/bin/debug/net8.0/woodenhousesapi.tests.dll" id="9d93271b-91e2-02e8-4b29-f4b20520494d">
      <Execution id="04ad2faa-3601-48d8-ae0b-cbe1112de919" />
      <TestMethod codeBase="/mnt/c/Users/ADMIN/wooden-houses-kenya/backend/WoodenHousesAPI.Tests/bin/Debug/net8.0/WoodenHousesAPI.Tests.dll" adapterTypeName="executor://xunit/VsTestRunner2/netcoreapp" className="WoodenHousesAPI.Tests.Integration.PublicEndpointsTests" name="Subscribe_InvalidEmail_Returns400" />
    </UnitTest>
    <UnitTest name="WoodenHousesAPI.Tests.Integration.ContactsControllerTests.GetContactById_ExistingContact_Returns200" storage="/mnt/c/users/admin/wooden-houses-kenya/backend/woodenhousesapi.tests/bin/debug/net8.0/woodenhousesapi.tests.dll" id="020ecd9b-a163-d81f-5325-4b610c3775cd">
      <Execution id="f80e6c91-8b7e-404e-8dea-4defa40de01e" />
      <TestMethod codeBase="/mnt/c/Users/ADMIN/wooden-houses-kenya/backend/WoodenHousesAPI.Tests/bin/Debug/net8.0/WoodenHousesAPI.Tests.dll" adapterTypeName="executor://xunit/VsTestRunner2/netcoreapp" className="WoodenHousesAPI.Tests.Integration.ContactsControllerTests" name="GetContactById_ExistingContact_Returns200" />
    </UnitTest>
    <UnitTest name="WoodenHousesAPI.Tests.Unit.FileServiceTests.Upload_FileTooLarge_Throws" storage="/mnt/c/users/admin/wooden-houses-kenya/backend/woodenhousesapi.tests/bin/debug/net8.0/woodenhousesapi.tests.dll" id="f118dcb1-96b9-6cba-08ae-ecb4edbe30f8">
      <Execution id="ba5ec8bc-308f-4e99-844d-680427405e30" />
      <TestMethod codeBase="/mnt/c/Users/ADMIN/wooden-houses-kenya/backend/WoodenHousesAPI.Tests/bin/Debug/net8.0/WoodenHousesAPI.Tests.dll" adapterTypeName="executor://xunit/VsTestRunner2/netcoreapp" className="WoodenHousesAPI.Tests.Unit.FileServiceTests" name="Upload_FileTooLarge_Throws" />
    </UnitTest>
    <UnitTest name="WoodenHousesAPI.Tests.Integration.QuotesControllerTests.SendQuote_ChangesStatusToSent" storage="/mnt/c/users/admin/wooden-houses-kenya/backend/woodenhousesapi.tests/bin/debug/net8.0/woodenhousesapi.tests.dll" id="95d425c5-6735-3199-4502-14fb7be03fc2">
      <Execution id="1f13b694-52f5-4a31-8bd9-d6f4806ae123" />
      <TestMethod codeBase="/mnt/c/Users/ADMIN/wooden-houses-kenya/backend/WoodenHousesAPI.Tests/bin/Debug/net8.0/WoodenHousesAPI.Tests.dll" adapterTypeName="executor://xunit/VsTestRunner2/netcoreapp" className="WoodenHousesAPI.Tests.Integration.QuotesControllerTests" name="SendQuote_ChangesStatusToSent" />
    </UnitTest>
    <UnitTest name="WoodenHousesAPI.Tests.Integration.PublicEndpointsTests.Unsubscribe_ExistingSubscriber_Returns200" storage="/mnt/c/users/admin/wooden-houses-kenya/backend/woodenhousesapi.tests/bin/debug/net8.0/woodenhousesapi.tests.dll" id="a22f38aa-8367-a09f-cc0f-d3b8ecb32fee">
      <Execution id="1c7f3719-1130-4598-9b1d-12dc89c04fb6" />
      <TestMethod codeBase="/mnt/c/Users/ADMIN/wooden-houses-kenya/backend/WoodenHousesAPI.Tests/bin/Debug/net8.0/WoodenHousesAPI.Tests.dll" adapterTypeName="executor://xunit/VsTestRunner2/netcoreapp" className="WoodenHousesAPI.Tests.Integration.PublicEndpointsTests" name="Unsubscribe_ExistingSubscriber_Returns200" />
    </UnitTest>
  </TestDefinitions>
  <TestEntries>
    <TestEntry testId="1bd7f63b-45a1-7bd4-c7c1-0e77b7be8264" executionId="cf3f1f30-f6e4-41a9-bc4e-9be9308aa883" testListId="8c84fa94-04c1-424b-9868-57a2d4851a1d" />
    <TestEntry testId="eb8e63a1-e7c0-3f3f-2983-4df0a28929eb" executionId="e8c6abaf-0931-49ab-bb56-454b54f769e5" testListId="8c84fa94-04c1-424b-9868-57a2d4851a1d" />
    <TestEntry testId="b2d27145-e24c-6798-67ef-c88c641792b7" executionId="276abac4-127c-4b0a-bb59-e9b2e3c31766" testListId="8c84fa94-04c1-424b-9868-57a2d4851a1d" />
    <TestEntry testId="1e248c0d-ee55-ae39-7e4e-a6f7423b232a" executionId="252bc06e-8467-4397-876c-cddb7dd7892c" testListId="8c84fa94-04c1-424b-9868-57a2d4851a1d" />
    <TestEntry testId="4bd4228d-0c47-d28f-5222-594302007aa9" executionId="65564777-6d42-4164-8322-6af895e467d3" testListId="8c84fa94-04c1-424b-9868-57a2d4851a1d" />
    <TestEntry testId="9f095217-3c76-0521-19df-0ac5f105dd2f" executionId="49cba872-110b-457b-8f87-9980f1b67bea" testListId="8c84fa94-04c1-424b-9868-57a2d4851a1d" />
    <TestEntry testId="a625f868-de46-9853-7b6c-c01f4aa7a459" executionId="15036331-ed25-4c25-a364-99a45605c449" testListId="8c84fa94-04c1-424b-9868-57a2d4851a1d" />
    <TestEntry testId="5769aa6a-fe89-f6ae-a6d7-1ed8f51d9151" executionId="5d80f444-8fe7-4abd-a6eb-ead1aa36d57c" testListId="8c84fa94-04c1-424b-9868-57a2d4851a1d" />
    <TestEntry testId="306f9419-1a62-6508-feab-2545c3425b84" executionId="94ef7490-2203-498d-a688-12a152835638" testListId="8c84fa94-04c1-424b-9868-57a2d4851a1d" />
    <TestEntry testId="ae24d217-2949-e327-aa32-2bd2cea09b7a" executionId="5a959484-9dba-4420-b167-56214f537aff" testListId="8c84fa94-04c1-424b-9868-57a2d4851a1d" />
    <TestEntry testId="98b21c66-d39b-cec4-657c-5609e509d675" executionId="234959dc-11e4-45ec-a6cb-fb46842d53bc" testListId="8c84fa94-04c1-424b-9868-57a2d4851a1d" />
    <TestEntry testId="0bfd1e1a-3ca2-ee71-db65-1385306e55c1" executionId="a67eba5a-b4fc-443e-a794-539923101efe" testListId="8c84fa94-04c1-424b-9868-57a2d4851a1d" />
    <TestEntry testId="ca1805b5-37cc-1731-3237-f3be40dc8157" executionId="06de2bc4-eeec-4e41-a1ff-dd322c9a7fcf" testListId="8c84fa94-04c1-424b-9868-57a2d4851a1d" />
    <TestEntry testId="08855bc1-f69b-1d31-0a4b-315beddd8146" executionId="b392d278-c338-4b35-9b8e-fe3e461bc46c" testListId="8c84fa94-04c1-424b-9868-57a2d4851a1d" />
    <TestEntry testId="46a6bde7-2580-a3db-de74-cb7adf51ada0" executionId="3d30991a-049b-4e83-9650-3f7881dd1c66" testListId="8c84fa94-04c1-424b-9868-57a2d4851a1d" />
    <TestEntry testId="273db48f-d53b-37d1-aa69-219e78422105" executionId="37e2dc13-cb81-4022-a7fe-f4fec54ccc49" testListId="8c84fa94-04c1-424b-9868-57a2d4851a1d" />
    <TestEntry testId="cf6dc5c7-3f45-e8df-1766-2f01dda6b5b7" executionId="e5317788-d98a-428e-a0f4-48bf36ddcc70" testListId="8c84fa94-04c1-424b-9868-57a2d4851a1d" />
    <TestEntry testId="71c9ede7-390f-e406-ef68-0bba55eef17c" executionId="700a8cbb-792e-4f86-84d1-9e1e13182735" testListId="8c84fa94-04c1-424b-9868-57a2d4851a1d" />
    <TestEntry testId="f66e4e4a-74a2-0a40-9a41-7cf696e8ab01" executionId="313b42cf-6697-4c1d-a733-69e86b15d20e" testListId="8c84fa94-04c1-424b-9868-57a2d4851a1d" />
    <TestEntry testId="329b412c-5b7d-b06b-6aa2-d6fa2aabd734" executionId="bb71a72e-7689-4fb1-afe1-9db7463d292c" testListId="8c84fa94-04c1-424b-9868-57a2d4851a1d" />
    <TestEntry testId="9d93271b-91e2-02e8-4b29-f4b20520494d" executionId="04ad2faa-3601-48d8-ae0b-cbe1112de919" testListId="8c84fa94-04c1-424b-9868-57a2d4851a1d" />
    <TestEntry testId="9c0bc727-ad16-04fe-cd1a-5f95230d8223" executionId="14c6a549-1e14-4c00-9344-373c3bd6d120" testListId="8c84fa94-04c1-424b-9868-57a2d4851a1d" />
    <TestEntry testId="08cc06fb-d023-7d80-ec9b-c4994b50906c" executionId="cfcf51cc-ffb0-4fc1-928d-c09834aef991" testListId="8c84fa94-04c1-424b-9868-57a2d4851a1d" />
    <TestEntry testId="9c63e70b-2cd2-71cc-b02b-2ceb5e0ca5a6" executionId="a0935a3d-6cb4-47ab-aac6-6a8acce9e91c" testListId="8c84fa94-04c1-424b-9868-57a2d4851a1d" />
    <TestEntry testId="5623bdec-ee8b-a623-cb50-122bc72f4f18" executionId="21409a70-ea6a-4e03-b644-d2206c6f9873" testListId="8c84fa94-04c1-424b-9868-57a2d4851a1d" />
    <TestEntry testId="d1d3285e-8cbd-7dff-5dbe-f38616de116a" executionId="66d7edbc-53e8-4302-998c-31ad7aa04130" testListId="8c84fa94-04c1-424b-9868-57a2d4851a1d" />
    <TestEntry testId="bc278dc9-a6c1-7b99-694e-80c99445a1d4" executionId="935638b9-52b3-4428-90d6-de7564d9c942" testListId="8c84fa94-04c1-424b-9868-57a2d4851a1d" />
    <TestEntry testId="a22f38aa-8367-a09f-cc0f-d3b8ecb32fee" executionId="1c7f3719-1130-4598-9b1d-12dc89c04fb6" testListId="8c84fa94-04c1-424b-9868-57a2d4851a1d" />
    <TestEntry testId="aad2b201-1a5b-df30-b58b-b4b88724e215" executionId="a920f820-dcc9-489d-a77a-49a6f7da5d66" testListId="8c84fa94-04c1-424b-9868-57a2d4851a1d" />
    <TestEntry testId="bfbd39ad-0721-7631-39cd-7bd8a7548d00" executionId="0b9683ca-da65-4ad3-84e8-c1ea634ff5cb" testListId="8c84fa94-04c1-424b-9868-57a2d4851a1d" />
    <TestEntry testId="2a0ce76c-7531-ab2e-23b2-7532a9659548" executionId="01a8ee50-bfb6-4a8c-9673-8c36fd8ac756" testListId="8c84fa94-04c1-424b-9868-57a2d4851a1d" />
    <TestEntry testId="7bc01e6c-a122-0fab-bc67-d3bcbbd08f7c" executionId="0b1ee4e6-2099-412f-9726-0d30c9e9f494" testListId="8c84fa94-04c1-424b-9868-57a2d4851a1d" />
    <TestEntry testId="e5a4f51e-e4ba-c905-45c0-f860b6ad0e0d" executionId="66afdab3-306f-4d0b-ac50-21019745e27e" testListId="8c84fa94-04c1-424b-9868-57a2d4851a1d" />
    <TestEntry testId="38fe20e1-f1d9-b04b-489a-0d9379609a87" executionId="5f33ea9d-7240-4797-a3d6-a65af0855758" testListId="8c84fa94-04c1-424b-9868-57a2d4851a1d" />
    <TestEntry testId="2e9f50b9-f608-79fb-ba8c-931b68075c75" executionId="c5d14712-b92f-46da-b842-c014986d5bd8" testListId="8c84fa94-04c1-424b-9868-57a2d4851a1d" />
    <TestEntry testId="277c93d5-702b-37a1-cc65-d467ea29729f" executionId="5305ebcc-cdc8-4583-bc9f-4f9e87a9a9c1" testListId="8c84fa94-04c1-424b-9868-57a2d4851a1d" />
    <TestEntry testId="5e5baab9-9ae5-9bdb-534b-c065656f58af" executionId="6a168f9e-412c-4b73-9833-dee0a6059efe" testListId="8c84fa94-04c1-424b-9868-57a2d4851a1d" />
    <TestEntry testId="353e17c6-d643-64a0-c68c-b3bb1265df97" executionId="0053c7ff-b5f1-4979-851d-c0336e8b586e" testListId="8c84fa94-04c1-424b-9868-57a2d4851a1d" />
    <TestEntry testId="d322d014-662b-95dd-770e-4328ad6d2f1a" executionId="0b0ea4ab-d0a6-4301-862d-ad4080afc884" testListId="8c84fa94-04c1-424b-9868-57a2d4851a1d" />
    <TestEntry testId="b8ea6cb3-b632-f099-6f03-f582f65241da" executionId="f8c78425-0e21-4c01-8ff2-6a05662b476e" testListId="8c84fa94-04c1-424b-9868-57a2d4851a1d" />
    <TestEntry testId="e746bf44-f03f-7be1-86b3-c62835181bc8" executionId="fd590e7c-a0f2-423f-98f8-6edb93b6f5ad" testListId="8c84fa94-04c1-424b-9868-57a2d4851a1d" />
    <TestEntry testId="f1c83168-62b9-ae7c-602f-57f6bb98afb5" executionId="99dd1458-41e1-47c7-b80f-fa7238b125de" testListId="8c84fa94-04c1-424b-9868-57a2d4851a1d" />
    <TestEntry testId="dfbe0067-6a58-c11c-ad4b-9c3b8a49b0b6" executionId="20b82cc5-278b-4f43-afa2-979558279d90" testListId="8c84fa94-04c1-424b-9868-57a2d4851a1d" />
    <TestEntry testId="0d325393-ed3a-b647-0c89-c534e7fc2dfe" executionId="e6b9b0ff-da02-4292-973f-277310ac6e1f" testListId="8c84fa94-04c1-424b-9868-57a2d4851a1d" />
    <TestEntry testId="e5d4afd8-63f0-871e-d602-2d89babc1fcf" executionId="b4aa0d15-78a3-4fe7-96cf-3d40edd813bc" testListId="8c84fa94-04c1-424b-9868-57a2d4851a1d" />
    <TestEntry testId="3ca4bc64-511e-c71b-aae2-3a4e3a3265f9" executionId="f6590cf4-31ea-49da-b08d-3ca33cb2aae8" testListId="8c84fa94-04c1-424b-9868-57a2d4851a1d" />
    <TestEntry testId="b385caad-d0c7-b7ab-43c4-341b8b5f9842" executionId="4fc3583a-06ea-4062-ac58-0f39f5025e44" testListId="8c84fa94-04c1-424b-9868-57a2d4851a1d" />
    <TestEntry testId="9a7e5a17-7e61-ca7a-9f37-9bf9770323d2" executionId="0e047fc6-042e-4ea5-942a-6729939d92fd" testListId="8c84fa94-04c1-424b-9868-57a2d4851a1d" />
    <TestEntry testId="55c3c840-c0a6-9c1b-6ec4-4cf58380612b" executionId="a75e759a-ad4d-4102-94d4-a57364e0f2e4" testListId="8c84fa94-04c1-424b-9868-57a2d4851a1d" />
    <TestEntry testId="4ba0a067-eccd-5094-1924-ee6d0d1b1185" executionId="bbbd4801-bd67-4008-b2e3-a3b836bc4637" testListId="8c84fa94-04c1-424b-9868-57a2d4851a1d" />
    <TestEntry testId="c8c1d9a9-3c8f-37e6-eed0-4a3eedf6b51d" executionId="97a47f8b-a5e7-4d8d-aac5-259b4921082d" testListId="8c84fa94-04c1-424b-9868-57a2d4851a1d" />
    <TestEntry testId="0ece3a07-7d5e-02f6-2f63-6d7995dc7e4a" executionId="52f96f87-abc5-443f-b885-978fd8e578dc" testListId="8c84fa94-04c1-424b-9868-57a2d4851a1d" />
    <TestEntry testId="234a4865-a890-ffe5-3177-cb831de1d315" executionId="9f4b5cc9-0bcf-43e3-906e-292a112a28ea" testListId="8c84fa94-04c1-424b-9868-57a2d4851a1d" />
    <TestEntry testId="3f9a9625-9ee3-2273-af7e-6e6f2e46da17" executionId="79f4cdea-5738-4e52-b3e0-861fe26c3220" testListId="8c84fa94-04c1-424b-9868-57a2d4851a1d" />
    <TestEntry testId="7e0ff517-805d-5678-a7f8-a8206ed426cc" executionId="3df410cd-7786-4cf8-8c4b-74d7ad83bc4b" testListId="8c84fa94-04c1-424b-9868-57a2d4851a1d" />
    <TestEntry testId="028c0118-f9d1-a5fe-8f74-037b33fbaf23" executionId="d75d2c7e-1d5e-4bb3-9f0d-0c2be4d2f8fd" testListId="8c84fa94-04c1-424b-9868-57a2d4851a1d" />
    <TestEntry testId="c27abb53-9bed-9b3a-ba80-07f76dbbdd8e" executionId="04aab868-3e95-4251-a4a0-72b7f75592e4" testListId="8c84fa94-04c1-424b-9868-57a2d4851a1d" />
    <TestEntry testId="f967e081-83a4-4e9c-c448-35d999b97892" executionId="fd8be9db-6154-4b31-95a2-6e854b1cc5ea" testListId="8c84fa94-04c1-424b-9868-57a2d4851a1d" />
    <TestEntry testId="16aa84bc-7303-05f4-c7eb-3ffa494c9292" executionId="ae312364-ffac-4797-9d3c-e46671bcfe3b" testListId="8c84fa94-04c1-424b-9868-57a2d4851a1d" />
    <TestEntry testId="8175f086-32ca-935f-3add-b73f874acb77" executionId="ee329736-c79c-4401-88d2-12f2805bce0a" testListId="8c84fa94-04c1-424b-9868-57a2d4851a1d" />
    <TestEntry testId="abecd66e-88e7-fbed-0117-528578b0b013" executionId="e190cacc-156b-4875-b462-3035ad0c0474" testListId="8c84fa94-04c1-424b-9868-57a2d4851a1d" />
    <TestEntry testId="020ecd9b-a163-d81f-5325-4b610c3775cd" executionId="f80e6c91-8b7e-404e-8dea-4defa40de01e" testListId="8c84fa94-04c1-424b-9868-57a2d4851a1d" />
    <TestEntry testId="1615d772-6979-f62c-6209-551559202035" executionId="21ff0897-8c16-44df-ba4a-615193169a5c" testListId="8c84fa94-04c1-424b-9868-57a2d4851a1d" />
    <TestEntry testId="2d05f677-c0ff-662d-f6ef-cfb3f6dfed84" executionId="b3447b88-16bb-4571-a5a7-3f1c96884e05" testListId="8c84fa94-04c1-424b-9868-57a2d4851a1d" />
    <TestEntry testId="01d85432-1c1f-2585-4b74-80e5af352315" executionId="9426de70-0038-4b54-852a-788f3771ed4a" testListId="8c84fa94-04c1-424b-9868-57a2d4851a1d" />
    <TestEntry testId="ca938910-4bd2-78a2-e76a-294316301487" executionId="f8efc106-c4a8-4ffe-b3e4-d519522ecfe5" testListId="8c84fa94-04c1-424b-9868-57a2d4851a1d" />
    <TestEntry testId="73743d59-95bd-19fb-1580-f5d01abb6803" executionId="175be780-2321-4ec3-8fee-ff69e17c5bcb" testListId="8c84fa94-04c1-424b-9868-57a2d4851a1d" />
    <TestEntry testId="58e22484-e5eb-a30a-46ef-d819ec9a6e0f" executionId="000704e5-acd8-4f9b-b7ba-1a62b7f740c6" testListId="8c84fa94-04c1-424b-9868-57a2d4851a1d" />
    <TestEntry testId="f7937d7c-755f-0da3-ddfe-77d38f6b252c" executionId="97a2cfec-77f2-4109-94ae-6978d22d3c4a" testListId="8c84fa94-04c1-424b-9868-57a2d4851a1d" />
    <TestEntry testId="56a5b9cc-5e7e-a9e6-f597-bc391125f7c4" executionId="6bb415fd-973a-4035-b918-f4e107a73006" testListId="8c84fa94-04c1-424b-9868-57a2d4851a1d" />
    <TestEntry testId="02b4a2a0-2c58-50f1-3fa6-ecb780f5c28c" executionId="c4794258-5bf2-40bc-aa6b-759c0a3e6967" testListId="8c84fa94-04c1-424b-9868-57a2d4851a1d" />
    <TestEntry testId="24684fb2-9566-efcd-f805-d54b061a33a0" executionId="cc5cd5d3-792b-46f6-96b6-7ca30fed93a6" testListId="8c84fa94-04c1-424b-9868-57a2d4851a1d" />
    <TestEntry testId="f118dcb1-96b9-6cba-08ae-ecb4edbe30f8" executionId="ba5ec8bc-308f-4e99-844d-680427405e30" testListId="8c84fa94-04c1-424b-9868-57a2d4851a1d" />
    <TestEntry testId="53c3cc59-06ee-1511-66dd-52fc2269736f" executionId="00643c72-1e2e-49a2-b021-516ed181cc75" testListId="8c84fa94-04c1-424b-9868-57a2d4851a1d" />
    <TestEntry testId="ed7ab9d8-1cec-d312-5c34-9c50a01717d5" executionId="9f51ae3f-c754-443e-bd78-fcf7da53fab3" testListId="8c84fa94-04c1-424b-9868-57a2d4851a1d" />
    <TestEntry testId="115f3691-0b76-7d84-86ba-690a197f556d" executionId="62b43a0e-0f44-45e6-852c-bb03aa1206f0" testListId="8c84fa94-04c1-424b-9868-57a2d4851a1d" />
    <TestEntry testId="95d425c5-6735-3199-4502-14fb7be03fc2" executionId="1f13b694-52f5-4a31-8bd9-d6f4806ae123" testListId="8c84fa94-04c1-424b-9868-57a2d4851a1d" />
    <TestEntry testId="4862de2b-093c-b5a9-2716-6b8cff78a29a" executionId="934bab62-8634-4b53-9778-35ecd9727097" testListId="8c84fa94-04c1-424b-9868-57a2d4851a1d" />
  </TestEntries>
  <TestLists>
    <TestList name="Results Not in a List" id="8c84fa94-04c1-424b-9868-57a2d4851a1d" />
    <TestList name="All Loaded Results" id="19431567-8539-422a-85d7-44ee4e166bda" />
  </TestLists>
  <ResultSummary outcome="Failed">
    <Counters total="78" executed="78" passed="77" failed="1" error="0" timeout="0" aborted="0" inconclusive="0" passedButRunAborted="0" notRunnable="0" notExecuted="0" disconnected="0" warning="0" completed="0" inProgress="0" pending="0" />
    <Output>
      <StdOut>[xUnit.net 00:00:00.01] xUnit.net VSTest Adapter v2.8.2+699d445a1a (64-bit .NET 8.0.25)
[xUnit.net 00:00:00.39]   Discovering: WoodenHousesAPI.Tests
[xUnit.net 00:00:00.52]   Discovered:  WoodenHousesAPI.Tests
[xUnit.net 00:00:00.53]   Starting:    WoodenHousesAPI.Tests
[xUnit.net 00:00:19.88]       Expected response.StatusCode to be HttpStatusCode.OK {value: 200}, but found HttpStatusCode.NotFound {value: 404}.
[xUnit.net 00:00:19.88]       Stack Trace:
[xUnit.net 00:00:19.88]            at FluentAssertions.Execution.XUnit2TestFramework.Throw(String message)
[xUnit.net 00:00:19.88]            at FluentAssertions.Execution.TestFrameworkProvider.Throw(String message)
[xUnit.net 00:00:19.88]            at FluentAssertions.Execution.DefaultAssertionStrategy.HandleFailure(String message)
[xUnit.net 00:00:19.88]            at FluentAssertions.Execution.AssertionScope.FailWith(Func`1 failReasonFunc)
[xUnit.net 00:00:19.88]            at FluentAssertions.Execution.AssertionScope.FailWith(Func`1 failReasonFunc)
[xUnit.net 00:00:19.88]            at FluentAssertions.Execution.AssertionScope.FailWith(String message, Object[] args)
[xUnit.net 00:00:19.88]            at FluentAssertions.Primitives.EnumAssertions`2.Be(TEnum expected, String because, Object[] becauseArgs)
[xUnit.net 00:00:19.88]         /mnt/c/Users/ADMIN/wooden-houses-kenya/backend/WoodenHousesAPI.Tests/Integration/PublicEndpointsTests.cs(59,0): at WoodenHousesAPI.Tests.Integration.PublicEndpointsTests.GetProjectBySlug_ExistingSlug_Returns200()
[xUnit.net 00:00:19.88]         --- End of stack trace from previous location ---
[xUnit.net 00:00:21.70]   Finished:    WoodenHousesAPI.Tests
</StdOut>
    </Output>
    <RunInfos>
      <RunInfo computerName="MANLIKEGANGA" outcome="Error" timestamp="2026-04-16T17:51:51.8132168+03:00">
        <Text>[xUnit.net 00:00:19.88]     WoodenHousesAPI.Tests.Integration.PublicEndpointsTests.GetProjectBySlug_ExistingSlug_Returns200 [FAIL]</Text>
      </RunInfo>
    </RunInfos>
  </ResultSummary>
</TestRun>